2025-02-12 19:45:57,541 - INFO - Initializing StockTradingEnv
2025-02-12 19:45:57,541 - INFO - Starting data preprocessing with 1648 rows
2025-02-12 19:45:57,554 - INFO - Numeric conversion completed for columns: ['Open', 'High', 'Low', 'Ltp', 'Qty', 'Turnover', '% Change']
2025-02-12 19:45:57,555 - INFO - Converting dates and sorting data
2025-02-12 19:45:57,561 - INFO - Initializing market regime detector
2025-02-12 19:45:57,562 - INFO - Initializing MarketRegimeDetector with 2 states
2025-02-12 19:45:57,562 - INFO - Computing technical indicators
2025-02-12 19:45:57,597 - INFO - Technical indicators computed in 0.034 seconds
2025-02-12 19:45:57,598 - INFO - Fitting market regimes
2025-02-12 19:45:57,599 - INFO - Starting HMM model fitting
2025-02-12 19:45:57,795 - INFO - HMM fitting completed in 0.197 seconds
2025-02-12 19:45:57,797 - INFO - Model score: -3583.317
2025-02-12 19:45:57,797 - INFO - Regime 0: 1026 samples (62.26%)
2025-02-12 19:45:57,797 - INFO - Regime 1: 622 samples (37.74%)
2025-02-12 19:45:57,798 - INFO - Market regimes fitted in 0.199 seconds
2025-02-12 19:45:57,799 - INFO - Environment initialization completed in 0.258 seconds
2025-02-12 19:45:57,799 - INFO - Data shape: (1648, 22), Date range: 2014-10-14 to 2022-07-07
2025-02-12 19:45:57,799 - INFO - Initializing StockTradingEnv
2025-02-12 19:45:57,800 - INFO - Starting data preprocessing with 413 rows
2025-02-12 19:45:57,808 - INFO - Numeric conversion completed for columns: ['Open', 'High', 'Low', 'Ltp', 'Qty', 'Turnover', '% Change']
2025-02-12 19:45:57,809 - INFO - Converting dates and sorting data
2025-02-12 19:45:57,811 - INFO - Initializing market regime detector
2025-02-12 19:45:57,811 - INFO - Initializing MarketRegimeDetector with 2 states
2025-02-12 19:45:57,812 - INFO - Computing technical indicators
2025-02-12 19:45:57,828 - INFO - Technical indicators computed in 0.016 seconds
2025-02-12 19:45:57,828 - INFO - Fitting market regimes
2025-02-12 19:45:57,828 - INFO - Starting HMM model fitting
2025-02-12 19:45:57,910 - INFO - HMM fitting completed in 0.082 seconds
2025-02-12 19:45:57,912 - INFO - Model score: -959.214
2025-02-12 19:45:57,912 - INFO - Regime 0: 273 samples (66.10%)
2025-02-12 19:45:57,912 - INFO - Regime 1: 140 samples (33.90%)
2025-02-12 19:45:57,913 - INFO - Market regimes fitted in 0.085 seconds
2025-02-12 19:45:57,913 - INFO - Environment initialization completed in 0.114 seconds
2025-02-12 19:45:57,914 - INFO - Data shape: (413, 22), Date range: 2022-07-08 to 2024-04-18
