2025-03-11 19:12:42,574 - INFO - Initializing StockTradingEnv
2025-03-11 19:12:42,575 - INFO - Starting data preprocessing with 1648 rows
2025-03-11 19:12:42,584 - INFO - Numeric conversion completed for columns: ['Open', 'High', 'Low', 'Ltp', 'Qty', 'Turnover', '% Change']
2025-03-11 19:12:42,584 - INFO - Converting dates and sorting data
2025-03-11 19:12:42,590 - INFO - Initializing market regime detector
2025-03-11 19:12:42,591 - INFO - Initializing MarketRegimeDetector with 2 states
2025-03-11 19:12:42,591 - INFO - Computing technical indicators
2025-03-11 19:12:42,614 - INFO - Technical indicators computed in 0.024 seconds
2025-03-11 19:12:42,614 - INFO - Fitting market regimes
2025-03-11 19:12:42,614 - INFO - Starting HMM model fitting
2025-03-11 19:12:42,682 - INFO - HMM fitting completed in 0.068 seconds
2025-03-11 19:12:42,683 - INFO - Model score: -3583.317
2025-03-11 19:12:42,683 - INFO - Regime 0: 1026 samples (62.26%)
2025-03-11 19:12:42,683 - INFO - Regime 1: 622 samples (37.74%)
2025-03-11 19:12:42,683 - INFO - Market regimes fitted in 0.069 seconds
2025-03-11 19:12:42,684 - INFO - Environment initialization completed in 0.109 seconds
2025-03-11 19:12:42,684 - INFO - Data shape: (1648, 22), Date range: 2014-10-14 to 2022-07-07
2025-03-11 19:12:43,710 - INFO - Initializing StockTradingEnv
2025-03-11 19:12:43,710 - INFO - Starting data preprocessing with 1648 rows
2025-03-11 19:12:43,711 - INFO - Numeric conversion completed for columns: ['Open', 'High', 'Low', 'Ltp', 'Qty', 'Turnover', '% Change']
2025-03-11 19:12:43,711 - INFO - Converting dates and sorting data
2025-03-11 19:12:43,715 - INFO - Initializing market regime detector
2025-03-11 19:12:43,715 - INFO - Initializing MarketRegimeDetector with 2 states
2025-03-11 19:12:43,715 - INFO - Computing technical indicators
2025-03-11 19:12:43,735 - INFO - Technical indicators computed in 0.020 seconds
2025-03-11 19:12:43,735 - INFO - Fitting market regimes
2025-03-11 19:12:43,735 - INFO - Starting HMM model fitting
2025-03-11 19:12:43,799 - INFO - HMM fitting completed in 0.064 seconds
2025-03-11 19:12:43,800 - INFO - Model score: -3582.130
2025-03-11 19:12:43,800 - INFO - Regime 0: 622 samples (37.74%)
2025-03-11 19:12:43,800 - INFO - Regime 1: 1026 samples (62.26%)
2025-03-11 19:12:43,800 - INFO - Market regimes fitted in 0.065 seconds
2025-03-11 19:12:43,800 - INFO - Environment initialization completed in 0.090 seconds
2025-03-11 19:12:43,800 - INFO - Data shape: (1648, 22), Date range: 2014-10-14 to 2022-07-07
2025-03-11 19:12:43,801 - INFO - Initializing StockTradingEnv
2025-03-11 19:12:43,801 - INFO - Starting data preprocessing with 1648 rows
2025-03-11 19:12:43,802 - INFO - Numeric conversion completed for columns: ['Open', 'High', 'Low', 'Ltp', 'Qty', 'Turnover', '% Change']
2025-03-11 19:12:43,802 - INFO - Converting dates and sorting data
2025-03-11 19:12:43,803 - INFO - Initializing market regime detector
2025-03-11 19:12:43,803 - INFO - Initializing MarketRegimeDetector with 2 states
2025-03-11 19:12:43,803 - INFO - Computing technical indicators
2025-03-11 19:12:43,826 - INFO - Technical indicators computed in 0.023 seconds
2025-03-11 19:12:43,826 - INFO - Fitting market regimes
2025-03-11 19:12:43,826 - INFO - Starting HMM model fitting
2025-03-11 19:12:43,887 - INFO - HMM fitting completed in 0.060 seconds
2025-03-11 19:12:43,887 - INFO - Model score: -3582.130
2025-03-11 19:12:43,887 - INFO - Regime 0: 622 samples (37.74%)
2025-03-11 19:12:43,887 - INFO - Regime 1: 1026 samples (62.26%)
2025-03-11 19:12:43,888 - INFO - Market regimes fitted in 0.061 seconds
2025-03-11 19:12:43,888 - INFO - Environment initialization completed in 0.087 seconds
2025-03-11 19:12:43,888 - INFO - Data shape: (1648, 22), Date range: 2014-10-14 to 2022-07-07
2025-03-11 19:12:43,889 - INFO - Initializing StockTradingEnv
2025-03-11 19:12:43,889 - INFO - Starting data preprocessing with 1648 rows
2025-03-11 19:12:43,890 - INFO - Numeric conversion completed for columns: ['Open', 'High', 'Low', 'Ltp', 'Qty', 'Turnover', '% Change']
2025-03-11 19:12:43,890 - INFO - Converting dates and sorting data
2025-03-11 19:12:43,892 - INFO - Initializing market regime detector
2025-03-11 19:12:43,892 - INFO - Initializing MarketRegimeDetector with 2 states
2025-03-11 19:12:43,892 - INFO - Computing technical indicators
2025-03-11 19:12:43,917 - INFO - Technical indicators computed in 0.024 seconds
2025-03-11 19:12:43,917 - INFO - Fitting market regimes
2025-03-11 19:12:43,917 - INFO - Starting HMM model fitting
2025-03-11 19:12:43,977 - INFO - HMM fitting completed in 0.060 seconds
2025-03-11 19:12:43,978 - INFO - Model score: -3582.130
2025-03-11 19:12:43,978 - INFO - Regime 0: 622 samples (37.74%)
2025-03-11 19:12:43,978 - INFO - Regime 1: 1026 samples (62.26%)
2025-03-11 19:12:43,978 - INFO - Market regimes fitted in 0.062 seconds
2025-03-11 19:12:43,979 - INFO - Environment initialization completed in 0.090 seconds
2025-03-11 19:12:43,979 - INFO - Data shape: (1648, 22), Date range: 2014-10-14 to 2022-07-07
2025-03-11 19:12:43,980 - INFO - Initializing StockTradingEnv
2025-03-11 19:12:43,980 - INFO - Starting data preprocessing with 1648 rows
2025-03-11 19:12:43,981 - INFO - Numeric conversion completed for columns: ['Open', 'High', 'Low', 'Ltp', 'Qty', 'Turnover', '% Change']
2025-03-11 19:12:43,981 - INFO - Converting dates and sorting data
2025-03-11 19:12:43,982 - INFO - Initializing market regime detector
2025-03-11 19:12:43,982 - INFO - Initializing MarketRegimeDetector with 2 states
2025-03-11 19:12:43,982 - INFO - Computing technical indicators
2025-03-11 19:12:44,002 - INFO - Technical indicators computed in 0.020 seconds
2025-03-11 19:12:44,003 - INFO - Fitting market regimes
2025-03-11 19:12:44,003 - INFO - Starting HMM model fitting
2025-03-11 19:12:44,062 - INFO - HMM fitting completed in 0.059 seconds
2025-03-11 19:12:44,062 - INFO - Model score: -3582.130
2025-03-11 19:12:44,062 - INFO - Regime 0: 622 samples (37.74%)
2025-03-11 19:12:44,062 - INFO - Regime 1: 1026 samples (62.26%)
2025-03-11 19:12:44,062 - INFO - Market regimes fitted in 0.060 seconds
2025-03-11 19:12:44,063 - INFO - Environment initialization completed in 0.083 seconds
2025-03-11 19:12:44,063 - INFO - Data shape: (1648, 22), Date range: 2014-10-14 to 2022-07-07
2025-03-11 19:12:44,063 - INFO - Resetting environment
2025-03-11 19:12:44,064 - INFO - Resetting environment
2025-03-11 19:12:44,064 - INFO - Resetting environment
2025-03-11 19:12:44,065 - INFO - Resetting environment
2025-03-11 19:13:01,847 - INFO - Resetting environment
2025-03-11 19:13:01,849 - INFO - Resetting environment
2025-03-11 19:13:01,850 - INFO - Resetting environment
2025-03-11 19:13:01,850 - INFO - Resetting environment
2025-03-11 19:13:17,372 - INFO - Resetting environment
2025-03-11 19:13:17,374 - INFO - Resetting environment
2025-03-11 19:13:17,375 - INFO - Resetting environment
2025-03-11 19:13:17,375 - INFO - Resetting environment
2025-03-11 19:13:31,619 - INFO - Resetting environment
2025-03-11 19:13:31,621 - INFO - Resetting environment
2025-03-11 19:13:31,621 - INFO - Resetting environment
2025-03-11 19:13:31,622 - INFO - Resetting environment
2025-03-11 19:13:44,417 - INFO - Resetting environment
2025-03-11 19:13:44,417 - INFO - Resetting environment
2025-03-11 19:13:44,418 - INFO - Resetting environment
2025-03-11 19:13:44,419 - INFO - Resetting environment
2025-03-11 19:13:57,489 - INFO - Resetting environment
2025-03-11 19:13:57,490 - INFO - Resetting environment
2025-03-11 19:13:57,491 - INFO - Resetting environment
2025-03-11 19:13:57,491 - INFO - Resetting environment
2025-03-11 19:14:10,753 - INFO - Resetting environment
2025-03-11 19:14:10,754 - INFO - Resetting environment
2025-03-11 19:14:10,755 - INFO - Resetting environment
2025-03-11 19:14:10,755 - INFO - Resetting environment
2025-03-11 19:14:24,199 - INFO - Resetting environment
2025-03-11 19:14:24,201 - INFO - Resetting environment
2025-03-11 19:14:24,201 - INFO - Resetting environment
2025-03-11 19:14:24,202 - INFO - Resetting environment
2025-03-11 19:14:37,246 - INFO - Resetting environment
2025-03-11 19:14:37,247 - INFO - Resetting environment
2025-03-11 19:14:37,248 - INFO - Resetting environment
2025-03-11 19:14:37,248 - INFO - Resetting environment
2025-03-11 19:14:49,937 - INFO - Resetting environment
2025-03-11 19:14:49,938 - INFO - Resetting environment
2025-03-11 19:14:49,939 - INFO - Resetting environment
2025-03-11 19:14:49,939 - INFO - Resetting environment
2025-03-11 19:15:02,827 - INFO - Resetting environment
2025-03-11 19:15:02,828 - INFO - Resetting environment
2025-03-11 19:15:02,829 - INFO - Resetting environment
2025-03-11 19:15:02,829 - INFO - Resetting environment
2025-03-11 19:15:15,617 - INFO - Resetting environment
2025-03-11 19:15:15,618 - INFO - Resetting environment
2025-03-11 19:15:15,618 - INFO - Resetting environment
2025-03-11 19:15:15,619 - INFO - Resetting environment
2025-03-11 19:15:28,500 - INFO - Resetting environment
2025-03-11 19:15:28,500 - INFO - Resetting environment
2025-03-11 19:15:28,501 - INFO - Resetting environment
2025-03-11 19:15:28,502 - INFO - Resetting environment
2025-03-11 19:15:41,360 - INFO - Resetting environment
2025-03-11 19:15:41,361 - INFO - Resetting environment
2025-03-11 19:15:41,361 - INFO - Resetting environment
2025-03-11 19:15:41,362 - INFO - Resetting environment
2025-03-11 19:15:55,384 - INFO - Resetting environment
2025-03-11 19:15:55,386 - INFO - Resetting environment
2025-03-11 19:15:55,386 - INFO - Resetting environment
2025-03-11 19:15:55,387 - INFO - Resetting environment
2025-03-11 19:16:08,467 - INFO - Resetting environment
2025-03-11 19:16:08,468 - INFO - Resetting environment
2025-03-11 19:16:08,469 - INFO - Resetting environment
2025-03-11 19:16:08,469 - INFO - Resetting environment
2025-03-11 19:16:21,434 - INFO - Resetting environment
2025-03-11 19:16:21,435 - INFO - Resetting environment
2025-03-11 19:16:21,436 - INFO - Resetting environment
2025-03-11 19:16:21,436 - INFO - Resetting environment
2025-03-11 19:16:34,346 - INFO - Resetting environment
2025-03-11 19:16:34,347 - INFO - Resetting environment
2025-03-11 19:16:34,347 - INFO - Resetting environment
2025-03-11 19:16:34,348 - INFO - Resetting environment
2025-03-11 19:16:47,374 - INFO - Resetting environment
2025-03-11 19:16:47,375 - INFO - Resetting environment
2025-03-11 19:16:47,376 - INFO - Resetting environment
2025-03-11 19:16:47,377 - INFO - Resetting environment
2025-03-11 19:16:59,949 - INFO - Resetting environment
2025-03-11 19:16:59,949 - INFO - Resetting environment
2025-03-11 19:16:59,950 - INFO - Resetting environment
2025-03-11 19:16:59,951 - INFO - Resetting environment
2025-03-11 19:17:12,959 - INFO - Resetting environment
2025-03-11 19:17:12,960 - INFO - Resetting environment
2025-03-11 19:17:12,961 - INFO - Resetting environment
2025-03-11 19:17:12,962 - INFO - Resetting environment
2025-03-11 19:17:27,113 - INFO - Resetting environment
2025-03-11 19:17:27,115 - INFO - Resetting environment
2025-03-11 19:17:27,115 - INFO - Resetting environment
2025-03-11 19:17:27,116 - INFO - Resetting environment
2025-03-11 19:17:39,724 - INFO - Resetting environment
2025-03-11 19:17:39,724 - INFO - Resetting environment
2025-03-11 19:17:39,725 - INFO - Resetting environment
2025-03-11 19:17:39,726 - INFO - Resetting environment
2025-03-11 19:17:52,665 - INFO - Resetting environment
2025-03-11 19:17:52,666 - INFO - Resetting environment
2025-03-11 19:17:52,666 - INFO - Resetting environment
2025-03-11 19:17:52,667 - INFO - Resetting environment
2025-03-11 19:18:05,506 - INFO - Resetting environment
2025-03-11 19:18:05,507 - INFO - Resetting environment
2025-03-11 19:18:05,507 - INFO - Resetting environment
2025-03-11 19:18:05,508 - INFO - Resetting environment
2025-03-11 19:18:18,130 - INFO - Resetting environment
2025-03-11 19:18:18,131 - INFO - Resetting environment
2025-03-11 19:18:18,132 - INFO - Resetting environment
2025-03-11 19:18:18,132 - INFO - Resetting environment
2025-03-11 19:18:33,191 - INFO - Resetting environment
2025-03-11 19:18:33,192 - INFO - Resetting environment
2025-03-11 19:18:33,192 - INFO - Resetting environment
2025-03-11 19:18:33,193 - INFO - Resetting environment
2025-03-11 19:18:46,052 - INFO - Resetting environment
2025-03-11 19:18:46,053 - INFO - Resetting environment
2025-03-11 19:18:46,054 - INFO - Resetting environment
2025-03-11 19:18:46,054 - INFO - Resetting environment
2025-03-11 19:18:59,340 - INFO - Resetting environment
2025-03-11 19:18:59,341 - INFO - Resetting environment
2025-03-11 19:18:59,341 - INFO - Resetting environment
2025-03-11 19:18:59,342 - INFO - Resetting environment
2025-03-11 19:19:12,592 - INFO - Resetting environment
2025-03-11 19:19:12,593 - INFO - Resetting environment
2025-03-11 19:19:12,594 - INFO - Resetting environment
2025-03-11 19:19:12,595 - INFO - Resetting environment
2025-03-11 19:19:25,258 - INFO - Resetting environment
2025-03-11 19:19:25,260 - INFO - Resetting environment
2025-03-11 19:19:25,260 - INFO - Resetting environment
2025-03-11 19:19:25,261 - INFO - Resetting environment
2025-03-11 19:19:38,107 - INFO - Resetting environment
2025-03-11 19:19:38,108 - INFO - Resetting environment
2025-03-11 19:19:38,108 - INFO - Resetting environment
2025-03-11 19:19:38,109 - INFO - Resetting environment
2025-03-11 19:19:51,055 - INFO - Resetting environment
2025-03-11 19:19:51,055 - INFO - Resetting environment
2025-03-11 19:19:51,056 - INFO - Resetting environment
2025-03-11 19:19:51,057 - INFO - Resetting environment
2025-03-11 19:20:03,655 - INFO - Resetting environment
2025-03-11 19:20:03,656 - INFO - Resetting environment
2025-03-11 19:20:03,657 - INFO - Resetting environment
2025-03-11 19:20:03,657 - INFO - Resetting environment
2025-03-11 19:20:16,540 - INFO - Resetting environment
2025-03-11 19:20:16,540 - INFO - Resetting environment
2025-03-11 19:20:16,541 - INFO - Resetting environment
2025-03-11 19:20:16,542 - INFO - Resetting environment
2025-03-11 19:20:29,120 - INFO - Resetting environment
2025-03-11 19:20:29,122 - INFO - Resetting environment
2025-03-11 19:20:29,123 - INFO - Resetting environment
2025-03-11 19:20:29,123 - INFO - Resetting environment
2025-03-11 19:20:43,072 - INFO - Resetting environment
2025-03-11 19:20:43,073 - INFO - Resetting environment
2025-03-11 19:20:43,074 - INFO - Resetting environment
2025-03-11 19:20:43,075 - INFO - Resetting environment
2025-03-11 19:22:19,513 - INFO - Resetting environment
2025-03-11 19:22:19,515 - INFO - Resetting environment
2025-03-11 19:22:19,515 - INFO - Resetting environment
2025-03-11 19:22:19,516 - INFO - Resetting environment
2025-03-11 19:22:32,367 - INFO - Resetting environment
2025-03-11 19:22:32,368 - INFO - Resetting environment
2025-03-11 19:22:32,368 - INFO - Resetting environment
2025-03-11 19:22:32,369 - INFO - Resetting environment
2025-03-11 19:22:45,658 - INFO - Resetting environment
2025-03-11 19:22:45,659 - INFO - Resetting environment
2025-03-11 19:22:45,659 - INFO - Resetting environment
2025-03-11 19:22:45,660 - INFO - Resetting environment
2025-03-11 19:22:59,052 - INFO - Resetting environment
2025-03-11 19:22:59,052 - INFO - Resetting environment
2025-03-11 19:22:59,053 - INFO - Resetting environment
2025-03-11 19:22:59,054 - INFO - Resetting environment
2025-03-11 19:23:12,029 - INFO - Resetting environment
2025-03-11 19:23:12,030 - INFO - Resetting environment
2025-03-11 19:23:12,031 - INFO - Resetting environment
2025-03-11 19:23:12,031 - INFO - Resetting environment
2025-03-11 19:23:24,760 - INFO - Resetting environment
2025-03-11 19:23:24,760 - INFO - Resetting environment
2025-03-11 19:23:24,761 - INFO - Resetting environment
2025-03-11 19:23:24,761 - INFO - Resetting environment
2025-03-11 19:23:37,294 - INFO - Resetting environment
2025-03-11 19:23:37,294 - INFO - Resetting environment
2025-03-11 19:23:37,295 - INFO - Resetting environment
2025-03-11 19:23:37,296 - INFO - Resetting environment
2025-03-11 19:23:50,112 - INFO - Resetting environment
2025-03-11 19:23:50,113 - INFO - Resetting environment
2025-03-11 19:23:50,114 - INFO - Resetting environment
2025-03-11 19:23:50,114 - INFO - Resetting environment
2025-03-11 20:10:11,889 - INFO - Resetting environment
2025-03-11 20:10:11,894 - INFO - Resetting environment
2025-03-11 20:10:11,895 - INFO - Resetting environment
2025-03-11 20:10:11,896 - INFO - Resetting environment
2025-03-11 20:10:24,583 - INFO - Resetting environment
2025-03-11 20:10:24,584 - INFO - Resetting environment
2025-03-11 20:10:24,584 - INFO - Resetting environment
2025-03-11 20:10:24,585 - INFO - Resetting environment
2025-03-11 20:10:37,426 - INFO - Resetting environment
2025-03-11 20:10:37,426 - INFO - Resetting environment
2025-03-11 20:10:37,427 - INFO - Resetting environment
2025-03-11 20:10:37,428 - INFO - Resetting environment
2025-03-11 20:10:50,655 - INFO - Resetting environment
2025-03-11 20:10:50,657 - INFO - Resetting environment
2025-03-11 20:10:50,658 - INFO - Resetting environment
2025-03-11 20:10:50,658 - INFO - Resetting environment
2025-03-11 20:11:03,318 - INFO - Resetting environment
2025-03-11 20:11:03,319 - INFO - Resetting environment
2025-03-11 20:11:03,320 - INFO - Resetting environment
2025-03-11 20:11:03,320 - INFO - Resetting environment
2025-03-11 20:11:16,191 - INFO - Resetting environment
2025-03-11 20:11:16,192 - INFO - Resetting environment
2025-03-11 20:11:16,192 - INFO - Resetting environment
2025-03-11 20:11:16,193 - INFO - Resetting environment
2025-03-11 20:11:28,764 - INFO - Resetting environment
2025-03-11 20:11:28,765 - INFO - Resetting environment
2025-03-11 20:11:28,766 - INFO - Resetting environment
2025-03-11 20:11:28,766 - INFO - Resetting environment
2025-03-11 20:11:41,972 - INFO - Resetting environment
2025-03-11 20:11:41,973 - INFO - Resetting environment
2025-03-11 20:11:41,974 - INFO - Resetting environment
2025-03-11 20:11:41,974 - INFO - Resetting environment
2025-03-11 20:11:54,983 - INFO - Resetting environment
2025-03-11 20:11:54,984 - INFO - Resetting environment
2025-03-11 20:11:54,984 - INFO - Resetting environment
2025-03-11 20:11:54,985 - INFO - Resetting environment
2025-03-11 20:12:06,512 - INFO - Resetting environment
2025-03-11 20:12:06,512 - INFO - Resetting environment
2025-03-11 20:12:06,513 - INFO - Resetting environment
2025-03-11 20:12:06,513 - INFO - Resetting environment
2025-03-11 20:12:16,805 - INFO - Resetting environment
2025-03-11 20:12:16,806 - INFO - Resetting environment
2025-03-11 20:12:16,806 - INFO - Resetting environment
2025-03-11 20:12:16,806 - INFO - Resetting environment
2025-03-11 20:12:26,633 - INFO - Resetting environment
2025-03-11 20:12:26,634 - INFO - Resetting environment
2025-03-11 20:12:26,634 - INFO - Resetting environment
2025-03-11 20:12:26,635 - INFO - Resetting environment
2025-03-11 20:12:36,453 - INFO - Resetting environment
2025-03-11 20:12:36,454 - INFO - Resetting environment
2025-03-11 20:12:36,455 - INFO - Resetting environment
2025-03-11 20:12:36,455 - INFO - Resetting environment
2025-03-11 20:12:46,897 - INFO - Resetting environment
2025-03-11 20:12:46,898 - INFO - Resetting environment
2025-03-11 20:12:46,899 - INFO - Resetting environment
2025-03-11 20:12:46,899 - INFO - Resetting environment
2025-03-11 20:12:56,748 - INFO - Resetting environment
2025-03-11 20:12:56,749 - INFO - Resetting environment
2025-03-11 20:12:56,750 - INFO - Resetting environment
2025-03-11 20:12:56,750 - INFO - Resetting environment
2025-03-11 20:13:06,414 - INFO - Resetting environment
2025-03-11 20:13:06,415 - INFO - Resetting environment
2025-03-11 20:13:06,415 - INFO - Resetting environment
2025-03-11 20:13:06,416 - INFO - Resetting environment
2025-03-11 20:13:16,000 - INFO - Resetting environment
2025-03-11 20:13:16,001 - INFO - Resetting environment
2025-03-11 20:13:16,001 - INFO - Resetting environment
2025-03-11 20:13:16,002 - INFO - Resetting environment
2025-03-11 20:13:25,337 - INFO - Resetting environment
2025-03-11 20:13:25,337 - INFO - Resetting environment
2025-03-11 20:13:25,338 - INFO - Resetting environment
2025-03-11 20:13:25,338 - INFO - Resetting environment
2025-03-11 20:13:35,044 - INFO - Resetting environment
2025-03-11 20:13:35,045 - INFO - Resetting environment
2025-03-11 20:13:35,046 - INFO - Resetting environment
2025-03-11 20:13:35,046 - INFO - Resetting environment
2025-03-11 20:13:44,562 - INFO - Resetting environment
2025-03-11 20:13:44,562 - INFO - Resetting environment
2025-03-11 20:13:44,563 - INFO - Resetting environment
2025-03-11 20:13:44,563 - INFO - Resetting environment
2025-03-11 20:13:54,068 - INFO - Resetting environment
2025-03-11 20:13:54,068 - INFO - Resetting environment
2025-03-11 20:13:54,069 - INFO - Resetting environment
2025-03-11 20:13:54,069 - INFO - Resetting environment
2025-03-11 20:14:04,296 - INFO - Resetting environment
2025-03-11 20:14:04,296 - INFO - Resetting environment
2025-03-11 20:14:04,297 - INFO - Resetting environment
2025-03-11 20:14:04,297 - INFO - Resetting environment
2025-03-11 20:14:14,453 - INFO - Resetting environment
2025-03-11 20:14:14,454 - INFO - Resetting environment
2025-03-11 20:14:14,454 - INFO - Resetting environment
2025-03-11 20:14:14,454 - INFO - Resetting environment
2025-03-11 20:14:24,100 - INFO - Resetting environment
2025-03-11 20:14:24,101 - INFO - Resetting environment
2025-03-11 20:14:24,101 - INFO - Resetting environment
2025-03-11 20:14:24,102 - INFO - Resetting environment
2025-03-11 20:14:33,786 - INFO - Resetting environment
2025-03-11 20:14:33,787 - INFO - Resetting environment
2025-03-11 20:14:33,787 - INFO - Resetting environment
2025-03-11 20:14:33,787 - INFO - Resetting environment
2025-03-11 20:14:43,213 - INFO - Resetting environment
2025-03-11 20:14:43,214 - INFO - Resetting environment
2025-03-11 20:14:43,215 - INFO - Resetting environment
2025-03-11 20:14:43,215 - INFO - Resetting environment
2025-03-11 20:14:52,935 - INFO - Resetting environment
2025-03-11 20:14:52,936 - INFO - Resetting environment
2025-03-11 20:14:52,937 - INFO - Resetting environment
2025-03-11 20:14:52,937 - INFO - Resetting environment
2025-03-11 20:15:02,601 - INFO - Resetting environment
2025-03-11 20:15:02,602 - INFO - Resetting environment
2025-03-11 20:15:02,602 - INFO - Resetting environment
2025-03-11 20:15:02,603 - INFO - Resetting environment
2025-03-11 20:15:12,342 - INFO - Resetting environment
2025-03-11 20:15:12,342 - INFO - Resetting environment
2025-03-11 20:15:12,343 - INFO - Resetting environment
2025-03-11 20:15:12,343 - INFO - Resetting environment
2025-03-11 20:15:21,937 - INFO - Resetting environment
2025-03-11 20:15:21,937 - INFO - Resetting environment
2025-03-11 20:15:21,938 - INFO - Resetting environment
2025-03-11 20:15:21,938 - INFO - Resetting environment
2025-03-11 20:15:31,349 - INFO - Resetting environment
2025-03-11 20:15:31,350 - INFO - Resetting environment
2025-03-11 20:15:31,350 - INFO - Resetting environment
2025-03-11 20:15:31,351 - INFO - Resetting environment
2025-03-11 20:15:41,158 - INFO - Resetting environment
2025-03-11 20:15:41,159 - INFO - Resetting environment
2025-03-11 20:15:41,160 - INFO - Resetting environment
2025-03-11 20:15:41,161 - INFO - Resetting environment
2025-03-11 20:15:51,013 - INFO - Resetting environment
2025-03-11 20:15:51,014 - INFO - Resetting environment
2025-03-11 20:15:51,015 - INFO - Resetting environment
2025-03-11 20:15:51,015 - INFO - Resetting environment
2025-03-11 20:16:01,141 - INFO - Resetting environment
2025-03-11 20:16:01,142 - INFO - Resetting environment
2025-03-11 20:16:01,142 - INFO - Resetting environment
2025-03-11 20:16:01,143 - INFO - Resetting environment
2025-03-11 20:16:11,536 - INFO - Resetting environment
2025-03-11 20:16:11,537 - INFO - Resetting environment
2025-03-11 20:16:11,537 - INFO - Resetting environment
2025-03-11 20:16:11,537 - INFO - Resetting environment
2025-03-11 20:16:21,668 - INFO - Resetting environment
2025-03-11 20:16:21,669 - INFO - Resetting environment
2025-03-11 20:16:21,669 - INFO - Resetting environment
2025-03-11 20:16:21,670 - INFO - Resetting environment
2025-03-11 20:16:32,480 - INFO - Resetting environment
2025-03-11 20:16:32,481 - INFO - Resetting environment
2025-03-11 20:16:32,481 - INFO - Resetting environment
2025-03-11 20:16:32,482 - INFO - Resetting environment
2025-03-11 20:16:43,116 - INFO - Resetting environment
2025-03-11 20:16:43,116 - INFO - Resetting environment
2025-03-11 20:16:43,117 - INFO - Resetting environment
2025-03-11 20:16:43,117 - INFO - Resetting environment
2025-03-11 20:16:53,814 - INFO - Resetting environment
2025-03-11 20:16:53,814 - INFO - Resetting environment
2025-03-11 20:16:53,815 - INFO - Resetting environment
2025-03-11 20:16:53,815 - INFO - Resetting environment
2025-03-11 20:17:03,898 - INFO - Resetting environment
2025-03-11 20:17:03,900 - INFO - Resetting environment
2025-03-11 20:17:03,900 - INFO - Resetting environment
2025-03-11 20:17:03,900 - INFO - Resetting environment
2025-03-11 20:17:13,897 - INFO - Resetting environment
2025-03-11 20:17:13,898 - INFO - Resetting environment
2025-03-11 20:17:13,898 - INFO - Resetting environment
2025-03-11 20:17:13,899 - INFO - Resetting environment
2025-03-11 20:17:23,615 - INFO - Resetting environment
2025-03-11 20:17:23,615 - INFO - Resetting environment
2025-03-11 20:17:23,615 - INFO - Resetting environment
2025-03-11 20:17:23,616 - INFO - Resetting environment
2025-03-11 20:17:33,562 - INFO - Resetting environment
2025-03-11 20:17:33,563 - INFO - Resetting environment
2025-03-11 20:17:33,564 - INFO - Resetting environment
2025-03-11 20:17:33,564 - INFO - Resetting environment
2025-03-11 20:17:43,436 - INFO - Resetting environment
2025-03-11 20:17:43,438 - INFO - Resetting environment
2025-03-11 20:17:43,438 - INFO - Resetting environment
2025-03-11 20:17:43,439 - INFO - Resetting environment
2025-03-11 20:17:54,347 - INFO - Resetting environment
2025-03-11 20:17:54,349 - INFO - Resetting environment
2025-03-11 20:17:54,349 - INFO - Resetting environment
2025-03-11 20:17:54,350 - INFO - Resetting environment
2025-03-11 20:18:04,492 - INFO - Resetting environment
2025-03-11 20:18:04,493 - INFO - Resetting environment
2025-03-11 20:18:04,493 - INFO - Resetting environment
2025-03-11 20:18:04,494 - INFO - Resetting environment
2025-03-11 20:18:14,528 - INFO - Resetting environment
2025-03-11 20:18:14,530 - INFO - Resetting environment
2025-03-11 20:18:14,530 - INFO - Resetting environment
2025-03-11 20:18:14,531 - INFO - Resetting environment
2025-03-11 20:18:24,603 - INFO - Resetting environment
2025-03-11 20:18:24,603 - INFO - Resetting environment
2025-03-11 20:18:24,604 - INFO - Resetting environment
2025-03-11 20:18:24,604 - INFO - Resetting environment
2025-03-11 20:18:34,661 - INFO - Resetting environment
2025-03-11 20:18:34,662 - INFO - Resetting environment
2025-03-11 20:18:34,662 - INFO - Resetting environment
2025-03-11 20:18:34,663 - INFO - Resetting environment
2025-03-11 20:18:44,548 - INFO - Resetting environment
2025-03-11 20:18:44,548 - INFO - Resetting environment
2025-03-11 20:18:44,549 - INFO - Resetting environment
2025-03-11 20:18:44,549 - INFO - Resetting environment
2025-03-11 20:18:55,010 - INFO - Resetting environment
2025-03-11 20:18:55,011 - INFO - Resetting environment
2025-03-11 20:18:55,012 - INFO - Resetting environment
2025-03-11 20:18:55,012 - INFO - Resetting environment
2025-03-11 20:19:05,584 - INFO - Resetting environment
2025-03-11 20:19:05,586 - INFO - Resetting environment
2025-03-11 20:19:05,586 - INFO - Resetting environment
2025-03-11 20:19:05,587 - INFO - Resetting environment
2025-03-11 20:19:14,873 - INFO - Resetting environment
2025-03-11 20:19:14,874 - INFO - Resetting environment
2025-03-11 20:19:14,874 - INFO - Resetting environment
2025-03-11 20:19:14,875 - INFO - Resetting environment
2025-03-11 20:19:25,161 - INFO - Resetting environment
2025-03-11 20:19:25,161 - INFO - Resetting environment
2025-03-11 20:19:25,162 - INFO - Resetting environment
2025-03-11 20:19:25,162 - INFO - Resetting environment
2025-03-11 20:19:34,782 - INFO - Resetting environment
2025-03-11 20:19:34,782 - INFO - Resetting environment
2025-03-11 20:19:34,783 - INFO - Resetting environment
2025-03-11 20:19:34,783 - INFO - Resetting environment
2025-03-11 20:19:44,628 - INFO - Resetting environment
2025-03-11 20:19:44,629 - INFO - Resetting environment
2025-03-11 20:19:44,630 - INFO - Resetting environment
2025-03-11 20:19:44,630 - INFO - Resetting environment
2025-03-11 20:19:54,397 - INFO - Resetting environment
2025-03-11 20:19:54,398 - INFO - Resetting environment
2025-03-11 20:19:54,398 - INFO - Resetting environment
2025-03-11 20:19:54,399 - INFO - Resetting environment
2025-03-11 20:20:03,950 - INFO - Resetting environment
2025-03-11 20:20:03,950 - INFO - Resetting environment
2025-03-11 20:20:03,951 - INFO - Resetting environment
2025-03-11 20:20:03,951 - INFO - Resetting environment
2025-03-11 20:20:13,685 - INFO - Resetting environment
2025-03-11 20:20:13,686 - INFO - Resetting environment
2025-03-11 20:20:13,686 - INFO - Resetting environment
2025-03-11 20:20:13,687 - INFO - Resetting environment
2025-03-11 20:20:23,462 - INFO - Resetting environment
2025-03-11 20:20:23,463 - INFO - Resetting environment
2025-03-11 20:20:23,464 - INFO - Resetting environment
2025-03-11 20:20:23,464 - INFO - Resetting environment
2025-03-11 20:20:33,081 - INFO - Resetting environment
2025-03-11 20:20:33,083 - INFO - Resetting environment
2025-03-11 20:20:33,083 - INFO - Resetting environment
2025-03-11 20:20:33,084 - INFO - Resetting environment
2025-03-11 20:20:42,913 - INFO - Resetting environment
2025-03-11 20:20:42,913 - INFO - Resetting environment
2025-03-11 20:20:42,914 - INFO - Resetting environment
2025-03-11 20:20:42,914 - INFO - Resetting environment
2025-03-11 20:20:52,534 - INFO - Resetting environment
2025-03-11 20:20:52,536 - INFO - Resetting environment
2025-03-11 20:20:52,536 - INFO - Resetting environment
2025-03-11 20:20:52,537 - INFO - Resetting environment
2025-03-11 20:21:02,266 - INFO - Resetting environment
2025-03-11 20:21:02,267 - INFO - Resetting environment
2025-03-11 20:21:02,267 - INFO - Resetting environment
2025-03-11 20:21:02,268 - INFO - Resetting environment
2025-03-11 20:21:12,071 - INFO - Resetting environment
2025-03-11 20:21:12,072 - INFO - Resetting environment
2025-03-11 20:21:12,072 - INFO - Resetting environment
2025-03-11 20:21:12,073 - INFO - Resetting environment
2025-03-11 20:21:21,768 - INFO - Resetting environment
2025-03-11 20:21:21,769 - INFO - Resetting environment
2025-03-11 20:21:21,769 - INFO - Resetting environment
2025-03-11 20:21:21,770 - INFO - Resetting environment
2025-03-11 20:21:32,205 - INFO - Resetting environment
2025-03-11 20:21:32,206 - INFO - Resetting environment
2025-03-11 20:21:32,206 - INFO - Resetting environment
2025-03-11 20:21:32,207 - INFO - Resetting environment
2025-03-11 20:21:42,502 - INFO - Resetting environment
2025-03-11 20:21:42,503 - INFO - Resetting environment
2025-03-11 20:21:42,504 - INFO - Resetting environment
2025-03-11 20:21:42,504 - INFO - Resetting environment
2025-03-11 20:21:52,644 - INFO - Resetting environment
2025-03-11 20:21:52,644 - INFO - Resetting environment
2025-03-11 20:21:52,645 - INFO - Resetting environment
2025-03-11 20:21:52,645 - INFO - Resetting environment
2025-03-11 20:22:02,547 - INFO - Resetting environment
2025-03-11 20:22:02,548 - INFO - Resetting environment
2025-03-11 20:22:02,548 - INFO - Resetting environment
2025-03-11 20:22:02,548 - INFO - Resetting environment
2025-03-11 20:22:13,392 - INFO - Resetting environment
2025-03-11 20:22:13,392 - INFO - Resetting environment
2025-03-11 20:22:13,393 - INFO - Resetting environment
2025-03-11 20:22:13,393 - INFO - Resetting environment
2025-03-11 20:22:23,257 - INFO - Resetting environment
2025-03-11 20:22:23,258 - INFO - Resetting environment
2025-03-11 20:22:23,259 - INFO - Resetting environment
2025-03-11 20:22:23,259 - INFO - Resetting environment
2025-03-11 20:22:32,982 - INFO - Resetting environment
2025-03-11 20:22:32,983 - INFO - Resetting environment
2025-03-11 20:22:32,983 - INFO - Resetting environment
2025-03-11 20:22:32,983 - INFO - Resetting environment
2025-03-11 20:22:42,435 - INFO - Resetting environment
2025-03-11 20:22:42,436 - INFO - Resetting environment
2025-03-11 20:22:42,436 - INFO - Resetting environment
2025-03-11 20:22:42,437 - INFO - Resetting environment
2025-03-11 20:22:52,005 - INFO - Resetting environment
2025-03-11 20:22:52,006 - INFO - Resetting environment
2025-03-11 20:22:52,006 - INFO - Resetting environment
2025-03-11 20:22:52,007 - INFO - Resetting environment
2025-03-11 20:23:01,692 - INFO - Resetting environment
2025-03-11 20:23:01,693 - INFO - Resetting environment
2025-03-11 20:23:01,694 - INFO - Resetting environment
2025-03-11 20:23:01,694 - INFO - Resetting environment
2025-03-11 20:23:11,170 - INFO - Resetting environment
2025-03-11 20:23:11,170 - INFO - Resetting environment
2025-03-11 20:23:11,171 - INFO - Resetting environment
2025-03-11 20:23:11,171 - INFO - Resetting environment
2025-03-11 20:23:20,882 - INFO - Resetting environment
2025-03-11 20:23:20,883 - INFO - Resetting environment
2025-03-11 20:23:20,883 - INFO - Resetting environment
2025-03-11 20:23:20,883 - INFO - Resetting environment
2025-03-11 20:23:30,354 - INFO - Resetting environment
2025-03-11 20:23:30,354 - INFO - Resetting environment
2025-03-11 20:23:30,355 - INFO - Resetting environment
2025-03-11 20:23:30,355 - INFO - Resetting environment
2025-03-11 20:23:40,190 - INFO - Resetting environment
2025-03-11 20:23:40,191 - INFO - Resetting environment
2025-03-11 20:23:40,191 - INFO - Resetting environment
2025-03-11 20:23:40,192 - INFO - Resetting environment
2025-03-11 20:23:49,826 - INFO - Resetting environment
2025-03-11 20:23:49,828 - INFO - Resetting environment
2025-03-11 20:23:49,829 - INFO - Resetting environment
2025-03-11 20:23:49,829 - INFO - Resetting environment
2025-03-11 20:23:59,273 - INFO - Resetting environment
2025-03-11 20:23:59,273 - INFO - Resetting environment
2025-03-11 20:23:59,274 - INFO - Resetting environment
2025-03-11 20:23:59,274 - INFO - Resetting environment
2025-03-11 20:24:09,250 - INFO - Resetting environment
2025-03-11 20:24:09,250 - INFO - Resetting environment
2025-03-11 20:24:09,251 - INFO - Resetting environment
2025-03-11 20:24:09,251 - INFO - Resetting environment
2025-03-11 20:24:19,256 - INFO - Resetting environment
2025-03-11 20:24:19,257 - INFO - Resetting environment
2025-03-11 20:24:19,257 - INFO - Resetting environment
2025-03-11 20:24:19,257 - INFO - Resetting environment
2025-03-11 20:24:29,248 - INFO - Resetting environment
2025-03-11 20:24:29,249 - INFO - Resetting environment
2025-03-11 20:24:29,249 - INFO - Resetting environment
2025-03-11 20:24:29,250 - INFO - Resetting environment
2025-03-11 20:24:39,593 - INFO - Resetting environment
2025-03-11 20:24:39,593 - INFO - Resetting environment
2025-03-11 20:24:39,594 - INFO - Resetting environment
2025-03-11 20:24:39,594 - INFO - Resetting environment
2025-03-11 20:24:49,150 - INFO - Resetting environment
2025-03-11 20:24:49,150 - INFO - Resetting environment
2025-03-11 20:24:49,151 - INFO - Resetting environment
2025-03-11 20:24:49,151 - INFO - Resetting environment
2025-03-11 20:24:58,844 - INFO - Resetting environment
2025-03-11 20:24:58,845 - INFO - Resetting environment
2025-03-11 20:24:58,845 - INFO - Resetting environment
2025-03-11 20:24:58,846 - INFO - Resetting environment
2025-03-11 20:25:08,231 - INFO - Resetting environment
2025-03-11 20:25:08,231 - INFO - Resetting environment
2025-03-11 20:25:08,232 - INFO - Resetting environment
2025-03-11 20:25:08,232 - INFO - Resetting environment
2025-03-11 20:25:17,441 - INFO - Resetting environment
2025-03-11 20:25:17,442 - INFO - Resetting environment
2025-03-11 20:25:17,442 - INFO - Resetting environment
2025-03-11 20:25:17,442 - INFO - Resetting environment
2025-03-11 20:25:28,040 - INFO - Resetting environment
2025-03-11 20:25:28,041 - INFO - Resetting environment
2025-03-11 20:25:28,042 - INFO - Resetting environment
2025-03-11 20:25:28,042 - INFO - Resetting environment
2025-03-11 20:25:37,962 - INFO - Resetting environment
2025-03-11 20:25:37,964 - INFO - Resetting environment
2025-03-11 20:25:37,964 - INFO - Resetting environment
2025-03-11 20:25:37,965 - INFO - Resetting environment
2025-03-11 20:25:47,589 - INFO - Resetting environment
2025-03-11 20:25:47,590 - INFO - Resetting environment
2025-03-11 20:25:47,590 - INFO - Resetting environment
2025-03-11 20:25:47,591 - INFO - Resetting environment
2025-03-11 20:25:57,313 - INFO - Resetting environment
2025-03-11 20:25:57,314 - INFO - Resetting environment
2025-03-11 20:25:57,314 - INFO - Resetting environment
2025-03-11 20:25:57,314 - INFO - Resetting environment
2025-03-11 20:26:06,908 - INFO - Resetting environment
2025-03-11 20:26:06,908 - INFO - Resetting environment
2025-03-11 20:26:06,909 - INFO - Resetting environment
2025-03-11 20:26:06,909 - INFO - Resetting environment
2025-03-11 20:26:16,576 - INFO - Resetting environment
2025-03-11 20:26:16,577 - INFO - Resetting environment
2025-03-11 20:26:16,578 - INFO - Resetting environment
2025-03-11 20:26:16,578 - INFO - Resetting environment
2025-03-11 20:26:26,219 - INFO - Resetting environment
2025-03-11 20:26:26,220 - INFO - Resetting environment
2025-03-11 20:26:26,220 - INFO - Resetting environment
2025-03-11 20:26:26,221 - INFO - Resetting environment
2025-03-11 20:26:35,711 - INFO - Resetting environment
2025-03-11 20:26:35,711 - INFO - Resetting environment
2025-03-11 20:26:35,712 - INFO - Resetting environment
2025-03-11 20:26:35,712 - INFO - Resetting environment
2025-03-11 20:26:45,481 - INFO - Resetting environment
2025-03-11 20:26:45,482 - INFO - Resetting environment
2025-03-11 20:26:45,482 - INFO - Resetting environment
2025-03-11 20:26:45,483 - INFO - Resetting environment
2025-03-11 20:26:55,391 - INFO - Resetting environment
2025-03-11 20:26:55,393 - INFO - Resetting environment
2025-03-11 20:26:55,393 - INFO - Resetting environment
2025-03-11 20:26:55,394 - INFO - Resetting environment
2025-03-11 20:27:05,148 - INFO - Resetting environment
2025-03-11 20:27:05,149 - INFO - Resetting environment
2025-03-11 20:27:05,149 - INFO - Resetting environment
2025-03-11 20:27:05,150 - INFO - Resetting environment
2025-03-11 20:27:15,231 - INFO - Resetting environment
2025-03-11 20:27:15,231 - INFO - Resetting environment
2025-03-11 20:27:15,232 - INFO - Resetting environment
2025-03-11 20:27:15,232 - INFO - Resetting environment
2025-03-11 20:27:25,701 - INFO - Resetting environment
2025-03-11 20:27:25,702 - INFO - Resetting environment
2025-03-11 20:27:25,702 - INFO - Resetting environment
2025-03-11 20:27:25,702 - INFO - Resetting environment
2025-03-11 20:27:35,903 - INFO - Resetting environment
2025-03-11 20:27:35,905 - INFO - Resetting environment
2025-03-11 20:27:35,905 - INFO - Resetting environment
2025-03-11 20:27:35,905 - INFO - Resetting environment
2025-03-11 20:27:45,915 - INFO - Resetting environment
2025-03-11 20:27:45,916 - INFO - Resetting environment
2025-03-11 20:27:45,916 - INFO - Resetting environment
2025-03-11 20:27:45,916 - INFO - Resetting environment
2025-03-11 20:27:55,715 - INFO - Resetting environment
2025-03-11 20:27:55,716 - INFO - Resetting environment
2025-03-11 20:27:55,716 - INFO - Resetting environment
2025-03-11 20:27:55,716 - INFO - Resetting environment
2025-03-11 20:28:05,645 - INFO - Resetting environment
2025-03-11 20:28:05,645 - INFO - Resetting environment
2025-03-11 20:28:05,646 - INFO - Resetting environment
2025-03-11 20:28:05,646 - INFO - Resetting environment
2025-03-11 20:28:16,464 - INFO - Resetting environment
2025-03-11 20:28:16,466 - INFO - Resetting environment
2025-03-11 20:28:16,466 - INFO - Resetting environment
2025-03-11 20:28:16,467 - INFO - Resetting environment
2025-03-11 20:28:26,169 - INFO - Resetting environment
2025-03-11 20:28:26,169 - INFO - Resetting environment
2025-03-11 20:28:26,169 - INFO - Resetting environment
2025-03-11 20:28:26,170 - INFO - Resetting environment
2025-03-11 20:28:36,460 - INFO - Resetting environment
2025-03-11 20:28:36,461 - INFO - Resetting environment
2025-03-11 20:28:36,461 - INFO - Resetting environment
2025-03-11 20:28:36,462 - INFO - Resetting environment
2025-03-11 20:28:46,250 - INFO - Resetting environment
2025-03-11 20:28:46,251 - INFO - Resetting environment
2025-03-11 20:28:46,252 - INFO - Resetting environment
2025-03-11 20:28:46,252 - INFO - Resetting environment
2025-03-11 20:28:56,121 - INFO - Resetting environment
2025-03-11 20:28:56,122 - INFO - Resetting environment
2025-03-11 20:28:56,123 - INFO - Resetting environment
2025-03-11 20:28:56,123 - INFO - Resetting environment
2025-03-11 20:29:06,064 - INFO - Resetting environment
2025-03-11 20:29:06,064 - INFO - Resetting environment
2025-03-11 20:29:06,065 - INFO - Resetting environment
2025-03-11 20:29:06,065 - INFO - Resetting environment
2025-03-11 20:29:15,809 - INFO - Resetting environment
2025-03-11 20:29:15,810 - INFO - Resetting environment
2025-03-11 20:29:15,810 - INFO - Resetting environment
2025-03-11 20:29:15,811 - INFO - Resetting environment
2025-03-11 20:29:25,743 - INFO - Resetting environment
2025-03-11 20:29:25,744 - INFO - Resetting environment
2025-03-11 20:29:25,744 - INFO - Resetting environment
2025-03-11 20:29:25,745 - INFO - Resetting environment
2025-03-11 20:29:35,729 - INFO - Resetting environment
2025-03-11 20:29:35,730 - INFO - Resetting environment
2025-03-11 20:29:35,730 - INFO - Resetting environment
2025-03-11 20:29:35,731 - INFO - Resetting environment
2025-03-11 20:29:45,420 - INFO - Resetting environment
2025-03-11 20:29:45,421 - INFO - Resetting environment
2025-03-11 20:29:45,421 - INFO - Resetting environment
2025-03-11 20:29:45,421 - INFO - Resetting environment
2025-03-11 20:29:55,387 - INFO - Resetting environment
2025-03-11 20:29:55,387 - INFO - Resetting environment
2025-03-11 20:29:55,388 - INFO - Resetting environment
2025-03-11 20:29:55,388 - INFO - Resetting environment
2025-03-11 20:30:05,127 - INFO - Resetting environment
2025-03-11 20:30:05,128 - INFO - Resetting environment
2025-03-11 20:30:05,128 - INFO - Resetting environment
2025-03-11 20:30:05,129 - INFO - Resetting environment
2025-03-11 20:30:15,355 - INFO - Resetting environment
2025-03-11 20:30:15,357 - INFO - Resetting environment
2025-03-11 20:30:15,357 - INFO - Resetting environment
2025-03-11 20:30:15,357 - INFO - Resetting environment
2025-03-11 20:30:25,553 - INFO - Resetting environment
2025-03-11 20:30:25,553 - INFO - Resetting environment
2025-03-11 20:30:25,554 - INFO - Resetting environment
2025-03-11 20:30:25,554 - INFO - Resetting environment
2025-03-11 20:30:35,685 - INFO - Resetting environment
2025-03-11 20:30:35,686 - INFO - Resetting environment
2025-03-11 20:30:35,686 - INFO - Resetting environment
2025-03-11 20:30:35,687 - INFO - Resetting environment
2025-03-11 20:30:45,794 - INFO - Resetting environment
2025-03-11 20:30:45,795 - INFO - Resetting environment
2025-03-11 20:30:45,796 - INFO - Resetting environment
2025-03-11 20:30:45,796 - INFO - Resetting environment
2025-03-11 20:30:55,858 - INFO - Resetting environment
2025-03-11 20:30:55,858 - INFO - Resetting environment
2025-03-11 20:30:55,859 - INFO - Resetting environment
2025-03-11 20:30:55,859 - INFO - Resetting environment
2025-03-11 20:31:05,696 - INFO - Resetting environment
2025-03-11 20:31:05,696 - INFO - Resetting environment
2025-03-11 20:31:05,697 - INFO - Resetting environment
2025-03-11 20:31:05,697 - INFO - Resetting environment
2025-03-11 20:31:16,555 - INFO - Resetting environment
2025-03-11 20:31:16,557 - INFO - Resetting environment
2025-03-11 20:31:16,557 - INFO - Resetting environment
2025-03-11 20:31:16,558 - INFO - Resetting environment
2025-03-11 20:31:27,039 - INFO - Resetting environment
2025-03-11 20:31:27,039 - INFO - Resetting environment
2025-03-11 20:31:27,040 - INFO - Resetting environment
2025-03-11 20:31:27,040 - INFO - Resetting environment
2025-03-11 20:31:37,319 - INFO - Resetting environment
2025-03-11 20:31:37,320 - INFO - Resetting environment
2025-03-11 20:31:37,321 - INFO - Resetting environment
2025-03-11 20:31:37,321 - INFO - Resetting environment
2025-03-11 20:31:47,282 - INFO - Resetting environment
2025-03-11 20:31:47,283 - INFO - Resetting environment
2025-03-11 20:31:47,284 - INFO - Resetting environment
2025-03-11 20:31:47,284 - INFO - Resetting environment
2025-03-11 20:31:56,889 - INFO - Resetting environment
2025-03-11 20:31:56,889 - INFO - Resetting environment
2025-03-11 20:31:56,890 - INFO - Resetting environment
2025-03-11 20:31:56,890 - INFO - Resetting environment
2025-03-11 20:32:06,595 - INFO - Resetting environment
2025-03-11 20:32:06,596 - INFO - Resetting environment
2025-03-11 20:32:06,597 - INFO - Resetting environment
2025-03-11 20:32:06,597 - INFO - Resetting environment
2025-03-11 20:32:16,435 - INFO - Resetting environment
2025-03-11 20:32:16,437 - INFO - Resetting environment
2025-03-11 20:32:16,437 - INFO - Resetting environment
2025-03-11 20:32:16,437 - INFO - Resetting environment
2025-03-11 20:32:25,913 - INFO - Resetting environment
2025-03-11 20:32:25,914 - INFO - Resetting environment
2025-03-11 20:32:25,915 - INFO - Resetting environment
2025-03-11 20:32:25,915 - INFO - Resetting environment
2025-03-11 20:32:35,687 - INFO - Resetting environment
2025-03-11 20:32:35,688 - INFO - Resetting environment
2025-03-11 20:32:35,688 - INFO - Resetting environment
2025-03-11 20:32:35,689 - INFO - Resetting environment
2025-03-11 20:32:45,150 - INFO - Resetting environment
2025-03-11 20:32:45,150 - INFO - Resetting environment
2025-03-11 20:32:45,151 - INFO - Resetting environment
2025-03-11 20:32:45,151 - INFO - Resetting environment
2025-03-11 20:32:54,813 - INFO - Resetting environment
2025-03-11 20:32:54,814 - INFO - Resetting environment
2025-03-11 20:32:54,814 - INFO - Resetting environment
2025-03-11 20:32:54,815 - INFO - Resetting environment
2025-03-11 20:33:04,457 - INFO - Resetting environment
2025-03-11 20:33:04,457 - INFO - Resetting environment
2025-03-11 20:33:04,458 - INFO - Resetting environment
2025-03-11 20:33:04,458 - INFO - Resetting environment
2025-03-11 20:33:14,103 - INFO - Resetting environment
2025-03-11 20:33:14,104 - INFO - Resetting environment
2025-03-11 20:33:14,104 - INFO - Resetting environment
2025-03-11 20:33:14,104 - INFO - Resetting environment
2025-03-11 20:33:24,862 - INFO - Resetting environment
2025-03-11 20:33:24,863 - INFO - Resetting environment
2025-03-11 20:33:24,863 - INFO - Resetting environment
2025-03-11 20:33:24,864 - INFO - Resetting environment
2025-03-11 20:33:35,622 - INFO - Resetting environment
2025-03-11 20:33:35,624 - INFO - Resetting environment
2025-03-11 20:33:35,625 - INFO - Resetting environment
2025-03-11 20:33:35,625 - INFO - Resetting environment
2025-03-11 20:33:45,965 - INFO - Resetting environment
2025-03-11 20:33:45,966 - INFO - Resetting environment
2025-03-11 20:33:45,966 - INFO - Resetting environment
2025-03-11 20:33:45,967 - INFO - Resetting environment
2025-03-11 20:33:56,421 - INFO - Resetting environment
2025-03-11 20:33:56,421 - INFO - Resetting environment
2025-03-11 20:33:56,422 - INFO - Resetting environment
2025-03-11 20:33:56,422 - INFO - Resetting environment
2025-03-11 20:34:06,788 - INFO - Resetting environment
2025-03-11 20:34:06,790 - INFO - Resetting environment
2025-03-11 20:34:06,791 - INFO - Resetting environment
2025-03-11 20:34:06,791 - INFO - Resetting environment
2025-03-11 20:34:17,408 - INFO - Resetting environment
2025-03-11 20:34:17,408 - INFO - Resetting environment
2025-03-11 20:34:17,409 - INFO - Resetting environment
2025-03-11 20:34:17,409 - INFO - Resetting environment
2025-03-11 20:34:28,008 - INFO - Resetting environment
2025-03-11 20:34:28,008 - INFO - Resetting environment
2025-03-11 20:34:28,009 - INFO - Resetting environment
2025-03-11 20:34:28,009 - INFO - Resetting environment
2025-03-11 20:34:38,764 - INFO - Resetting environment
2025-03-11 20:34:38,765 - INFO - Resetting environment
2025-03-11 20:34:38,766 - INFO - Resetting environment
2025-03-11 20:34:38,766 - INFO - Resetting environment
2025-03-11 20:34:49,079 - INFO - Resetting environment
2025-03-11 20:34:49,080 - INFO - Resetting environment
2025-03-11 20:34:49,080 - INFO - Resetting environment
2025-03-11 20:34:49,081 - INFO - Resetting environment
2025-03-11 20:34:59,248 - INFO - Resetting environment
2025-03-11 20:34:59,248 - INFO - Resetting environment
2025-03-11 20:34:59,249 - INFO - Resetting environment
2025-03-11 20:34:59,249 - INFO - Resetting environment
2025-03-11 20:35:09,107 - INFO - Resetting environment
2025-03-11 20:35:09,109 - INFO - Resetting environment
2025-03-11 20:35:09,109 - INFO - Resetting environment
2025-03-11 20:35:09,110 - INFO - Resetting environment
2025-03-11 20:35:19,177 - INFO - Resetting environment
2025-03-11 20:35:19,177 - INFO - Resetting environment
2025-03-11 20:35:19,178 - INFO - Resetting environment
2025-03-11 20:35:19,179 - INFO - Resetting environment
2025-03-11 20:35:28,934 - INFO - Resetting environment
2025-03-11 20:35:28,935 - INFO - Resetting environment
2025-03-11 20:35:28,936 - INFO - Resetting environment
2025-03-11 20:35:28,936 - INFO - Resetting environment
2025-03-11 20:35:39,077 - INFO - Resetting environment
2025-03-11 20:35:39,078 - INFO - Resetting environment
2025-03-11 20:35:39,078 - INFO - Resetting environment
2025-03-11 20:35:39,079 - INFO - Resetting environment
2025-03-11 20:35:50,064 - INFO - Resetting environment
2025-03-11 20:35:50,065 - INFO - Resetting environment
2025-03-11 20:35:50,065 - INFO - Resetting environment
2025-03-11 20:35:50,065 - INFO - Resetting environment
2025-03-11 20:36:00,505 - INFO - Resetting environment
2025-03-11 20:36:00,507 - INFO - Resetting environment
2025-03-11 20:36:00,507 - INFO - Resetting environment
2025-03-11 20:36:00,508 - INFO - Resetting environment
2025-03-11 20:36:11,157 - INFO - Resetting environment
2025-03-11 20:36:11,158 - INFO - Resetting environment
2025-03-11 20:36:11,158 - INFO - Resetting environment
2025-03-11 20:36:11,159 - INFO - Resetting environment
2025-03-11 20:36:21,835 - INFO - Resetting environment
2025-03-11 20:36:21,837 - INFO - Resetting environment
2025-03-11 20:36:21,837 - INFO - Resetting environment
2025-03-11 20:36:21,838 - INFO - Resetting environment
2025-03-11 20:36:32,308 - INFO - Resetting environment
2025-03-11 20:36:32,309 - INFO - Resetting environment
2025-03-11 20:36:32,310 - INFO - Resetting environment
2025-03-11 20:36:32,310 - INFO - Resetting environment
2025-03-11 20:36:42,892 - INFO - Resetting environment
2025-03-11 20:36:42,893 - INFO - Resetting environment
2025-03-11 20:36:42,893 - INFO - Resetting environment
2025-03-11 20:36:42,894 - INFO - Resetting environment
2025-03-11 20:36:53,325 - INFO - Resetting environment
2025-03-11 20:36:53,326 - INFO - Resetting environment
2025-03-11 20:36:53,326 - INFO - Resetting environment
2025-03-11 20:36:53,327 - INFO - Resetting environment
2025-03-11 20:37:03,524 - INFO - Resetting environment
2025-03-11 20:37:03,526 - INFO - Resetting environment
2025-03-11 20:37:03,527 - INFO - Resetting environment
2025-03-11 20:37:03,527 - INFO - Resetting environment
2025-03-11 20:37:14,206 - INFO - Resetting environment
2025-03-11 20:37:14,208 - INFO - Resetting environment
2025-03-11 20:37:14,208 - INFO - Resetting environment
2025-03-11 20:37:14,208 - INFO - Resetting environment
2025-03-11 20:37:24,447 - INFO - Resetting environment
2025-03-11 20:37:24,448 - INFO - Resetting environment
2025-03-11 20:37:24,448 - INFO - Resetting environment
2025-03-11 20:37:24,449 - INFO - Resetting environment
2025-03-11 20:37:35,379 - INFO - Resetting environment
2025-03-11 20:37:35,381 - INFO - Resetting environment
2025-03-11 20:37:35,381 - INFO - Resetting environment
2025-03-11 20:37:35,381 - INFO - Resetting environment
2025-03-11 20:37:46,545 - INFO - Resetting environment
2025-03-11 20:37:46,547 - INFO - Resetting environment
2025-03-11 20:37:46,547 - INFO - Resetting environment
2025-03-11 20:37:46,547 - INFO - Resetting environment
2025-03-11 20:37:56,948 - INFO - Resetting environment
2025-03-11 20:37:56,949 - INFO - Resetting environment
2025-03-11 20:37:56,949 - INFO - Resetting environment
2025-03-11 20:37:56,949 - INFO - Resetting environment
2025-03-11 20:38:06,949 - INFO - Resetting environment
2025-03-11 20:38:06,949 - INFO - Resetting environment
2025-03-11 20:38:06,950 - INFO - Resetting environment
2025-03-11 20:38:06,950 - INFO - Resetting environment
2025-03-11 20:38:16,680 - INFO - Resetting environment
2025-03-11 20:38:16,680 - INFO - Resetting environment
2025-03-11 20:38:16,680 - INFO - Resetting environment
2025-03-11 20:38:16,681 - INFO - Resetting environment
2025-03-11 20:38:26,778 - INFO - Resetting environment
2025-03-11 20:38:26,779 - INFO - Resetting environment
2025-03-11 20:38:26,780 - INFO - Resetting environment
2025-03-11 20:38:26,780 - INFO - Resetting environment
2025-03-11 20:38:36,837 - INFO - Resetting environment
2025-03-11 20:38:36,838 - INFO - Resetting environment
2025-03-11 20:38:36,839 - INFO - Resetting environment
2025-03-11 20:38:36,839 - INFO - Resetting environment
2025-03-11 20:38:47,171 - INFO - Resetting environment
2025-03-11 20:38:47,171 - INFO - Resetting environment
2025-03-11 20:38:47,172 - INFO - Resetting environment
2025-03-11 20:38:47,173 - INFO - Resetting environment
2025-03-11 20:38:57,336 - INFO - Resetting environment
2025-03-11 20:38:57,337 - INFO - Resetting environment
2025-03-11 20:38:57,338 - INFO - Resetting environment
2025-03-11 20:38:57,338 - INFO - Resetting environment
2025-03-11 20:39:07,426 - INFO - Resetting environment
2025-03-11 20:39:07,427 - INFO - Resetting environment
2025-03-11 20:39:07,427 - INFO - Resetting environment
2025-03-11 20:39:07,428 - INFO - Resetting environment
2025-03-11 20:39:17,647 - INFO - Resetting environment
2025-03-11 20:39:17,648 - INFO - Resetting environment
2025-03-11 20:39:17,649 - INFO - Resetting environment
2025-03-11 20:39:17,649 - INFO - Resetting environment
2025-03-11 20:39:28,014 - INFO - Resetting environment
2025-03-11 20:39:28,015 - INFO - Resetting environment
2025-03-11 20:39:28,015 - INFO - Resetting environment
2025-03-11 20:39:28,015 - INFO - Resetting environment
2025-03-11 20:39:37,677 - INFO - Resetting environment
2025-03-11 20:39:37,677 - INFO - Resetting environment
2025-03-11 20:39:37,678 - INFO - Resetting environment
2025-03-11 20:39:37,678 - INFO - Resetting environment
2025-03-11 20:39:47,524 - INFO - Resetting environment
2025-03-11 20:39:47,525 - INFO - Resetting environment
2025-03-11 20:39:47,525 - INFO - Resetting environment
2025-03-11 20:39:47,525 - INFO - Resetting environment
2025-03-11 20:39:57,380 - INFO - Resetting environment
2025-03-11 20:39:57,381 - INFO - Resetting environment
2025-03-11 20:39:57,382 - INFO - Resetting environment
2025-03-11 20:39:57,382 - INFO - Resetting environment
2025-03-11 20:40:06,972 - INFO - Resetting environment
2025-03-11 20:40:06,972 - INFO - Resetting environment
2025-03-11 20:40:06,973 - INFO - Resetting environment
2025-03-11 20:40:06,973 - INFO - Resetting environment
2025-03-11 20:40:16,820 - INFO - Resetting environment
2025-03-11 20:40:16,820 - INFO - Resetting environment
2025-03-11 20:40:16,820 - INFO - Resetting environment
2025-03-11 20:40:16,821 - INFO - Resetting environment
2025-03-11 20:40:26,744 - INFO - Resetting environment
2025-03-11 20:40:26,745 - INFO - Resetting environment
2025-03-11 20:40:26,745 - INFO - Resetting environment
2025-03-11 20:40:26,745 - INFO - Resetting environment
2025-03-11 20:40:37,234 - INFO - Resetting environment
2025-03-11 20:40:37,235 - INFO - Resetting environment
2025-03-11 20:40:37,236 - INFO - Resetting environment
2025-03-11 20:40:37,236 - INFO - Resetting environment
2025-03-11 20:40:47,446 - INFO - Resetting environment
2025-03-11 20:40:47,448 - INFO - Resetting environment
2025-03-11 20:40:47,449 - INFO - Resetting environment
2025-03-11 20:40:47,450 - INFO - Resetting environment
2025-03-11 20:40:57,397 - INFO - Resetting environment
2025-03-11 20:40:57,398 - INFO - Resetting environment
2025-03-11 20:40:57,398 - INFO - Resetting environment
2025-03-11 20:40:57,398 - INFO - Resetting environment
2025-03-11 20:41:07,965 - INFO - Resetting environment
2025-03-11 20:41:07,966 - INFO - Resetting environment
2025-03-11 20:41:07,967 - INFO - Resetting environment
2025-03-11 20:41:07,967 - INFO - Resetting environment
2025-03-11 20:41:18,667 - INFO - Resetting environment
2025-03-11 20:41:18,668 - INFO - Resetting environment
2025-03-11 20:41:18,668 - INFO - Resetting environment
2025-03-11 20:41:18,668 - INFO - Resetting environment
2025-03-11 20:41:29,204 - INFO - Resetting environment
2025-03-11 20:41:29,205 - INFO - Resetting environment
2025-03-11 20:41:29,205 - INFO - Resetting environment
2025-03-11 20:41:29,205 - INFO - Resetting environment
2025-03-11 20:41:39,706 - INFO - Resetting environment
2025-03-11 20:41:39,706 - INFO - Resetting environment
2025-03-11 20:41:39,707 - INFO - Resetting environment
2025-03-11 20:41:39,707 - INFO - Resetting environment
2025-03-11 20:41:50,384 - INFO - Resetting environment
2025-03-11 20:41:50,384 - INFO - Resetting environment
2025-03-11 20:41:50,385 - INFO - Resetting environment
2025-03-11 20:41:50,385 - INFO - Resetting environment
2025-03-11 20:42:00,984 - INFO - Resetting environment
2025-03-11 20:42:00,984 - INFO - Resetting environment
2025-03-11 20:42:00,984 - INFO - Resetting environment
2025-03-11 20:42:00,985 - INFO - Resetting environment
2025-03-11 20:42:11,756 - INFO - Resetting environment
2025-03-11 20:42:11,757 - INFO - Resetting environment
2025-03-11 20:42:11,757 - INFO - Resetting environment
2025-03-11 20:42:11,758 - INFO - Resetting environment
2025-03-11 20:42:21,921 - INFO - Resetting environment
2025-03-11 20:42:21,921 - INFO - Resetting environment
2025-03-11 20:42:21,922 - INFO - Resetting environment
2025-03-11 20:42:21,922 - INFO - Resetting environment
2025-03-11 20:42:32,251 - INFO - Resetting environment
2025-03-11 20:42:32,251 - INFO - Resetting environment
2025-03-11 20:42:32,252 - INFO - Resetting environment
2025-03-11 20:42:32,252 - INFO - Resetting environment
2025-03-11 20:42:42,694 - INFO - Resetting environment
2025-03-11 20:42:42,694 - INFO - Resetting environment
2025-03-11 20:42:42,694 - INFO - Resetting environment
2025-03-11 20:42:42,695 - INFO - Resetting environment
2025-03-11 20:42:52,320 - INFO - Resetting environment
2025-03-11 20:42:52,320 - INFO - Resetting environment
2025-03-11 20:42:52,321 - INFO - Resetting environment
2025-03-11 20:42:52,321 - INFO - Resetting environment
2025-03-11 20:43:02,076 - INFO - Resetting environment
2025-03-11 20:43:02,077 - INFO - Resetting environment
2025-03-11 20:43:02,077 - INFO - Resetting environment
2025-03-11 20:43:02,077 - INFO - Resetting environment
2025-03-11 20:43:11,793 - INFO - Resetting environment
2025-03-11 20:43:11,794 - INFO - Resetting environment
2025-03-11 20:43:11,795 - INFO - Resetting environment
2025-03-11 20:43:11,795 - INFO - Resetting environment
2025-03-11 20:43:21,323 - INFO - Resetting environment
2025-03-11 20:43:21,324 - INFO - Resetting environment
2025-03-11 20:43:21,324 - INFO - Resetting environment
2025-03-11 20:43:21,325 - INFO - Resetting environment
2025-03-11 20:43:31,061 - INFO - Resetting environment
2025-03-11 20:43:31,062 - INFO - Resetting environment
2025-03-11 20:43:31,062 - INFO - Resetting environment
2025-03-11 20:43:31,063 - INFO - Resetting environment
2025-03-11 20:43:40,741 - INFO - Resetting environment
2025-03-11 20:43:40,743 - INFO - Resetting environment
2025-03-11 20:43:40,743 - INFO - Resetting environment
2025-03-11 20:43:40,743 - INFO - Resetting environment
2025-03-11 20:43:50,489 - INFO - Resetting environment
2025-03-11 20:43:50,490 - INFO - Resetting environment
2025-03-11 20:43:50,490 - INFO - Resetting environment
2025-03-11 20:43:50,491 - INFO - Resetting environment
2025-03-11 20:44:00,229 - INFO - Resetting environment
2025-03-11 20:44:00,230 - INFO - Resetting environment
2025-03-11 20:44:00,230 - INFO - Resetting environment
2025-03-11 20:44:00,231 - INFO - Resetting environment
2025-03-11 20:44:09,749 - INFO - Resetting environment
2025-03-11 20:44:09,750 - INFO - Resetting environment
2025-03-11 20:44:09,750 - INFO - Resetting environment
2025-03-11 20:44:09,751 - INFO - Resetting environment
2025-03-11 20:44:19,507 - INFO - Resetting environment
2025-03-11 20:44:19,508 - INFO - Resetting environment
2025-03-11 20:44:19,508 - INFO - Resetting environment
2025-03-11 20:44:19,509 - INFO - Resetting environment
2025-03-11 20:44:29,431 - INFO - Resetting environment
2025-03-11 20:44:29,433 - INFO - Resetting environment
2025-03-11 20:44:29,434 - INFO - Resetting environment
2025-03-11 20:44:29,434 - INFO - Resetting environment
2025-03-11 20:44:39,177 - INFO - Resetting environment
2025-03-11 20:44:39,177 - INFO - Resetting environment
2025-03-11 20:44:39,178 - INFO - Resetting environment
2025-03-11 20:44:39,178 - INFO - Resetting environment
