2025-03-09 00:01:41,580 - INFO - Initializing StockTradingEnv
2025-03-09 00:01:41,580 - INFO - Starting data preprocessing with 1980 rows
2025-03-09 00:01:41,581 - INFO - Dropped columns: {'S.N.'}
2025-03-09 00:01:41,591 - INFO - Numeric conversion completed for columns: ['Open', 'High', 'Low', 'Ltp', 'Qty', 'Turnover', '% Change']
2025-03-09 00:01:41,591 - INFO - Converting dates and sorting data
2025-03-09 00:01:41,598 - INFO - Initializing market regime detector
2025-03-09 00:01:41,598 - INFO - Initializing MarketRegimeDetector with 2 states
2025-03-09 00:01:41,599 - INFO - Computing technical indicators
2025-03-09 00:01:41,626 - INFO - Technical indicators computed in 0.028 seconds
2025-03-09 00:01:41,626 - INFO - Fitting market regimes
2025-03-09 00:01:41,627 - INFO - Starting HMM model fitting
2025-03-09 00:01:41,756 - INFO - HMM fitting completed in 0.130 seconds
2025-03-09 00:01:41,757 - INFO - Model score: -4157.113
2025-03-09 00:01:41,758 - INFO - Regime 0: 937 samples (47.32%)
2025-03-09 00:01:41,758 - INFO - Regime 1: 1043 samples (52.68%)
2025-03-09 00:01:41,758 - INFO - Market regimes fitted in 0.131 seconds
2025-03-09 00:01:41,758 - INFO - Environment initialization completed in 0.179 seconds
2025-03-09 00:01:41,759 - INFO - Data shape: (1980, 21), Date range: 2011-04-06 to 2022-04-04
2025-03-09 00:01:43,119 - INFO - Initializing StockTradingEnv
2025-03-09 00:01:43,119 - INFO - Starting data preprocessing with 1980 rows
2025-03-09 00:01:43,121 - INFO - Numeric conversion completed for columns: ['Open', 'High', 'Low', 'Ltp', 'Qty', 'Turnover', '% Change']
2025-03-09 00:01:43,121 - INFO - Converting dates and sorting data
2025-03-09 00:01:43,123 - INFO - Initializing market regime detector
2025-03-09 00:01:43,123 - INFO - Initializing MarketRegimeDetector with 2 states
2025-03-09 00:01:43,124 - INFO - Computing technical indicators
2025-03-09 00:01:43,146 - INFO - Technical indicators computed in 0.022 seconds
2025-03-09 00:01:43,146 - INFO - Fitting market regimes
2025-03-09 00:01:43,146 - INFO - Starting HMM model fitting
2025-03-09 00:01:43,221 - INFO - HMM fitting completed in 0.074 seconds
2025-03-09 00:01:43,221 - INFO - Model score: -4157.113
2025-03-09 00:01:43,221 - INFO - Regime 0: 937 samples (47.32%)
2025-03-09 00:01:43,221 - INFO - Regime 1: 1043 samples (52.68%)
2025-03-09 00:01:43,221 - INFO - Market regimes fitted in 0.075 seconds
2025-03-09 00:01:43,222 - INFO - Environment initialization completed in 0.103 seconds
2025-03-09 00:01:43,222 - INFO - Data shape: (1980, 21), Date range: 2011-04-06 to 2022-04-04
2025-03-09 00:01:43,222 - INFO - Initializing StockTradingEnv
2025-03-09 00:01:43,222 - INFO - Starting data preprocessing with 1980 rows
2025-03-09 00:01:43,223 - INFO - Numeric conversion completed for columns: ['Open', 'High', 'Low', 'Ltp', 'Qty', 'Turnover', '% Change']
2025-03-09 00:01:43,223 - INFO - Converting dates and sorting data
2025-03-09 00:01:43,225 - INFO - Initializing market regime detector
2025-03-09 00:01:43,225 - INFO - Initializing MarketRegimeDetector with 2 states
2025-03-09 00:01:43,225 - INFO - Computing technical indicators
2025-03-09 00:01:43,247 - INFO - Technical indicators computed in 0.022 seconds
2025-03-09 00:01:43,247 - INFO - Fitting market regimes
2025-03-09 00:01:43,247 - INFO - Starting HMM model fitting
2025-03-09 00:01:43,313 - INFO - HMM fitting completed in 0.066 seconds
2025-03-09 00:01:43,313 - INFO - Model score: -4157.113
2025-03-09 00:01:43,313 - INFO - Regime 0: 937 samples (47.32%)
2025-03-09 00:01:43,313 - INFO - Regime 1: 1043 samples (52.68%)
2025-03-09 00:01:43,313 - INFO - Market regimes fitted in 0.067 seconds
2025-03-09 00:01:43,314 - INFO - Environment initialization completed in 0.091 seconds
2025-03-09 00:01:43,314 - INFO - Data shape: (1980, 21), Date range: 2011-04-06 to 2022-04-04
2025-03-09 00:01:43,314 - INFO - Initializing StockTradingEnv
2025-03-09 00:01:43,314 - INFO - Starting data preprocessing with 1980 rows
2025-03-09 00:01:43,315 - INFO - Numeric conversion completed for columns: ['Open', 'High', 'Low', 'Ltp', 'Qty', 'Turnover', '% Change']
2025-03-09 00:01:43,315 - INFO - Converting dates and sorting data
2025-03-09 00:01:43,317 - INFO - Initializing market regime detector
2025-03-09 00:01:43,317 - INFO - Initializing MarketRegimeDetector with 2 states
2025-03-09 00:01:43,317 - INFO - Computing technical indicators
2025-03-09 00:01:43,339 - INFO - Technical indicators computed in 0.022 seconds
2025-03-09 00:01:43,339 - INFO - Fitting market regimes
2025-03-09 00:01:43,339 - INFO - Starting HMM model fitting
2025-03-09 00:01:43,407 - INFO - HMM fitting completed in 0.068 seconds
2025-03-09 00:01:43,408 - INFO - Model score: -4157.113
2025-03-09 00:01:43,408 - INFO - Regime 0: 937 samples (47.32%)
2025-03-09 00:01:43,408 - INFO - Regime 1: 1043 samples (52.68%)
2025-03-09 00:01:43,408 - INFO - Market regimes fitted in 0.069 seconds
2025-03-09 00:01:43,409 - INFO - Environment initialization completed in 0.094 seconds
2025-03-09 00:01:43,409 - INFO - Data shape: (1980, 21), Date range: 2011-04-06 to 2022-04-04
2025-03-09 00:01:43,409 - INFO - Initializing StockTradingEnv
2025-03-09 00:01:43,409 - INFO - Starting data preprocessing with 1980 rows
2025-03-09 00:01:43,410 - INFO - Numeric conversion completed for columns: ['Open', 'High', 'Low', 'Ltp', 'Qty', 'Turnover', '% Change']
2025-03-09 00:01:43,410 - INFO - Converting dates and sorting data
2025-03-09 00:01:43,416 - INFO - Initializing market regime detector
2025-03-09 00:01:43,416 - INFO - Initializing MarketRegimeDetector with 2 states
2025-03-09 00:01:43,416 - INFO - Computing technical indicators
2025-03-09 00:01:43,438 - INFO - Technical indicators computed in 0.022 seconds
2025-03-09 00:01:43,438 - INFO - Fitting market regimes
2025-03-09 00:01:43,438 - INFO - Starting HMM model fitting
2025-03-09 00:01:43,503 - INFO - HMM fitting completed in 0.065 seconds
2025-03-09 00:01:43,504 - INFO - Model score: -4157.113
2025-03-09 00:01:43,504 - INFO - Regime 0: 937 samples (47.32%)
2025-03-09 00:01:43,504 - INFO - Regime 1: 1043 samples (52.68%)
2025-03-09 00:01:43,504 - INFO - Market regimes fitted in 0.066 seconds
2025-03-09 00:01:43,504 - INFO - Environment initialization completed in 0.095 seconds
2025-03-09 00:01:43,504 - INFO - Data shape: (1980, 21), Date range: 2011-04-06 to 2022-04-04
2025-03-09 00:01:43,504 - INFO - Resetting environment
2025-03-09 00:01:43,505 - INFO - Resetting environment
2025-03-09 00:01:43,506 - INFO - Resetting environment
2025-03-09 00:01:43,506 - INFO - Resetting environment
2025-03-09 00:01:57,514 - INFO - Resetting environment
2025-03-09 00:01:57,515 - INFO - Resetting environment
2025-03-09 00:01:57,516 - INFO - Resetting environment
2025-03-09 00:01:57,516 - INFO - Resetting environment
2025-03-09 00:02:10,278 - INFO - Resetting environment
2025-03-09 00:02:10,279 - INFO - Resetting environment
2025-03-09 00:02:10,280 - INFO - Resetting environment
2025-03-09 00:02:10,280 - INFO - Resetting environment
2025-03-09 00:02:22,667 - INFO - Resetting environment
2025-03-09 00:02:22,668 - INFO - Resetting environment
2025-03-09 00:02:22,669 - INFO - Resetting environment
2025-03-09 00:02:22,669 - INFO - Resetting environment
2025-03-09 00:02:35,546 - INFO - Resetting environment
2025-03-09 00:02:35,547 - INFO - Resetting environment
2025-03-09 00:02:35,548 - INFO - Resetting environment
2025-03-09 00:02:35,548 - INFO - Resetting environment
2025-03-09 00:02:48,485 - INFO - Resetting environment
2025-03-09 00:02:48,485 - INFO - Resetting environment
2025-03-09 00:02:48,486 - INFO - Resetting environment
2025-03-09 00:02:48,487 - INFO - Resetting environment
2025-03-09 00:03:00,877 - INFO - Resetting environment
2025-03-09 00:03:00,878 - INFO - Resetting environment
2025-03-09 00:03:00,878 - INFO - Resetting environment
2025-03-09 00:03:00,879 - INFO - Resetting environment
2025-03-09 00:03:13,728 - INFO - Resetting environment
2025-03-09 00:03:13,730 - INFO - Resetting environment
2025-03-09 00:03:13,731 - INFO - Resetting environment
2025-03-09 00:03:13,731 - INFO - Resetting environment
2025-03-09 00:03:26,407 - INFO - Resetting environment
2025-03-09 00:03:26,408 - INFO - Resetting environment
2025-03-09 00:03:26,409 - INFO - Resetting environment
2025-03-09 00:03:26,409 - INFO - Resetting environment
2025-03-09 00:03:39,039 - INFO - Resetting environment
2025-03-09 00:03:39,039 - INFO - Resetting environment
2025-03-09 00:03:39,040 - INFO - Resetting environment
2025-03-09 00:03:39,041 - INFO - Resetting environment
2025-03-09 00:03:52,124 - INFO - Resetting environment
2025-03-09 00:03:52,125 - INFO - Resetting environment
2025-03-09 00:03:52,126 - INFO - Resetting environment
2025-03-09 00:03:52,126 - INFO - Resetting environment
2025-03-09 00:04:04,683 - INFO - Resetting environment
2025-03-09 00:04:04,684 - INFO - Resetting environment
2025-03-09 00:04:04,685 - INFO - Resetting environment
2025-03-09 00:04:04,685 - INFO - Resetting environment
2025-03-09 00:04:17,659 - INFO - Resetting environment
2025-03-09 00:04:17,660 - INFO - Resetting environment
2025-03-09 00:04:17,661 - INFO - Resetting environment
2025-03-09 00:04:17,661 - INFO - Resetting environment
2025-03-09 00:04:30,576 - INFO - Resetting environment
2025-03-09 00:04:30,577 - INFO - Resetting environment
2025-03-09 00:04:30,577 - INFO - Resetting environment
2025-03-09 00:04:30,578 - INFO - Resetting environment
2025-03-09 00:04:43,119 - INFO - Resetting environment
2025-03-09 00:04:43,120 - INFO - Resetting environment
2025-03-09 00:04:43,120 - INFO - Resetting environment
2025-03-09 00:04:43,121 - INFO - Resetting environment
2025-03-09 00:04:55,845 - INFO - Resetting environment
2025-03-09 00:04:55,846 - INFO - Resetting environment
2025-03-09 00:04:55,847 - INFO - Resetting environment
2025-03-09 00:04:55,847 - INFO - Resetting environment
2025-03-09 00:05:08,586 - INFO - Resetting environment
2025-03-09 00:05:08,588 - INFO - Resetting environment
2025-03-09 00:05:08,588 - INFO - Resetting environment
2025-03-09 00:05:08,589 - INFO - Resetting environment
2025-03-09 00:05:21,052 - INFO - Resetting environment
2025-03-09 00:05:21,053 - INFO - Resetting environment
2025-03-09 00:05:21,054 - INFO - Resetting environment
2025-03-09 00:05:21,055 - INFO - Resetting environment
2025-03-09 00:05:33,695 - INFO - Resetting environment
2025-03-09 00:05:33,696 - INFO - Resetting environment
2025-03-09 00:05:33,697 - INFO - Resetting environment
2025-03-09 00:05:33,697 - INFO - Resetting environment
2025-03-09 00:05:46,194 - INFO - Resetting environment
2025-03-09 00:05:46,196 - INFO - Resetting environment
2025-03-09 00:05:46,196 - INFO - Resetting environment
2025-03-09 00:05:46,197 - INFO - Resetting environment
2025-03-09 00:05:59,041 - INFO - Resetting environment
2025-03-09 00:05:59,042 - INFO - Resetting environment
2025-03-09 00:05:59,042 - INFO - Resetting environment
2025-03-09 00:05:59,043 - INFO - Resetting environment
2025-03-09 00:06:11,750 - INFO - Resetting environment
2025-03-09 00:06:11,751 - INFO - Resetting environment
2025-03-09 00:06:11,752 - INFO - Resetting environment
2025-03-09 00:06:11,752 - INFO - Resetting environment
2025-03-09 00:06:24,162 - INFO - Resetting environment
2025-03-09 00:06:24,163 - INFO - Resetting environment
2025-03-09 00:06:24,163 - INFO - Resetting environment
2025-03-09 00:06:24,164 - INFO - Resetting environment
2025-03-09 00:06:37,069 - INFO - Resetting environment
2025-03-09 00:06:37,070 - INFO - Resetting environment
2025-03-09 00:06:37,071 - INFO - Resetting environment
2025-03-09 00:06:37,072 - INFO - Resetting environment
2025-03-09 00:06:49,981 - INFO - Resetting environment
2025-03-09 00:06:49,982 - INFO - Resetting environment
2025-03-09 00:06:49,983 - INFO - Resetting environment
2025-03-09 00:06:49,983 - INFO - Resetting environment
2025-03-09 00:07:02,692 - INFO - Resetting environment
2025-03-09 00:07:02,692 - INFO - Resetting environment
2025-03-09 00:07:02,693 - INFO - Resetting environment
2025-03-09 00:07:02,693 - INFO - Resetting environment
2025-03-09 00:07:15,602 - INFO - Resetting environment
2025-03-09 00:07:15,604 - INFO - Resetting environment
2025-03-09 00:07:15,604 - INFO - Resetting environment
2025-03-09 00:07:15,605 - INFO - Resetting environment
2025-03-09 00:07:28,431 - INFO - Resetting environment
2025-03-09 00:07:28,432 - INFO - Resetting environment
2025-03-09 00:07:28,433 - INFO - Resetting environment
2025-03-09 00:07:28,433 - INFO - Resetting environment
2025-03-09 00:07:41,465 - INFO - Resetting environment
2025-03-09 00:07:41,466 - INFO - Resetting environment
2025-03-09 00:07:41,467 - INFO - Resetting environment
2025-03-09 00:07:41,467 - INFO - Resetting environment
2025-03-09 00:07:54,458 - INFO - Resetting environment
2025-03-09 00:07:54,458 - INFO - Resetting environment
2025-03-09 00:07:54,459 - INFO - Resetting environment
2025-03-09 00:07:54,459 - INFO - Resetting environment
2025-03-09 00:08:07,457 - INFO - Resetting environment
2025-03-09 00:08:07,459 - INFO - Resetting environment
2025-03-09 00:08:07,460 - INFO - Resetting environment
2025-03-09 00:08:07,460 - INFO - Resetting environment
2025-03-09 00:08:20,314 - INFO - Resetting environment
2025-03-09 00:08:20,315 - INFO - Resetting environment
2025-03-09 00:08:20,316 - INFO - Resetting environment
2025-03-09 00:08:20,316 - INFO - Resetting environment
2025-03-09 00:08:33,736 - INFO - Resetting environment
2025-03-09 00:08:33,738 - INFO - Resetting environment
2025-03-09 00:08:33,738 - INFO - Resetting environment
2025-03-09 00:08:33,739 - INFO - Resetting environment
2025-03-09 00:08:47,023 - INFO - Resetting environment
2025-03-09 00:08:47,024 - INFO - Resetting environment
2025-03-09 00:08:47,025 - INFO - Resetting environment
2025-03-09 00:08:47,025 - INFO - Resetting environment
2025-03-09 00:08:59,916 - INFO - Resetting environment
2025-03-09 00:08:59,917 - INFO - Resetting environment
2025-03-09 00:08:59,917 - INFO - Resetting environment
2025-03-09 00:08:59,918 - INFO - Resetting environment
2025-03-09 00:09:12,501 - INFO - Resetting environment
2025-03-09 00:09:12,502 - INFO - Resetting environment
2025-03-09 00:09:12,503 - INFO - Resetting environment
2025-03-09 00:09:12,503 - INFO - Resetting environment
2025-03-09 00:09:25,520 - INFO - Resetting environment
2025-03-09 00:09:25,521 - INFO - Resetting environment
2025-03-09 00:09:25,522 - INFO - Resetting environment
2025-03-09 00:09:25,522 - INFO - Resetting environment
2025-03-09 00:09:38,489 - INFO - Resetting environment
2025-03-09 00:09:38,490 - INFO - Resetting environment
2025-03-09 00:09:38,491 - INFO - Resetting environment
2025-03-09 00:09:38,491 - INFO - Resetting environment
2025-03-09 00:09:51,095 - INFO - Resetting environment
2025-03-09 00:09:51,095 - INFO - Resetting environment
2025-03-09 00:09:51,096 - INFO - Resetting environment
2025-03-09 00:09:51,096 - INFO - Resetting environment
2025-03-09 00:10:04,238 - INFO - Resetting environment
2025-03-09 00:10:04,240 - INFO - Resetting environment
2025-03-09 00:10:04,241 - INFO - Resetting environment
2025-03-09 00:10:04,241 - INFO - Resetting environment
2025-03-09 00:10:16,872 - INFO - Resetting environment
2025-03-09 00:10:16,873 - INFO - Resetting environment
2025-03-09 00:10:16,873 - INFO - Resetting environment
2025-03-09 00:10:16,874 - INFO - Resetting environment
2025-03-09 00:10:29,581 - INFO - Resetting environment
2025-03-09 00:10:29,581 - INFO - Resetting environment
2025-03-09 00:10:29,582 - INFO - Resetting environment
2025-03-09 00:10:29,582 - INFO - Resetting environment
2025-03-09 00:10:42,286 - INFO - Resetting environment
2025-03-09 00:10:42,288 - INFO - Resetting environment
2025-03-09 00:10:42,289 - INFO - Resetting environment
2025-03-09 00:10:42,290 - INFO - Resetting environment
2025-03-09 00:10:54,708 - INFO - Resetting environment
2025-03-09 00:10:54,709 - INFO - Resetting environment
2025-03-09 00:10:54,710 - INFO - Resetting environment
2025-03-09 00:10:54,710 - INFO - Resetting environment
2025-03-09 00:11:07,461 - INFO - Resetting environment
2025-03-09 00:11:07,462 - INFO - Resetting environment
2025-03-09 00:11:07,462 - INFO - Resetting environment
2025-03-09 00:11:07,463 - INFO - Resetting environment
2025-03-09 00:11:20,174 - INFO - Resetting environment
2025-03-09 00:11:20,175 - INFO - Resetting environment
2025-03-09 00:11:20,176 - INFO - Resetting environment
2025-03-09 00:11:20,176 - INFO - Resetting environment
2025-03-09 00:11:40,340 - INFO - Resetting environment
2025-03-09 00:11:40,342 - INFO - Resetting environment
2025-03-09 00:11:40,342 - INFO - Resetting environment
2025-03-09 00:11:40,343 - INFO - Resetting environment
2025-03-09 00:11:55,314 - INFO - Resetting environment
2025-03-09 00:11:55,315 - INFO - Resetting environment
2025-03-09 00:11:55,316 - INFO - Resetting environment
2025-03-09 00:11:55,316 - INFO - Resetting environment
2025-03-09 00:12:09,144 - INFO - Resetting environment
2025-03-09 00:12:09,145 - INFO - Resetting environment
2025-03-09 00:12:09,146 - INFO - Resetting environment
2025-03-09 00:12:09,147 - INFO - Resetting environment
2025-03-09 00:12:21,742 - INFO - Resetting environment
2025-03-09 00:12:21,743 - INFO - Resetting environment
2025-03-09 00:12:21,744 - INFO - Resetting environment
2025-03-09 00:12:21,744 - INFO - Resetting environment
2025-03-09 00:12:34,819 - INFO - Resetting environment
2025-03-09 00:12:34,820 - INFO - Resetting environment
2025-03-09 00:12:34,821 - INFO - Resetting environment
2025-03-09 00:12:34,821 - INFO - Resetting environment
2025-03-09 00:12:47,755 - INFO - Resetting environment
2025-03-09 00:12:47,756 - INFO - Resetting environment
2025-03-09 00:12:47,756 - INFO - Resetting environment
2025-03-09 00:12:47,757 - INFO - Resetting environment
2025-03-09 00:13:01,062 - INFO - Resetting environment
2025-03-09 00:13:01,062 - INFO - Resetting environment
2025-03-09 00:13:01,063 - INFO - Resetting environment
2025-03-09 00:13:01,063 - INFO - Resetting environment
2025-03-09 00:13:15,173 - INFO - Resetting environment
2025-03-09 00:13:15,174 - INFO - Resetting environment
2025-03-09 00:13:15,175 - INFO - Resetting environment
2025-03-09 00:13:15,176 - INFO - Resetting environment
2025-03-09 00:13:28,060 - INFO - Resetting environment
2025-03-09 00:13:28,061 - INFO - Resetting environment
2025-03-09 00:13:28,062 - INFO - Resetting environment
2025-03-09 00:13:28,062 - INFO - Resetting environment
2025-03-09 00:13:41,033 - INFO - Resetting environment
2025-03-09 00:13:41,034 - INFO - Resetting environment
2025-03-09 00:13:41,035 - INFO - Resetting environment
2025-03-09 00:13:41,036 - INFO - Resetting environment
2025-03-09 00:13:53,934 - INFO - Resetting environment
2025-03-09 00:13:53,935 - INFO - Resetting environment
2025-03-09 00:13:53,936 - INFO - Resetting environment
2025-03-09 00:13:53,936 - INFO - Resetting environment
2025-03-09 00:14:06,604 - INFO - Resetting environment
2025-03-09 00:14:06,604 - INFO - Resetting environment
2025-03-09 00:14:06,605 - INFO - Resetting environment
2025-03-09 00:14:06,606 - INFO - Resetting environment
2025-03-09 00:14:19,546 - INFO - Resetting environment
2025-03-09 00:14:19,546 - INFO - Resetting environment
2025-03-09 00:14:19,547 - INFO - Resetting environment
2025-03-09 00:14:19,547 - INFO - Resetting environment
2025-03-09 00:14:32,182 - INFO - Resetting environment
2025-03-09 00:14:32,184 - INFO - Resetting environment
2025-03-09 00:14:32,184 - INFO - Resetting environment
2025-03-09 00:14:32,185 - INFO - Resetting environment
2025-03-09 00:14:45,560 - INFO - Resetting environment
2025-03-09 00:14:45,561 - INFO - Resetting environment
2025-03-09 00:14:45,561 - INFO - Resetting environment
2025-03-09 00:14:45,562 - INFO - Resetting environment
2025-03-09 00:14:58,419 - INFO - Resetting environment
2025-03-09 00:14:58,420 - INFO - Resetting environment
2025-03-09 00:14:58,421 - INFO - Resetting environment
2025-03-09 00:14:58,421 - INFO - Resetting environment
2025-03-09 00:15:11,186 - INFO - Resetting environment
2025-03-09 00:15:11,188 - INFO - Resetting environment
2025-03-09 00:15:11,188 - INFO - Resetting environment
2025-03-09 00:15:11,189 - INFO - Resetting environment
2025-03-09 00:15:24,174 - INFO - Resetting environment
2025-03-09 00:15:24,175 - INFO - Resetting environment
2025-03-09 00:15:24,176 - INFO - Resetting environment
2025-03-09 00:15:24,176 - INFO - Resetting environment
2025-03-09 00:15:37,260 - INFO - Resetting environment
2025-03-09 00:15:37,261 - INFO - Resetting environment
2025-03-09 00:15:37,262 - INFO - Resetting environment
2025-03-09 00:15:37,263 - INFO - Resetting environment
2025-03-09 00:15:49,976 - INFO - Resetting environment
2025-03-09 00:15:49,976 - INFO - Resetting environment
2025-03-09 00:15:49,977 - INFO - Resetting environment
2025-03-09 00:15:49,978 - INFO - Resetting environment
2025-03-09 00:16:03,114 - INFO - Resetting environment
2025-03-09 00:16:03,115 - INFO - Resetting environment
2025-03-09 00:16:03,116 - INFO - Resetting environment
2025-03-09 00:16:03,116 - INFO - Resetting environment
2025-03-09 00:16:15,875 - INFO - Resetting environment
2025-03-09 00:16:15,876 - INFO - Resetting environment
2025-03-09 00:16:15,876 - INFO - Resetting environment
2025-03-09 00:16:15,877 - INFO - Resetting environment
2025-03-09 00:16:28,746 - INFO - Resetting environment
2025-03-09 00:16:28,748 - INFO - Resetting environment
2025-03-09 00:16:28,748 - INFO - Resetting environment
2025-03-09 00:16:28,749 - INFO - Resetting environment
2025-03-09 00:16:42,043 - INFO - Resetting environment
2025-03-09 00:16:42,044 - INFO - Resetting environment
2025-03-09 00:16:42,045 - INFO - Resetting environment
2025-03-09 00:16:42,045 - INFO - Resetting environment
2025-03-09 00:16:55,780 - INFO - Resetting environment
2025-03-09 00:16:55,781 - INFO - Resetting environment
2025-03-09 00:16:55,782 - INFO - Resetting environment
2025-03-09 00:16:55,782 - INFO - Resetting environment
2025-03-09 00:17:09,503 - INFO - Resetting environment
2025-03-09 00:17:09,505 - INFO - Resetting environment
2025-03-09 00:17:09,505 - INFO - Resetting environment
2025-03-09 00:17:09,506 - INFO - Resetting environment
2025-03-09 00:17:23,127 - INFO - Resetting environment
2025-03-09 00:17:23,128 - INFO - Resetting environment
2025-03-09 00:17:23,128 - INFO - Resetting environment
2025-03-09 00:17:23,129 - INFO - Resetting environment
2025-03-09 00:17:36,575 - INFO - Resetting environment
2025-03-09 00:17:36,576 - INFO - Resetting environment
2025-03-09 00:17:36,577 - INFO - Resetting environment
2025-03-09 00:17:36,578 - INFO - Resetting environment
2025-03-09 00:17:49,402 - INFO - Resetting environment
2025-03-09 00:17:49,403 - INFO - Resetting environment
2025-03-09 00:17:49,403 - INFO - Resetting environment
2025-03-09 00:17:49,404 - INFO - Resetting environment
2025-03-09 00:18:02,521 - INFO - Resetting environment
2025-03-09 00:18:02,523 - INFO - Resetting environment
2025-03-09 00:18:02,523 - INFO - Resetting environment
2025-03-09 00:18:02,524 - INFO - Resetting environment
2025-03-09 00:18:16,349 - INFO - Resetting environment
2025-03-09 00:18:16,350 - INFO - Resetting environment
2025-03-09 00:18:16,350 - INFO - Resetting environment
2025-03-09 00:18:16,351 - INFO - Resetting environment
2025-03-09 00:18:29,781 - INFO - Resetting environment
2025-03-09 00:18:29,782 - INFO - Resetting environment
2025-03-09 00:18:29,782 - INFO - Resetting environment
2025-03-09 00:18:29,783 - INFO - Resetting environment
2025-03-09 00:18:43,699 - INFO - Resetting environment
2025-03-09 00:18:43,700 - INFO - Resetting environment
2025-03-09 00:18:43,701 - INFO - Resetting environment
2025-03-09 00:18:43,701 - INFO - Resetting environment
2025-03-09 00:18:57,869 - INFO - Resetting environment
2025-03-09 00:18:57,870 - INFO - Resetting environment
2025-03-09 00:18:57,871 - INFO - Resetting environment
2025-03-09 00:18:57,871 - INFO - Resetting environment
2025-03-09 00:19:11,558 - INFO - Resetting environment
2025-03-09 00:19:11,559 - INFO - Resetting environment
2025-03-09 00:19:11,560 - INFO - Resetting environment
2025-03-09 00:19:11,560 - INFO - Resetting environment
2025-03-09 00:19:25,326 - INFO - Resetting environment
2025-03-09 00:19:25,326 - INFO - Resetting environment
2025-03-09 00:19:25,327 - INFO - Resetting environment
2025-03-09 00:19:25,328 - INFO - Resetting environment
2025-03-09 00:19:39,031 - INFO - Resetting environment
2025-03-09 00:19:39,032 - INFO - Resetting environment
2025-03-09 00:19:39,033 - INFO - Resetting environment
2025-03-09 00:19:39,033 - INFO - Resetting environment
2025-03-09 00:19:52,365 - INFO - Resetting environment
2025-03-09 00:19:52,366 - INFO - Resetting environment
2025-03-09 00:19:52,366 - INFO - Resetting environment
2025-03-09 00:19:52,367 - INFO - Resetting environment
2025-03-09 00:20:06,246 - INFO - Resetting environment
2025-03-09 00:20:06,247 - INFO - Resetting environment
2025-03-09 00:20:06,247 - INFO - Resetting environment
2025-03-09 00:20:06,248 - INFO - Resetting environment
2025-03-09 00:20:20,049 - INFO - Resetting environment
2025-03-09 00:20:20,051 - INFO - Resetting environment
2025-03-09 00:20:20,051 - INFO - Resetting environment
2025-03-09 00:20:20,052 - INFO - Resetting environment
2025-03-09 00:20:33,492 - INFO - Resetting environment
2025-03-09 00:20:33,493 - INFO - Resetting environment
2025-03-09 00:20:33,494 - INFO - Resetting environment
2025-03-09 00:20:33,495 - INFO - Resetting environment
2025-03-09 00:20:47,152 - INFO - Resetting environment
2025-03-09 00:20:47,153 - INFO - Resetting environment
2025-03-09 00:20:47,154 - INFO - Resetting environment
2025-03-09 00:20:47,154 - INFO - Resetting environment
2025-03-09 00:21:01,198 - INFO - Resetting environment
2025-03-09 00:21:01,199 - INFO - Resetting environment
2025-03-09 00:21:01,200 - INFO - Resetting environment
2025-03-09 00:21:01,200 - INFO - Resetting environment
2025-03-09 00:21:14,724 - INFO - Resetting environment
2025-03-09 00:21:14,725 - INFO - Resetting environment
2025-03-09 00:21:14,726 - INFO - Resetting environment
2025-03-09 00:21:14,726 - INFO - Resetting environment
2025-03-09 00:21:27,961 - INFO - Resetting environment
2025-03-09 00:21:27,961 - INFO - Resetting environment
2025-03-09 00:21:27,962 - INFO - Resetting environment
2025-03-09 00:21:27,962 - INFO - Resetting environment
2025-03-09 00:21:41,311 - INFO - Resetting environment
2025-03-09 00:21:41,312 - INFO - Resetting environment
2025-03-09 00:21:41,313 - INFO - Resetting environment
2025-03-09 00:21:41,314 - INFO - Resetting environment
2025-03-09 00:21:55,301 - INFO - Resetting environment
2025-03-09 00:21:55,303 - INFO - Resetting environment
2025-03-09 00:21:55,303 - INFO - Resetting environment
2025-03-09 00:21:55,304 - INFO - Resetting environment
2025-03-09 00:22:08,378 - INFO - Resetting environment
2025-03-09 00:22:08,379 - INFO - Resetting environment
2025-03-09 00:22:08,380 - INFO - Resetting environment
2025-03-09 00:22:08,380 - INFO - Resetting environment
2025-03-09 00:22:20,974 - INFO - Resetting environment
2025-03-09 00:22:20,975 - INFO - Resetting environment
2025-03-09 00:22:20,976 - INFO - Resetting environment
2025-03-09 00:22:20,976 - INFO - Resetting environment
2025-03-09 00:22:33,842 - INFO - Resetting environment
2025-03-09 00:22:33,844 - INFO - Resetting environment
2025-03-09 00:22:33,844 - INFO - Resetting environment
2025-03-09 00:22:33,845 - INFO - Resetting environment
2025-03-09 00:22:46,775 - INFO - Resetting environment
2025-03-09 00:22:46,775 - INFO - Resetting environment
2025-03-09 00:22:46,776 - INFO - Resetting environment
2025-03-09 00:22:46,777 - INFO - Resetting environment
2025-03-09 00:22:59,546 - INFO - Resetting environment
2025-03-09 00:22:59,547 - INFO - Resetting environment
2025-03-09 00:22:59,548 - INFO - Resetting environment
2025-03-09 00:22:59,548 - INFO - Resetting environment
2025-03-09 00:23:13,102 - INFO - Resetting environment
2025-03-09 00:23:13,103 - INFO - Resetting environment
2025-03-09 00:23:13,103 - INFO - Resetting environment
2025-03-09 00:23:13,104 - INFO - Resetting environment
2025-03-09 00:23:25,702 - INFO - Resetting environment
2025-03-09 00:23:25,702 - INFO - Resetting environment
2025-03-09 00:23:25,703 - INFO - Resetting environment
2025-03-09 00:23:25,703 - INFO - Resetting environment
2025-03-09 00:23:38,638 - INFO - Resetting environment
2025-03-09 00:23:38,639 - INFO - Resetting environment
2025-03-09 00:23:38,639 - INFO - Resetting environment
2025-03-09 00:23:38,640 - INFO - Resetting environment
2025-03-09 00:23:51,652 - INFO - Resetting environment
2025-03-09 00:23:51,653 - INFO - Resetting environment
2025-03-09 00:23:51,654 - INFO - Resetting environment
2025-03-09 00:23:51,654 - INFO - Resetting environment
2025-03-09 00:24:04,192 - INFO - Resetting environment
2025-03-09 00:24:04,193 - INFO - Resetting environment
2025-03-09 00:24:04,194 - INFO - Resetting environment
2025-03-09 00:24:04,194 - INFO - Resetting environment
2025-03-09 00:24:17,236 - INFO - Resetting environment
2025-03-09 00:24:17,237 - INFO - Resetting environment
2025-03-09 00:24:17,238 - INFO - Resetting environment
2025-03-09 00:24:17,238 - INFO - Resetting environment
2025-03-09 00:24:30,588 - INFO - Resetting environment
2025-03-09 00:24:30,589 - INFO - Resetting environment
2025-03-09 00:24:30,589 - INFO - Resetting environment
2025-03-09 00:24:30,590 - INFO - Resetting environment
2025-03-09 00:24:43,320 - INFO - Resetting environment
2025-03-09 00:24:43,323 - INFO - Resetting environment
2025-03-09 00:24:43,323 - INFO - Resetting environment
2025-03-09 00:24:43,324 - INFO - Resetting environment
2025-03-09 00:24:56,418 - INFO - Resetting environment
2025-03-09 00:24:56,419 - INFO - Resetting environment
2025-03-09 00:24:56,419 - INFO - Resetting environment
2025-03-09 00:24:56,420 - INFO - Resetting environment
2025-03-09 00:25:09,213 - INFO - Resetting environment
2025-03-09 00:25:09,214 - INFO - Resetting environment
2025-03-09 00:25:09,215 - INFO - Resetting environment
2025-03-09 00:25:09,215 - INFO - Resetting environment
2025-03-09 00:25:22,814 - INFO - Resetting environment
2025-03-09 00:25:22,817 - INFO - Resetting environment
2025-03-09 00:25:22,818 - INFO - Resetting environment
2025-03-09 00:25:22,818 - INFO - Resetting environment
2025-03-09 00:25:35,726 - INFO - Resetting environment
2025-03-09 00:25:35,727 - INFO - Resetting environment
2025-03-09 00:25:35,727 - INFO - Resetting environment
2025-03-09 00:25:35,728 - INFO - Resetting environment
2025-03-09 00:25:48,724 - INFO - Resetting environment
2025-03-09 00:25:48,725 - INFO - Resetting environment
2025-03-09 00:25:48,726 - INFO - Resetting environment
2025-03-09 00:25:48,726 - INFO - Resetting environment
2025-03-09 00:26:02,391 - INFO - Resetting environment
2025-03-09 00:26:02,393 - INFO - Resetting environment
2025-03-09 00:26:02,394 - INFO - Resetting environment
2025-03-09 00:26:02,394 - INFO - Resetting environment
2025-03-09 00:26:16,105 - INFO - Resetting environment
2025-03-09 00:26:16,106 - INFO - Resetting environment
2025-03-09 00:26:16,107 - INFO - Resetting environment
2025-03-09 00:26:16,108 - INFO - Resetting environment
2025-03-09 00:26:29,393 - INFO - Resetting environment
2025-03-09 00:26:29,393 - INFO - Resetting environment
2025-03-09 00:26:29,394 - INFO - Resetting environment
2025-03-09 00:26:29,395 - INFO - Resetting environment
2025-03-09 00:26:43,138 - INFO - Resetting environment
2025-03-09 00:26:43,139 - INFO - Resetting environment
2025-03-09 00:26:43,140 - INFO - Resetting environment
2025-03-09 00:26:43,140 - INFO - Resetting environment
2025-03-09 00:26:56,678 - INFO - Resetting environment
2025-03-09 00:26:56,679 - INFO - Resetting environment
2025-03-09 00:26:56,680 - INFO - Resetting environment
2025-03-09 00:26:56,681 - INFO - Resetting environment
2025-03-09 00:27:10,672 - INFO - Resetting environment
2025-03-09 00:27:10,672 - INFO - Resetting environment
2025-03-09 00:27:10,673 - INFO - Resetting environment
2025-03-09 00:27:10,674 - INFO - Resetting environment
2025-03-09 00:27:24,364 - INFO - Resetting environment
2025-03-09 00:27:24,365 - INFO - Resetting environment
2025-03-09 00:27:24,366 - INFO - Resetting environment
2025-03-09 00:27:24,367 - INFO - Resetting environment
2025-03-09 00:27:37,686 - INFO - Resetting environment
2025-03-09 00:27:37,686 - INFO - Resetting environment
2025-03-09 00:27:37,687 - INFO - Resetting environment
2025-03-09 00:27:37,688 - INFO - Resetting environment
2025-03-09 00:27:51,216 - INFO - Resetting environment
2025-03-09 00:27:51,217 - INFO - Resetting environment
2025-03-09 00:27:51,218 - INFO - Resetting environment
2025-03-09 00:27:51,218 - INFO - Resetting environment
2025-03-09 00:28:04,724 - INFO - Resetting environment
2025-03-09 00:28:04,726 - INFO - Resetting environment
2025-03-09 00:28:04,726 - INFO - Resetting environment
2025-03-09 00:28:04,727 - INFO - Resetting environment
2025-03-09 00:28:17,752 - INFO - Resetting environment
2025-03-09 00:28:17,754 - INFO - Resetting environment
2025-03-09 00:28:17,755 - INFO - Resetting environment
2025-03-09 00:28:17,755 - INFO - Resetting environment
2025-03-09 00:28:30,551 - INFO - Resetting environment
2025-03-09 00:28:30,553 - INFO - Resetting environment
2025-03-09 00:28:30,553 - INFO - Resetting environment
2025-03-09 00:28:30,554 - INFO - Resetting environment
2025-03-09 00:28:43,213 - INFO - Resetting environment
2025-03-09 00:28:43,214 - INFO - Resetting environment
2025-03-09 00:28:43,214 - INFO - Resetting environment
2025-03-09 00:28:43,215 - INFO - Resetting environment
2025-03-09 00:28:56,027 - INFO - Resetting environment
2025-03-09 00:28:56,027 - INFO - Resetting environment
2025-03-09 00:28:56,028 - INFO - Resetting environment
2025-03-09 00:28:56,029 - INFO - Resetting environment
2025-03-09 00:29:09,657 - INFO - Resetting environment
2025-03-09 00:29:09,659 - INFO - Resetting environment
2025-03-09 00:29:09,659 - INFO - Resetting environment
2025-03-09 00:29:09,660 - INFO - Resetting environment
2025-03-09 00:29:23,108 - INFO - Resetting environment
2025-03-09 00:29:23,109 - INFO - Resetting environment
2025-03-09 00:29:23,110 - INFO - Resetting environment
2025-03-09 00:29:23,111 - INFO - Resetting environment
2025-03-09 00:29:36,171 - INFO - Resetting environment
2025-03-09 00:29:36,172 - INFO - Resetting environment
2025-03-09 00:29:36,172 - INFO - Resetting environment
2025-03-09 00:29:36,173 - INFO - Resetting environment
2025-03-09 00:29:49,558 - INFO - Resetting environment
2025-03-09 00:29:49,559 - INFO - Resetting environment
2025-03-09 00:29:49,560 - INFO - Resetting environment
2025-03-09 00:29:49,560 - INFO - Resetting environment
2025-03-09 00:30:02,729 - INFO - Resetting environment
2025-03-09 00:30:02,730 - INFO - Resetting environment
2025-03-09 00:30:02,730 - INFO - Resetting environment
2025-03-09 00:30:02,731 - INFO - Resetting environment
2025-03-09 00:30:16,124 - INFO - Resetting environment
2025-03-09 00:30:16,125 - INFO - Resetting environment
2025-03-09 00:30:16,126 - INFO - Resetting environment
2025-03-09 00:30:16,126 - INFO - Resetting environment
2025-03-09 00:30:29,899 - INFO - Resetting environment
2025-03-09 00:30:29,900 - INFO - Resetting environment
2025-03-09 00:30:29,901 - INFO - Resetting environment
2025-03-09 00:30:29,901 - INFO - Resetting environment
2025-03-09 00:30:43,113 - INFO - Resetting environment
2025-03-09 00:30:43,114 - INFO - Resetting environment
2025-03-09 00:30:43,115 - INFO - Resetting environment
2025-03-09 00:30:43,115 - INFO - Resetting environment
2025-03-09 00:30:56,652 - INFO - Resetting environment
2025-03-09 00:30:56,654 - INFO - Resetting environment
2025-03-09 00:30:56,654 - INFO - Resetting environment
2025-03-09 00:30:56,655 - INFO - Resetting environment
2025-03-09 00:31:10,050 - INFO - Resetting environment
2025-03-09 00:31:10,051 - INFO - Resetting environment
2025-03-09 00:31:10,051 - INFO - Resetting environment
2025-03-09 00:31:10,052 - INFO - Resetting environment
2025-03-09 00:31:23,345 - INFO - Resetting environment
2025-03-09 00:31:23,346 - INFO - Resetting environment
2025-03-09 00:31:23,346 - INFO - Resetting environment
2025-03-09 00:31:23,347 - INFO - Resetting environment
2025-03-09 00:31:37,288 - INFO - Resetting environment
2025-03-09 00:31:37,290 - INFO - Resetting environment
2025-03-09 00:31:37,290 - INFO - Resetting environment
2025-03-09 00:31:37,291 - INFO - Resetting environment
2025-03-09 00:31:50,312 - INFO - Resetting environment
2025-03-09 00:31:50,312 - INFO - Resetting environment
2025-03-09 00:31:50,313 - INFO - Resetting environment
2025-03-09 00:31:50,313 - INFO - Resetting environment
2025-03-09 00:32:03,616 - INFO - Resetting environment
2025-03-09 00:32:03,617 - INFO - Resetting environment
2025-03-09 00:32:03,618 - INFO - Resetting environment
2025-03-09 00:32:03,618 - INFO - Resetting environment
2025-03-09 00:32:16,677 - INFO - Resetting environment
2025-03-09 00:32:16,678 - INFO - Resetting environment
2025-03-09 00:32:16,678 - INFO - Resetting environment
2025-03-09 00:32:16,679 - INFO - Resetting environment
2025-03-09 00:32:30,566 - INFO - Resetting environment
2025-03-09 00:32:30,566 - INFO - Resetting environment
2025-03-09 00:32:30,567 - INFO - Resetting environment
2025-03-09 00:32:30,568 - INFO - Resetting environment
2025-03-09 00:32:44,388 - INFO - Resetting environment
2025-03-09 00:32:44,389 - INFO - Resetting environment
2025-03-09 00:32:44,390 - INFO - Resetting environment
2025-03-09 00:32:44,391 - INFO - Resetting environment
2025-03-09 00:32:58,579 - INFO - Resetting environment
2025-03-09 00:32:58,580 - INFO - Resetting environment
2025-03-09 00:32:58,581 - INFO - Resetting environment
2025-03-09 00:32:58,581 - INFO - Resetting environment
2025-03-09 00:33:12,472 - INFO - Resetting environment
2025-03-09 00:33:12,473 - INFO - Resetting environment
2025-03-09 00:33:12,474 - INFO - Resetting environment
2025-03-09 00:33:12,474 - INFO - Resetting environment
2025-03-09 00:33:26,594 - INFO - Resetting environment
2025-03-09 00:33:26,596 - INFO - Resetting environment
2025-03-09 00:33:26,596 - INFO - Resetting environment
2025-03-09 00:33:26,597 - INFO - Resetting environment
2025-03-09 00:33:39,386 - INFO - Resetting environment
2025-03-09 00:33:39,387 - INFO - Resetting environment
2025-03-09 00:33:39,387 - INFO - Resetting environment
2025-03-09 00:33:39,388 - INFO - Resetting environment
2025-03-09 00:33:52,308 - INFO - Resetting environment
2025-03-09 00:33:52,309 - INFO - Resetting environment
2025-03-09 00:33:52,309 - INFO - Resetting environment
2025-03-09 00:33:52,310 - INFO - Resetting environment
2025-03-09 00:34:07,347 - INFO - Resetting environment
2025-03-09 00:34:07,349 - INFO - Resetting environment
2025-03-09 00:34:07,349 - INFO - Resetting environment
2025-03-09 00:34:07,350 - INFO - Resetting environment
2025-03-09 00:34:22,302 - INFO - Resetting environment
2025-03-09 00:34:22,302 - INFO - Resetting environment
2025-03-09 00:34:22,303 - INFO - Resetting environment
2025-03-09 00:34:22,303 - INFO - Resetting environment
2025-03-09 00:34:37,814 - INFO - Resetting environment
2025-03-09 00:34:37,815 - INFO - Resetting environment
2025-03-09 00:34:37,816 - INFO - Resetting environment
2025-03-09 00:34:37,817 - INFO - Resetting environment
2025-03-09 00:34:54,819 - INFO - Resetting environment
2025-03-09 00:34:54,820 - INFO - Resetting environment
2025-03-09 00:34:54,821 - INFO - Resetting environment
2025-03-09 00:34:54,822 - INFO - Resetting environment
2025-03-09 00:35:09,789 - INFO - Resetting environment
2025-03-09 00:35:09,790 - INFO - Resetting environment
2025-03-09 00:35:09,790 - INFO - Resetting environment
2025-03-09 00:35:09,791 - INFO - Resetting environment
2025-03-09 00:35:23,975 - INFO - Resetting environment
2025-03-09 00:35:23,976 - INFO - Resetting environment
2025-03-09 00:35:23,977 - INFO - Resetting environment
2025-03-09 00:35:23,977 - INFO - Resetting environment
2025-03-09 00:35:37,129 - INFO - Resetting environment
2025-03-09 00:35:37,131 - INFO - Resetting environment
2025-03-09 00:35:37,131 - INFO - Resetting environment
2025-03-09 00:35:37,132 - INFO - Resetting environment
2025-03-09 00:35:51,320 - INFO - Resetting environment
2025-03-09 00:35:51,320 - INFO - Resetting environment
2025-03-09 00:35:51,321 - INFO - Resetting environment
2025-03-09 00:35:51,321 - INFO - Resetting environment
2025-03-09 00:36:04,296 - INFO - Resetting environment
2025-03-09 00:36:04,297 - INFO - Resetting environment
2025-03-09 00:36:04,297 - INFO - Resetting environment
2025-03-09 00:36:04,298 - INFO - Resetting environment
2025-03-09 00:36:17,492 - INFO - Resetting environment
2025-03-09 00:36:17,492 - INFO - Resetting environment
2025-03-09 00:36:17,493 - INFO - Resetting environment
2025-03-09 00:36:17,494 - INFO - Resetting environment
2025-03-09 00:36:30,548 - INFO - Resetting environment
2025-03-09 00:36:30,550 - INFO - Resetting environment
2025-03-09 00:36:30,551 - INFO - Resetting environment
2025-03-09 00:36:30,551 - INFO - Resetting environment
2025-03-09 00:36:43,838 - INFO - Resetting environment
2025-03-09 00:36:43,839 - INFO - Resetting environment
2025-03-09 00:36:43,840 - INFO - Resetting environment
2025-03-09 00:36:43,840 - INFO - Resetting environment
2025-03-09 00:36:56,751 - INFO - Resetting environment
2025-03-09 00:36:56,752 - INFO - Resetting environment
2025-03-09 00:36:56,753 - INFO - Resetting environment
2025-03-09 00:36:56,753 - INFO - Resetting environment
2025-03-09 00:37:09,609 - INFO - Resetting environment
2025-03-09 00:37:09,611 - INFO - Resetting environment
2025-03-09 00:37:09,612 - INFO - Resetting environment
2025-03-09 00:37:09,612 - INFO - Resetting environment
2025-03-09 00:37:22,225 - INFO - Resetting environment
2025-03-09 00:37:22,227 - INFO - Resetting environment
2025-03-09 00:37:22,227 - INFO - Resetting environment
2025-03-09 00:37:22,228 - INFO - Resetting environment
2025-03-09 00:37:35,105 - INFO - Resetting environment
2025-03-09 00:37:35,106 - INFO - Resetting environment
2025-03-09 00:37:35,106 - INFO - Resetting environment
2025-03-09 00:37:35,107 - INFO - Resetting environment
2025-03-09 00:37:47,692 - INFO - Resetting environment
2025-03-09 00:37:47,694 - INFO - Resetting environment
2025-03-09 00:37:47,695 - INFO - Resetting environment
2025-03-09 00:37:47,695 - INFO - Resetting environment
2025-03-09 00:38:00,454 - INFO - Resetting environment
2025-03-09 00:38:00,455 - INFO - Resetting environment
2025-03-09 00:38:00,455 - INFO - Resetting environment
2025-03-09 00:38:00,456 - INFO - Resetting environment
2025-03-09 00:38:13,367 - INFO - Resetting environment
2025-03-09 00:38:13,368 - INFO - Resetting environment
2025-03-09 00:38:13,368 - INFO - Resetting environment
2025-03-09 00:38:13,369 - INFO - Resetting environment
2025-03-09 00:38:26,420 - INFO - Resetting environment
2025-03-09 00:38:26,420 - INFO - Resetting environment
2025-03-09 00:38:26,421 - INFO - Resetting environment
2025-03-09 00:38:26,422 - INFO - Resetting environment
2025-03-09 00:38:39,355 - INFO - Resetting environment
2025-03-09 00:38:39,356 - INFO - Resetting environment
2025-03-09 00:38:39,357 - INFO - Resetting environment
2025-03-09 00:38:39,357 - INFO - Resetting environment
2025-03-09 00:38:52,250 - INFO - Resetting environment
2025-03-09 00:38:52,251 - INFO - Resetting environment
2025-03-09 00:38:52,252 - INFO - Resetting environment
2025-03-09 00:38:52,252 - INFO - Resetting environment
2025-03-09 00:39:04,994 - INFO - Resetting environment
2025-03-09 00:39:04,995 - INFO - Resetting environment
2025-03-09 00:39:04,995 - INFO - Resetting environment
2025-03-09 00:39:04,996 - INFO - Resetting environment
2025-03-09 00:39:17,901 - INFO - Resetting environment
2025-03-09 00:39:17,902 - INFO - Resetting environment
2025-03-09 00:39:17,903 - INFO - Resetting environment
2025-03-09 00:39:17,903 - INFO - Resetting environment
2025-03-09 00:39:30,594 - INFO - Resetting environment
2025-03-09 00:39:30,594 - INFO - Resetting environment
2025-03-09 00:39:30,595 - INFO - Resetting environment
2025-03-09 00:39:30,596 - INFO - Resetting environment
2025-03-09 00:39:43,613 - INFO - Resetting environment
2025-03-09 00:39:43,614 - INFO - Resetting environment
2025-03-09 00:39:43,614 - INFO - Resetting environment
2025-03-09 00:39:43,615 - INFO - Resetting environment
2025-03-09 00:39:56,654 - INFO - Resetting environment
2025-03-09 00:39:56,655 - INFO - Resetting environment
2025-03-09 00:39:56,655 - INFO - Resetting environment
2025-03-09 00:39:56,656 - INFO - Resetting environment
2025-03-09 00:40:09,351 - INFO - Resetting environment
2025-03-09 00:40:09,353 - INFO - Resetting environment
2025-03-09 00:40:09,354 - INFO - Resetting environment
2025-03-09 00:40:09,355 - INFO - Resetting environment
2025-03-09 00:40:22,404 - INFO - Resetting environment
2025-03-09 00:40:22,405 - INFO - Resetting environment
2025-03-09 00:40:22,406 - INFO - Resetting environment
2025-03-09 00:40:22,406 - INFO - Resetting environment
2025-03-09 00:40:35,393 - INFO - Resetting environment
2025-03-09 00:40:35,394 - INFO - Resetting environment
2025-03-09 00:40:35,395 - INFO - Resetting environment
2025-03-09 00:40:35,395 - INFO - Resetting environment
2025-03-09 00:40:48,049 - INFO - Resetting environment
2025-03-09 00:40:48,049 - INFO - Resetting environment
2025-03-09 00:40:48,050 - INFO - Resetting environment
2025-03-09 00:40:48,051 - INFO - Resetting environment
2025-03-09 00:41:00,938 - INFO - Resetting environment
2025-03-09 00:41:00,940 - INFO - Resetting environment
2025-03-09 00:41:00,940 - INFO - Resetting environment
2025-03-09 00:41:00,941 - INFO - Resetting environment
2025-03-09 00:41:13,723 - INFO - Resetting environment
2025-03-09 00:41:13,725 - INFO - Resetting environment
2025-03-09 00:41:13,725 - INFO - Resetting environment
2025-03-09 00:41:13,726 - INFO - Resetting environment
2025-03-09 00:41:26,863 - INFO - Resetting environment
2025-03-09 00:41:26,863 - INFO - Resetting environment
2025-03-09 00:41:26,864 - INFO - Resetting environment
2025-03-09 00:41:26,864 - INFO - Resetting environment
2025-03-09 00:41:39,840 - INFO - Resetting environment
2025-03-09 00:41:39,841 - INFO - Resetting environment
2025-03-09 00:41:39,841 - INFO - Resetting environment
2025-03-09 00:41:39,842 - INFO - Resetting environment
2025-03-09 00:41:52,577 - INFO - Resetting environment
2025-03-09 00:41:52,578 - INFO - Resetting environment
2025-03-09 00:41:52,579 - INFO - Resetting environment
2025-03-09 00:41:52,579 - INFO - Resetting environment
2025-03-09 00:42:05,650 - INFO - Resetting environment
2025-03-09 00:42:05,651 - INFO - Resetting environment
2025-03-09 00:42:05,652 - INFO - Resetting environment
2025-03-09 00:42:05,652 - INFO - Resetting environment
2025-03-09 00:42:18,929 - INFO - Resetting environment
2025-03-09 00:42:18,930 - INFO - Resetting environment
2025-03-09 00:42:18,930 - INFO - Resetting environment
2025-03-09 00:42:18,931 - INFO - Resetting environment
2025-03-09 00:42:31,846 - INFO - Resetting environment
2025-03-09 00:42:31,847 - INFO - Resetting environment
2025-03-09 00:42:31,848 - INFO - Resetting environment
2025-03-09 00:42:31,848 - INFO - Resetting environment
2025-03-09 00:42:44,797 - INFO - Resetting environment
2025-03-09 00:42:44,798 - INFO - Resetting environment
2025-03-09 00:42:44,798 - INFO - Resetting environment
2025-03-09 00:42:44,799 - INFO - Resetting environment
2025-03-09 00:42:58,520 - INFO - Resetting environment
2025-03-09 00:42:58,521 - INFO - Resetting environment
2025-03-09 00:42:58,522 - INFO - Resetting environment
2025-03-09 00:42:58,522 - INFO - Resetting environment
2025-03-09 00:43:12,069 - INFO - Resetting environment
2025-03-09 00:43:12,070 - INFO - Resetting environment
2025-03-09 00:43:12,071 - INFO - Resetting environment
2025-03-09 00:43:12,071 - INFO - Resetting environment
2025-03-09 00:43:25,622 - INFO - Resetting environment
2025-03-09 00:43:25,623 - INFO - Resetting environment
2025-03-09 00:43:25,624 - INFO - Resetting environment
2025-03-09 00:43:25,624 - INFO - Resetting environment
2025-03-09 00:43:38,439 - INFO - Resetting environment
2025-03-09 00:43:38,440 - INFO - Resetting environment
2025-03-09 00:43:38,441 - INFO - Resetting environment
2025-03-09 00:43:38,441 - INFO - Resetting environment
2025-03-09 00:43:51,611 - INFO - Resetting environment
2025-03-09 00:43:51,613 - INFO - Resetting environment
2025-03-09 00:43:51,613 - INFO - Resetting environment
2025-03-09 00:43:51,614 - INFO - Resetting environment
2025-03-09 00:44:04,975 - INFO - Resetting environment
2025-03-09 00:44:04,977 - INFO - Resetting environment
2025-03-09 00:44:04,977 - INFO - Resetting environment
2025-03-09 00:44:04,978 - INFO - Resetting environment
2025-03-09 00:44:17,656 - INFO - Resetting environment
2025-03-09 00:44:17,658 - INFO - Resetting environment
2025-03-09 00:44:17,659 - INFO - Resetting environment
2025-03-09 00:44:17,660 - INFO - Resetting environment
2025-03-09 00:44:31,061 - INFO - Resetting environment
2025-03-09 00:44:31,062 - INFO - Resetting environment
2025-03-09 00:44:31,063 - INFO - Resetting environment
2025-03-09 00:44:31,064 - INFO - Resetting environment
2025-03-09 00:44:44,634 - INFO - Resetting environment
2025-03-09 00:44:44,635 - INFO - Resetting environment
2025-03-09 00:44:44,636 - INFO - Resetting environment
2025-03-09 00:44:44,636 - INFO - Resetting environment
2025-03-09 00:44:58,478 - INFO - Resetting environment
2025-03-09 00:44:58,479 - INFO - Resetting environment
2025-03-09 00:44:58,479 - INFO - Resetting environment
2025-03-09 00:44:58,480 - INFO - Resetting environment
2025-03-09 00:45:11,824 - INFO - Resetting environment
2025-03-09 00:45:11,825 - INFO - Resetting environment
2025-03-09 00:45:11,825 - INFO - Resetting environment
2025-03-09 00:45:11,826 - INFO - Resetting environment
2025-03-09 00:45:24,964 - INFO - Resetting environment
2025-03-09 00:45:24,966 - INFO - Resetting environment
2025-03-09 00:45:24,967 - INFO - Resetting environment
2025-03-09 00:45:24,968 - INFO - Resetting environment
2025-03-09 00:45:38,544 - INFO - Resetting environment
2025-03-09 00:45:38,545 - INFO - Resetting environment
2025-03-09 00:45:38,545 - INFO - Resetting environment
2025-03-09 00:45:38,546 - INFO - Resetting environment
2025-03-09 00:45:53,046 - INFO - Resetting environment
2025-03-09 00:45:53,047 - INFO - Resetting environment
2025-03-09 00:45:53,048 - INFO - Resetting environment
2025-03-09 00:45:53,049 - INFO - Resetting environment
2025-03-09 00:46:06,454 - INFO - Resetting environment
2025-03-09 00:46:06,455 - INFO - Resetting environment
2025-03-09 00:46:06,455 - INFO - Resetting environment
2025-03-09 00:46:06,456 - INFO - Resetting environment
2025-03-09 00:46:19,335 - INFO - Resetting environment
2025-03-09 00:46:19,335 - INFO - Resetting environment
2025-03-09 00:46:19,336 - INFO - Resetting environment
2025-03-09 00:46:19,337 - INFO - Resetting environment
2025-03-09 00:46:33,390 - INFO - Resetting environment
2025-03-09 00:46:33,391 - INFO - Resetting environment
2025-03-09 00:46:33,391 - INFO - Resetting environment
2025-03-09 00:46:33,392 - INFO - Resetting environment
2025-03-09 00:46:48,719 - INFO - Resetting environment
2025-03-09 00:46:48,720 - INFO - Resetting environment
2025-03-09 00:46:48,721 - INFO - Resetting environment
2025-03-09 00:46:48,721 - INFO - Resetting environment
2025-03-09 00:47:03,612 - INFO - Resetting environment
2025-03-09 00:47:03,613 - INFO - Resetting environment
2025-03-09 00:47:03,614 - INFO - Resetting environment
2025-03-09 00:47:03,615 - INFO - Resetting environment
2025-03-09 00:47:18,702 - INFO - Resetting environment
2025-03-09 00:47:18,704 - INFO - Resetting environment
2025-03-09 00:47:18,704 - INFO - Resetting environment
2025-03-09 00:47:18,705 - INFO - Resetting environment
2025-03-09 00:47:33,734 - INFO - Resetting environment
2025-03-09 00:47:33,735 - INFO - Resetting environment
2025-03-09 00:47:33,736 - INFO - Resetting environment
2025-03-09 00:47:33,736 - INFO - Resetting environment
2025-03-09 00:47:48,242 - INFO - Resetting environment
2025-03-09 00:47:48,243 - INFO - Resetting environment
2025-03-09 00:47:48,244 - INFO - Resetting environment
2025-03-09 00:47:48,245 - INFO - Resetting environment
2025-03-09 00:48:01,197 - INFO - Resetting environment
2025-03-09 00:48:01,197 - INFO - Resetting environment
2025-03-09 00:48:01,198 - INFO - Resetting environment
2025-03-09 00:48:01,198 - INFO - Resetting environment
2025-03-09 00:48:14,073 - INFO - Resetting environment
2025-03-09 00:48:14,074 - INFO - Resetting environment
2025-03-09 00:48:14,074 - INFO - Resetting environment
2025-03-09 00:48:14,075 - INFO - Resetting environment
2025-03-09 00:48:26,612 - INFO - Resetting environment
2025-03-09 00:48:26,613 - INFO - Resetting environment
2025-03-09 00:48:26,613 - INFO - Resetting environment
2025-03-09 00:48:26,614 - INFO - Resetting environment
2025-03-09 00:48:39,417 - INFO - Resetting environment
2025-03-09 00:48:39,418 - INFO - Resetting environment
2025-03-09 00:48:39,418 - INFO - Resetting environment
2025-03-09 00:48:39,419 - INFO - Resetting environment
2025-03-09 00:48:52,366 - INFO - Resetting environment
2025-03-09 00:48:52,367 - INFO - Resetting environment
2025-03-09 00:48:52,367 - INFO - Resetting environment
2025-03-09 00:48:52,368 - INFO - Resetting environment
2025-03-09 00:49:05,030 - INFO - Resetting environment
2025-03-09 00:49:05,031 - INFO - Resetting environment
2025-03-09 00:49:05,031 - INFO - Resetting environment
2025-03-09 00:49:05,032 - INFO - Resetting environment
2025-03-09 00:49:17,811 - INFO - Resetting environment
2025-03-09 00:49:17,812 - INFO - Resetting environment
2025-03-09 00:49:17,813 - INFO - Resetting environment
2025-03-09 00:49:17,813 - INFO - Resetting environment
2025-03-09 00:49:30,588 - INFO - Resetting environment
2025-03-09 00:49:30,589 - INFO - Resetting environment
2025-03-09 00:49:30,589 - INFO - Resetting environment
2025-03-09 00:49:30,590 - INFO - Resetting environment
2025-03-09 00:49:43,409 - INFO - Resetting environment
2025-03-09 00:49:43,410 - INFO - Resetting environment
2025-03-09 00:49:43,410 - INFO - Resetting environment
2025-03-09 00:49:43,411 - INFO - Resetting environment
2025-03-09 00:49:56,420 - INFO - Resetting environment
2025-03-09 00:49:56,421 - INFO - Resetting environment
2025-03-09 00:49:56,422 - INFO - Resetting environment
2025-03-09 00:49:56,423 - INFO - Resetting environment
2025-03-09 00:50:09,314 - INFO - Resetting environment
2025-03-09 00:50:09,315 - INFO - Resetting environment
2025-03-09 00:50:09,316 - INFO - Resetting environment
2025-03-09 00:50:09,316 - INFO - Resetting environment
2025-03-09 00:50:22,326 - INFO - Resetting environment
2025-03-09 00:50:22,327 - INFO - Resetting environment
2025-03-09 00:50:22,328 - INFO - Resetting environment
2025-03-09 00:50:22,328 - INFO - Resetting environment
2025-03-09 00:50:35,468 - INFO - Resetting environment
2025-03-09 00:50:35,470 - INFO - Resetting environment
2025-03-09 00:50:35,470 - INFO - Resetting environment
2025-03-09 00:50:35,471 - INFO - Resetting environment
2025-03-09 00:50:48,182 - INFO - Resetting environment
2025-03-09 00:50:48,182 - INFO - Resetting environment
2025-03-09 00:50:48,183 - INFO - Resetting environment
2025-03-09 00:50:48,183 - INFO - Resetting environment
2025-03-09 00:51:00,934 - INFO - Resetting environment
2025-03-09 00:51:00,935 - INFO - Resetting environment
2025-03-09 00:51:00,936 - INFO - Resetting environment
2025-03-09 00:51:00,936 - INFO - Resetting environment
2025-03-09 00:51:14,184 - INFO - Resetting environment
2025-03-09 00:51:14,187 - INFO - Resetting environment
2025-03-09 00:51:14,187 - INFO - Resetting environment
2025-03-09 00:51:14,188 - INFO - Resetting environment
2025-03-09 00:51:26,985 - INFO - Resetting environment
2025-03-09 00:51:26,986 - INFO - Resetting environment
2025-03-09 00:51:26,986 - INFO - Resetting environment
2025-03-09 00:51:26,987 - INFO - Resetting environment
2025-03-09 00:51:40,259 - INFO - Resetting environment
2025-03-09 00:51:40,260 - INFO - Resetting environment
2025-03-09 00:51:40,261 - INFO - Resetting environment
2025-03-09 00:51:40,261 - INFO - Resetting environment
2025-03-09 00:51:52,869 - INFO - Resetting environment
2025-03-09 00:51:52,870 - INFO - Resetting environment
2025-03-09 00:51:52,871 - INFO - Resetting environment
2025-03-09 00:51:52,871 - INFO - Resetting environment
2025-03-09 00:52:05,690 - INFO - Resetting environment
2025-03-09 00:52:05,691 - INFO - Resetting environment
2025-03-09 00:52:05,692 - INFO - Resetting environment
2025-03-09 00:52:05,693 - INFO - Resetting environment
2025-03-09 00:52:18,891 - INFO - Resetting environment
2025-03-09 00:52:18,892 - INFO - Resetting environment
2025-03-09 00:52:18,893 - INFO - Resetting environment
2025-03-09 00:52:18,893 - INFO - Resetting environment
2025-03-09 00:52:31,897 - INFO - Resetting environment
2025-03-09 00:52:31,898 - INFO - Resetting environment
2025-03-09 00:52:31,898 - INFO - Resetting environment
2025-03-09 00:52:31,899 - INFO - Resetting environment
2025-03-09 00:52:44,993 - INFO - Resetting environment
2025-03-09 00:52:44,994 - INFO - Resetting environment
2025-03-09 00:52:44,994 - INFO - Resetting environment
2025-03-09 00:52:44,995 - INFO - Resetting environment
2025-03-09 00:52:58,084 - INFO - Resetting environment
2025-03-09 00:52:58,085 - INFO - Resetting environment
2025-03-09 00:52:58,086 - INFO - Resetting environment
2025-03-09 00:52:58,086 - INFO - Resetting environment
2025-03-09 00:53:10,730 - INFO - Resetting environment
2025-03-09 00:53:10,731 - INFO - Resetting environment
2025-03-09 00:53:10,731 - INFO - Resetting environment
2025-03-09 00:53:10,732 - INFO - Resetting environment
2025-03-09 00:53:24,017 - INFO - Resetting environment
2025-03-09 00:53:24,018 - INFO - Resetting environment
2025-03-09 00:53:24,018 - INFO - Resetting environment
2025-03-09 00:53:24,019 - INFO - Resetting environment
2025-03-09 00:53:37,752 - INFO - Resetting environment
2025-03-09 00:53:37,753 - INFO - Resetting environment
2025-03-09 00:53:37,753 - INFO - Resetting environment
2025-03-09 00:53:37,754 - INFO - Resetting environment
2025-03-09 00:53:51,474 - INFO - Resetting environment
2025-03-09 00:53:51,476 - INFO - Resetting environment
2025-03-09 00:53:51,476 - INFO - Resetting environment
2025-03-09 00:53:51,477 - INFO - Resetting environment
2025-03-09 00:54:05,069 - INFO - Resetting environment
2025-03-09 00:54:05,071 - INFO - Resetting environment
2025-03-09 00:54:05,071 - INFO - Resetting environment
2025-03-09 00:54:05,072 - INFO - Resetting environment
2025-03-09 00:54:18,295 - INFO - Resetting environment
2025-03-09 00:54:18,296 - INFO - Resetting environment
2025-03-09 00:54:18,297 - INFO - Resetting environment
2025-03-09 00:54:18,297 - INFO - Resetting environment
2025-03-09 00:54:31,729 - INFO - Resetting environment
2025-03-09 00:54:31,730 - INFO - Resetting environment
2025-03-09 00:54:31,731 - INFO - Resetting environment
2025-03-09 00:54:31,731 - INFO - Resetting environment
2025-03-09 00:54:45,504 - INFO - Resetting environment
2025-03-09 00:54:45,506 - INFO - Resetting environment
2025-03-09 00:54:45,507 - INFO - Resetting environment
2025-03-09 00:54:45,507 - INFO - Resetting environment
2025-03-09 00:54:59,136 - INFO - Resetting environment
2025-03-09 00:54:59,137 - INFO - Resetting environment
2025-03-09 00:54:59,138 - INFO - Resetting environment
2025-03-09 00:54:59,138 - INFO - Resetting environment
2025-03-09 00:55:12,401 - INFO - Resetting environment
2025-03-09 00:55:12,402 - INFO - Resetting environment
2025-03-09 00:55:12,403 - INFO - Resetting environment
2025-03-09 00:55:12,403 - INFO - Resetting environment
2025-03-09 00:55:25,265 - INFO - Resetting environment
2025-03-09 00:55:25,266 - INFO - Resetting environment
2025-03-09 00:55:25,266 - INFO - Resetting environment
2025-03-09 00:55:25,267 - INFO - Resetting environment
2025-03-09 00:55:38,273 - INFO - Resetting environment
2025-03-09 00:55:38,274 - INFO - Resetting environment
2025-03-09 00:55:38,274 - INFO - Resetting environment
2025-03-09 00:55:38,275 - INFO - Resetting environment
2025-03-09 00:55:51,438 - INFO - Resetting environment
2025-03-09 00:55:51,439 - INFO - Resetting environment
2025-03-09 00:55:51,440 - INFO - Resetting environment
2025-03-09 00:55:51,440 - INFO - Resetting environment
2025-03-09 00:56:04,364 - INFO - Resetting environment
2025-03-09 00:56:04,365 - INFO - Resetting environment
2025-03-09 00:56:04,365 - INFO - Resetting environment
2025-03-09 00:56:04,366 - INFO - Resetting environment
2025-03-09 00:56:17,842 - INFO - Resetting environment
2025-03-09 00:56:17,843 - INFO - Resetting environment
2025-03-09 00:56:17,844 - INFO - Resetting environment
2025-03-09 00:56:17,844 - INFO - Resetting environment
2025-03-09 00:56:31,750 - INFO - Resetting environment
2025-03-09 00:56:31,752 - INFO - Resetting environment
2025-03-09 00:56:31,753 - INFO - Resetting environment
2025-03-09 00:56:31,754 - INFO - Resetting environment
2025-03-09 00:56:44,909 - INFO - Resetting environment
2025-03-09 00:56:44,909 - INFO - Resetting environment
2025-03-09 00:56:44,910 - INFO - Resetting environment
2025-03-09 00:56:44,911 - INFO - Resetting environment
