2025-03-08 22:38:06,461 - INFO - Initializing StockTradingEnv
2025-03-08 22:38:06,462 - INFO - Starting data preprocessing with 1980 rows
2025-03-08 22:38:06,464 - INFO - Dropped columns: {'S.N.'}
2025-03-08 22:38:06,486 - INFO - Numeric conversion completed for columns: ['Open', 'High', 'Low', 'Ltp', 'Qty', 'Turnover', '% Change']
2025-03-08 22:38:06,487 - INFO - Converting dates and sorting data
2025-03-08 22:38:06,498 - INFO - Initializing market regime detector
2025-03-08 22:38:06,499 - INFO - Initializing MarketRegimeDetector with 2 states
2025-03-08 22:38:06,499 - INFO - Computing technical indicators
2025-03-08 22:38:06,566 - INFO - Technical indicators computed in 0.067 seconds
2025-03-08 22:38:06,566 - INFO - Fitting market regimes
2025-03-08 22:38:06,567 - INFO - Starting HMM model fitting
2025-03-08 22:38:06,779 - INFO - HMM fitting completed in 0.213 seconds
2025-03-08 22:38:06,780 - INFO - Model score: -4157.113
2025-03-08 22:38:06,781 - INFO - Regime 0: 937 samples (47.32%)
2025-03-08 22:38:06,781 - INFO - Regime 1: 1043 samples (52.68%)
2025-03-08 22:38:06,782 - INFO - Market regimes fitted in 0.215 seconds
2025-03-08 22:38:06,782 - INFO - Environment initialization completed in 0.321 seconds
2025-03-08 22:38:06,783 - INFO - Data shape: (1980, 21), Date range: 2011-04-06 to 2022-04-04
2025-03-08 22:38:08,816 - INFO - Initializing StockTradingEnv
2025-03-08 22:38:08,817 - INFO - Starting data preprocessing with 1980 rows
2025-03-08 22:38:08,820 - INFO - Numeric conversion completed for columns: ['Open', 'High', 'Low', 'Ltp', 'Qty', 'Turnover', '% Change']
2025-03-08 22:38:08,820 - INFO - Converting dates and sorting data
2025-03-08 22:38:08,826 - INFO - Initializing market regime detector
2025-03-08 22:38:08,827 - INFO - Initializing MarketRegimeDetector with 2 states
2025-03-08 22:38:08,827 - INFO - Computing technical indicators
2025-03-08 22:38:08,889 - INFO - Technical indicators computed in 0.063 seconds
2025-03-08 22:38:08,890 - INFO - Fitting market regimes
2025-03-08 22:38:08,890 - INFO - Starting HMM model fitting
2025-03-08 22:38:09,023 - INFO - HMM fitting completed in 0.133 seconds
2025-03-08 22:38:09,024 - INFO - Model score: -4157.113
2025-03-08 22:38:09,024 - INFO - Regime 0: 937 samples (47.32%)
2025-03-08 22:38:09,025 - INFO - Regime 1: 1043 samples (52.68%)
2025-03-08 22:38:09,025 - INFO - Market regimes fitted in 0.135 seconds
2025-03-08 22:38:09,025 - INFO - Environment initialization completed in 0.209 seconds
2025-03-08 22:38:09,026 - INFO - Data shape: (1980, 21), Date range: 2011-04-06 to 2022-04-04
2025-03-08 22:38:09,026 - INFO - Initializing StockTradingEnv
2025-03-08 22:38:09,026 - INFO - Starting data preprocessing with 1980 rows
2025-03-08 22:38:09,028 - INFO - Numeric conversion completed for columns: ['Open', 'High', 'Low', 'Ltp', 'Qty', 'Turnover', '% Change']
2025-03-08 22:38:09,028 - INFO - Converting dates and sorting data
2025-03-08 22:38:09,032 - INFO - Initializing market regime detector
2025-03-08 22:38:09,032 - INFO - Initializing MarketRegimeDetector with 2 states
2025-03-08 22:38:09,033 - INFO - Computing technical indicators
2025-03-08 22:38:09,086 - INFO - Technical indicators computed in 0.054 seconds
2025-03-08 22:38:09,086 - INFO - Fitting market regimes
2025-03-08 22:38:09,087 - INFO - Starting HMM model fitting
2025-03-08 22:38:09,233 - INFO - HMM fitting completed in 0.146 seconds
2025-03-08 22:38:09,235 - INFO - Model score: -4157.113
2025-03-08 22:38:09,235 - INFO - Regime 0: 937 samples (47.32%)
2025-03-08 22:38:09,235 - INFO - Regime 1: 1043 samples (52.68%)
2025-03-08 22:38:09,235 - INFO - Market regimes fitted in 0.149 seconds
2025-03-08 22:38:09,236 - INFO - Environment initialization completed in 0.210 seconds
2025-03-08 22:38:09,237 - INFO - Data shape: (1980, 21), Date range: 2011-04-06 to 2022-04-04
2025-03-08 22:38:09,238 - INFO - Initializing StockTradingEnv
2025-03-08 22:38:09,238 - INFO - Starting data preprocessing with 1980 rows
2025-03-08 22:38:09,241 - INFO - Numeric conversion completed for columns: ['Open', 'High', 'Low', 'Ltp', 'Qty', 'Turnover', '% Change']
2025-03-08 22:38:09,241 - INFO - Converting dates and sorting data
2025-03-08 22:38:09,243 - INFO - Initializing market regime detector
2025-03-08 22:38:09,244 - INFO - Initializing MarketRegimeDetector with 2 states
2025-03-08 22:38:09,244 - INFO - Computing technical indicators
2025-03-08 22:38:09,308 - INFO - Technical indicators computed in 0.064 seconds
2025-03-08 22:38:09,308 - INFO - Fitting market regimes
2025-03-08 22:38:09,308 - INFO - Starting HMM model fitting
2025-03-08 22:38:09,466 - INFO - HMM fitting completed in 0.158 seconds
2025-03-08 22:38:09,467 - INFO - Model score: -4157.113
2025-03-08 22:38:09,467 - INFO - Regime 0: 937 samples (47.32%)
2025-03-08 22:38:09,468 - INFO - Regime 1: 1043 samples (52.68%)
2025-03-08 22:38:09,468 - INFO - Market regimes fitted in 0.159 seconds
2025-03-08 22:38:09,468 - INFO - Environment initialization completed in 0.230 seconds
2025-03-08 22:38:09,468 - INFO - Data shape: (1980, 21), Date range: 2011-04-06 to 2022-04-04
2025-03-08 22:38:09,469 - INFO - Initializing StockTradingEnv
2025-03-08 22:38:09,469 - INFO - Starting data preprocessing with 1980 rows
2025-03-08 22:38:09,472 - INFO - Numeric conversion completed for columns: ['Open', 'High', 'Low', 'Ltp', 'Qty', 'Turnover', '% Change']
2025-03-08 22:38:09,472 - INFO - Converting dates and sorting data
2025-03-08 22:38:09,482 - INFO - Initializing market regime detector
2025-03-08 22:38:09,482 - INFO - Initializing MarketRegimeDetector with 2 states
2025-03-08 22:38:09,483 - INFO - Computing technical indicators
2025-03-08 22:38:09,545 - INFO - Technical indicators computed in 0.063 seconds
2025-03-08 22:38:09,545 - INFO - Fitting market regimes
2025-03-08 22:38:09,546 - INFO - Starting HMM model fitting
2025-03-08 22:38:09,683 - INFO - HMM fitting completed in 0.137 seconds
2025-03-08 22:38:09,684 - INFO - Model score: -4157.113
2025-03-08 22:38:09,684 - INFO - Regime 0: 937 samples (47.32%)
2025-03-08 22:38:09,684 - INFO - Regime 1: 1043 samples (52.68%)
2025-03-08 22:38:09,684 - INFO - Market regimes fitted in 0.139 seconds
2025-03-08 22:38:09,685 - INFO - Environment initialization completed in 0.216 seconds
2025-03-08 22:38:09,685 - INFO - Data shape: (1980, 21), Date range: 2011-04-06 to 2022-04-04
2025-03-08 22:38:09,685 - INFO - Resetting environment
2025-03-08 22:38:09,687 - INFO - Resetting environment
2025-03-08 22:38:09,688 - INFO - Resetting environment
2025-03-08 22:38:09,691 - INFO - Resetting environment
2025-03-08 22:39:10,863 - INFO - Resetting environment
2025-03-08 22:39:10,865 - INFO - Resetting environment
2025-03-08 22:39:10,866 - INFO - Resetting environment
2025-03-08 22:39:10,867 - INFO - Resetting environment
2025-03-08 22:39:37,517 - INFO - Resetting environment
2025-03-08 22:39:37,519 - INFO - Resetting environment
2025-03-08 22:39:37,520 - INFO - Resetting environment
2025-03-08 22:39:37,523 - INFO - Resetting environment
2025-03-08 22:40:06,770 - INFO - Resetting environment
2025-03-08 22:40:06,773 - INFO - Resetting environment
2025-03-08 22:40:06,774 - INFO - Resetting environment
2025-03-08 22:40:06,776 - INFO - Resetting environment
2025-03-08 22:40:35,551 - INFO - Resetting environment
2025-03-08 22:40:35,554 - INFO - Resetting environment
2025-03-08 22:40:35,555 - INFO - Resetting environment
2025-03-08 22:40:35,557 - INFO - Resetting environment
2025-03-08 22:41:05,652 - INFO - Resetting environment
2025-03-08 22:41:05,654 - INFO - Resetting environment
2025-03-08 22:41:05,655 - INFO - Resetting environment
2025-03-08 22:41:05,657 - INFO - Resetting environment
2025-03-08 22:41:28,020 - INFO - Resetting environment
2025-03-08 22:41:28,023 - INFO - Resetting environment
2025-03-08 22:41:28,025 - INFO - Resetting environment
2025-03-08 22:41:28,026 - INFO - Resetting environment
2025-03-08 22:41:57,446 - INFO - Resetting environment
2025-03-08 22:41:57,447 - INFO - Resetting environment
2025-03-08 22:41:57,448 - INFO - Resetting environment
2025-03-08 22:41:57,449 - INFO - Resetting environment
2025-03-08 22:42:24,093 - INFO - Resetting environment
2025-03-08 22:42:24,095 - INFO - Resetting environment
2025-03-08 22:42:24,096 - INFO - Resetting environment
2025-03-08 22:42:24,096 - INFO - Resetting environment
2025-03-08 22:42:45,698 - INFO - Resetting environment
2025-03-08 22:42:45,700 - INFO - Resetting environment
2025-03-08 22:42:45,701 - INFO - Resetting environment
2025-03-08 22:42:45,701 - INFO - Resetting environment
2025-03-08 22:43:06,389 - INFO - Resetting environment
2025-03-08 22:43:06,391 - INFO - Resetting environment
2025-03-08 22:43:06,393 - INFO - Resetting environment
2025-03-08 22:43:06,394 - INFO - Resetting environment
2025-03-08 22:43:29,308 - INFO - Resetting environment
2025-03-08 22:43:29,310 - INFO - Resetting environment
2025-03-08 22:43:29,311 - INFO - Resetting environment
2025-03-08 22:43:29,312 - INFO - Resetting environment
2025-03-08 22:43:49,787 - INFO - Resetting environment
2025-03-08 22:43:49,790 - INFO - Resetting environment
2025-03-08 22:43:49,791 - INFO - Resetting environment
2025-03-08 22:43:49,792 - INFO - Resetting environment
2025-03-08 22:44:12,062 - INFO - Resetting environment
2025-03-08 22:44:12,064 - INFO - Resetting environment
2025-03-08 22:44:12,065 - INFO - Resetting environment
2025-03-08 22:44:12,066 - INFO - Resetting environment
2025-03-08 22:44:40,503 - INFO - Resetting environment
2025-03-08 22:44:40,505 - INFO - Resetting environment
2025-03-08 22:44:40,506 - INFO - Resetting environment
2025-03-08 22:44:40,507 - INFO - Resetting environment
2025-03-08 22:45:02,243 - INFO - Resetting environment
2025-03-08 22:45:02,246 - INFO - Resetting environment
2025-03-08 22:45:02,248 - INFO - Resetting environment
2025-03-08 22:45:02,251 - INFO - Resetting environment
2025-03-08 22:45:28,194 - INFO - Resetting environment
2025-03-08 22:45:28,201 - INFO - Resetting environment
2025-03-08 22:45:28,206 - INFO - Resetting environment
2025-03-08 22:45:28,208 - INFO - Resetting environment
2025-03-08 22:45:53,758 - INFO - Resetting environment
2025-03-08 22:45:53,760 - INFO - Resetting environment
2025-03-08 22:45:53,761 - INFO - Resetting environment
2025-03-08 22:45:53,762 - INFO - Resetting environment
2025-03-08 22:46:16,819 - INFO - Resetting environment
2025-03-08 22:46:16,821 - INFO - Resetting environment
2025-03-08 22:46:16,822 - INFO - Resetting environment
2025-03-08 22:46:16,823 - INFO - Resetting environment
2025-03-08 22:46:38,973 - INFO - Resetting environment
2025-03-08 22:46:38,974 - INFO - Resetting environment
2025-03-08 22:46:38,975 - INFO - Resetting environment
2025-03-08 22:46:38,976 - INFO - Resetting environment
2025-03-08 22:47:03,534 - INFO - Resetting environment
2025-03-08 22:47:03,535 - INFO - Resetting environment
2025-03-08 22:47:03,536 - INFO - Resetting environment
2025-03-08 22:47:03,537 - INFO - Resetting environment
2025-03-08 22:47:26,464 - INFO - Resetting environment
2025-03-08 22:47:26,468 - INFO - Resetting environment
2025-03-08 22:47:26,470 - INFO - Resetting environment
2025-03-08 22:47:26,472 - INFO - Resetting environment
2025-03-08 22:47:46,438 - INFO - Resetting environment
2025-03-08 22:47:46,440 - INFO - Resetting environment
2025-03-08 22:47:46,441 - INFO - Resetting environment
2025-03-08 22:47:46,441 - INFO - Resetting environment
2025-03-08 22:48:07,804 - INFO - Resetting environment
2025-03-08 22:48:07,806 - INFO - Resetting environment
2025-03-08 22:48:07,807 - INFO - Resetting environment
2025-03-08 22:48:07,808 - INFO - Resetting environment
2025-03-08 22:48:30,493 - INFO - Resetting environment
2025-03-08 22:48:30,495 - INFO - Resetting environment
2025-03-08 22:48:30,497 - INFO - Resetting environment
2025-03-08 22:48:30,498 - INFO - Resetting environment
2025-03-08 22:48:51,584 - INFO - Resetting environment
2025-03-08 22:48:51,586 - INFO - Resetting environment
2025-03-08 22:48:51,587 - INFO - Resetting environment
2025-03-08 22:48:51,588 - INFO - Resetting environment
2025-03-08 22:49:16,978 - INFO - Resetting environment
2025-03-08 22:49:16,980 - INFO - Resetting environment
2025-03-08 22:49:16,981 - INFO - Resetting environment
2025-03-08 22:49:16,982 - INFO - Resetting environment
2025-03-08 22:49:40,127 - INFO - Resetting environment
2025-03-08 22:49:40,129 - INFO - Resetting environment
2025-03-08 22:49:40,130 - INFO - Resetting environment
2025-03-08 22:49:40,130 - INFO - Resetting environment
2025-03-08 22:50:03,351 - INFO - Resetting environment
2025-03-08 22:50:03,356 - INFO - Resetting environment
2025-03-08 22:50:03,357 - INFO - Resetting environment
2025-03-08 22:50:03,359 - INFO - Resetting environment
2025-03-08 22:50:26,246 - INFO - Resetting environment
2025-03-08 22:50:26,248 - INFO - Resetting environment
2025-03-08 22:50:26,249 - INFO - Resetting environment
2025-03-08 22:50:26,251 - INFO - Resetting environment
2025-03-08 22:50:49,536 - INFO - Resetting environment
2025-03-08 22:50:49,538 - INFO - Resetting environment
2025-03-08 22:50:49,539 - INFO - Resetting environment
2025-03-08 22:50:49,540 - INFO - Resetting environment
2025-03-08 22:51:13,188 - INFO - Resetting environment
2025-03-08 22:51:13,189 - INFO - Resetting environment
2025-03-08 22:51:13,190 - INFO - Resetting environment
2025-03-08 22:51:13,191 - INFO - Resetting environment
2025-03-08 22:51:38,797 - INFO - Resetting environment
2025-03-08 22:51:38,799 - INFO - Resetting environment
2025-03-08 22:51:38,800 - INFO - Resetting environment
2025-03-08 22:51:38,800 - INFO - Resetting environment
2025-03-08 22:52:02,372 - INFO - Resetting environment
2025-03-08 22:52:02,374 - INFO - Resetting environment
2025-03-08 22:52:02,374 - INFO - Resetting environment
2025-03-08 22:52:02,375 - INFO - Resetting environment
2025-03-08 22:52:27,081 - INFO - Resetting environment
2025-03-08 22:52:27,082 - INFO - Resetting environment
2025-03-08 22:52:27,083 - INFO - Resetting environment
2025-03-08 22:52:27,084 - INFO - Resetting environment
2025-03-08 22:52:48,639 - INFO - Resetting environment
2025-03-08 22:52:48,640 - INFO - Resetting environment
2025-03-08 22:52:48,641 - INFO - Resetting environment
2025-03-08 22:52:48,641 - INFO - Resetting environment
2025-03-08 22:53:13,478 - INFO - Resetting environment
2025-03-08 22:53:13,480 - INFO - Resetting environment
2025-03-08 22:53:13,481 - INFO - Resetting environment
2025-03-08 22:53:13,482 - INFO - Resetting environment
2025-03-08 22:53:37,392 - INFO - Resetting environment
2025-03-08 22:53:37,394 - INFO - Resetting environment
2025-03-08 22:53:37,395 - INFO - Resetting environment
2025-03-08 22:53:37,396 - INFO - Resetting environment
2025-03-08 22:54:00,676 - INFO - Resetting environment
2025-03-08 22:54:00,679 - INFO - Resetting environment
2025-03-08 22:54:00,682 - INFO - Resetting environment
2025-03-08 22:54:00,685 - INFO - Resetting environment
2025-03-08 22:54:22,965 - INFO - Resetting environment
2025-03-08 22:54:22,966 - INFO - Resetting environment
2025-03-08 22:54:22,967 - INFO - Resetting environment
2025-03-08 22:54:22,968 - INFO - Resetting environment
2025-03-08 22:54:44,295 - INFO - Resetting environment
2025-03-08 22:54:44,298 - INFO - Resetting environment
2025-03-08 22:54:44,299 - INFO - Resetting environment
2025-03-08 22:54:44,299 - INFO - Resetting environment
2025-03-08 22:55:04,025 - INFO - Resetting environment
2025-03-08 22:55:04,026 - INFO - Resetting environment
2025-03-08 22:55:04,027 - INFO - Resetting environment
2025-03-08 22:55:04,028 - INFO - Resetting environment
2025-03-08 22:55:39,958 - INFO - Resetting environment
2025-03-08 22:55:39,960 - INFO - Resetting environment
2025-03-08 22:55:39,962 - INFO - Resetting environment
2025-03-08 22:55:39,963 - INFO - Resetting environment
2025-03-08 22:56:00,657 - INFO - Resetting environment
2025-03-08 22:56:00,659 - INFO - Resetting environment
2025-03-08 22:56:00,660 - INFO - Resetting environment
2025-03-08 22:56:00,660 - INFO - Resetting environment
2025-03-08 22:56:22,021 - INFO - Resetting environment
2025-03-08 22:56:22,022 - INFO - Resetting environment
2025-03-08 22:56:22,023 - INFO - Resetting environment
2025-03-08 22:56:22,024 - INFO - Resetting environment
2025-03-08 22:56:46,894 - INFO - Resetting environment
2025-03-08 22:56:46,896 - INFO - Resetting environment
2025-03-08 22:56:46,897 - INFO - Resetting environment
2025-03-08 22:56:46,899 - INFO - Resetting environment
2025-03-08 22:57:09,805 - INFO - Resetting environment
2025-03-08 22:57:09,807 - INFO - Resetting environment
2025-03-08 22:57:09,808 - INFO - Resetting environment
2025-03-08 22:57:09,809 - INFO - Resetting environment
2025-03-08 22:57:32,765 - INFO - Resetting environment
2025-03-08 22:57:32,774 - INFO - Resetting environment
2025-03-08 22:57:32,780 - INFO - Resetting environment
2025-03-08 22:57:32,783 - INFO - Resetting environment
2025-03-08 22:57:53,800 - INFO - Resetting environment
2025-03-08 22:57:53,802 - INFO - Resetting environment
2025-03-08 22:57:53,803 - INFO - Resetting environment
2025-03-08 22:57:53,803 - INFO - Resetting environment
2025-03-08 22:58:17,081 - INFO - Resetting environment
2025-03-08 22:58:17,083 - INFO - Resetting environment
2025-03-08 22:58:17,084 - INFO - Resetting environment
2025-03-08 22:58:17,084 - INFO - Resetting environment
2025-03-08 22:58:38,805 - INFO - Resetting environment
2025-03-08 22:58:38,807 - INFO - Resetting environment
2025-03-08 22:58:38,807 - INFO - Resetting environment
2025-03-08 22:58:38,808 - INFO - Resetting environment
2025-03-08 22:58:58,443 - INFO - Resetting environment
2025-03-08 22:58:58,444 - INFO - Resetting environment
2025-03-08 22:58:58,445 - INFO - Resetting environment
2025-03-08 22:58:58,446 - INFO - Resetting environment
2025-03-08 22:59:18,442 - INFO - Resetting environment
2025-03-08 22:59:18,445 - INFO - Resetting environment
2025-03-08 22:59:18,446 - INFO - Resetting environment
2025-03-08 22:59:18,447 - INFO - Resetting environment
2025-03-08 22:59:42,921 - INFO - Resetting environment
2025-03-08 22:59:42,924 - INFO - Resetting environment
2025-03-08 22:59:42,925 - INFO - Resetting environment
2025-03-08 22:59:42,925 - INFO - Resetting environment
2025-03-08 23:00:05,517 - INFO - Resetting environment
2025-03-08 23:00:05,519 - INFO - Resetting environment
2025-03-08 23:00:05,520 - INFO - Resetting environment
2025-03-08 23:00:05,521 - INFO - Resetting environment
2025-03-08 23:00:28,217 - INFO - Resetting environment
2025-03-08 23:00:28,219 - INFO - Resetting environment
2025-03-08 23:00:28,220 - INFO - Resetting environment
2025-03-08 23:00:28,221 - INFO - Resetting environment
2025-03-08 23:00:51,118 - INFO - Resetting environment
2025-03-08 23:00:51,121 - INFO - Resetting environment
2025-03-08 23:00:51,122 - INFO - Resetting environment
2025-03-08 23:00:51,122 - INFO - Resetting environment
2025-03-08 23:01:12,834 - INFO - Resetting environment
2025-03-08 23:01:12,836 - INFO - Resetting environment
2025-03-08 23:01:12,837 - INFO - Resetting environment
2025-03-08 23:01:12,837 - INFO - Resetting environment
2025-03-08 23:01:36,440 - INFO - Resetting environment
2025-03-08 23:01:36,442 - INFO - Resetting environment
2025-03-08 23:01:36,443 - INFO - Resetting environment
2025-03-08 23:01:36,444 - INFO - Resetting environment
2025-03-08 23:01:59,624 - INFO - Resetting environment
2025-03-08 23:01:59,626 - INFO - Resetting environment
2025-03-08 23:01:59,627 - INFO - Resetting environment
2025-03-08 23:01:59,628 - INFO - Resetting environment
2025-03-08 23:02:21,555 - INFO - Resetting environment
2025-03-08 23:02:21,556 - INFO - Resetting environment
2025-03-08 23:02:21,557 - INFO - Resetting environment
2025-03-08 23:02:21,558 - INFO - Resetting environment
2025-03-08 23:02:43,584 - INFO - Resetting environment
2025-03-08 23:02:43,587 - INFO - Resetting environment
2025-03-08 23:02:43,588 - INFO - Resetting environment
2025-03-08 23:02:43,591 - INFO - Resetting environment
2025-03-08 23:03:12,588 - INFO - Resetting environment
2025-03-08 23:03:12,593 - INFO - Resetting environment
2025-03-08 23:03:12,597 - INFO - Resetting environment
2025-03-08 23:03:12,600 - INFO - Resetting environment
2025-03-08 23:03:36,531 - INFO - Resetting environment
2025-03-08 23:03:36,532 - INFO - Resetting environment
2025-03-08 23:03:36,533 - INFO - Resetting environment
2025-03-08 23:03:36,534 - INFO - Resetting environment
2025-03-08 23:03:58,120 - INFO - Resetting environment
2025-03-08 23:03:58,122 - INFO - Resetting environment
2025-03-08 23:03:58,123 - INFO - Resetting environment
2025-03-08 23:03:58,124 - INFO - Resetting environment
2025-03-08 23:04:21,177 - INFO - Resetting environment
2025-03-08 23:04:21,178 - INFO - Resetting environment
2025-03-08 23:04:21,179 - INFO - Resetting environment
2025-03-08 23:04:21,179 - INFO - Resetting environment
2025-03-08 23:04:42,176 - INFO - Resetting environment
2025-03-08 23:04:42,178 - INFO - Resetting environment
2025-03-08 23:04:42,179 - INFO - Resetting environment
2025-03-08 23:04:42,180 - INFO - Resetting environment
2025-03-08 23:05:00,165 - INFO - Resetting environment
2025-03-08 23:05:00,166 - INFO - Resetting environment
2025-03-08 23:05:00,169 - INFO - Resetting environment
2025-03-08 23:05:00,170 - INFO - Resetting environment
2025-03-08 23:05:27,528 - INFO - Resetting environment
2025-03-08 23:05:27,531 - INFO - Resetting environment
2025-03-08 23:05:27,532 - INFO - Resetting environment
2025-03-08 23:05:27,535 - INFO - Resetting environment
2025-03-08 23:05:57,501 - INFO - Resetting environment
2025-03-08 23:05:57,503 - INFO - Resetting environment
2025-03-08 23:05:57,506 - INFO - Resetting environment
2025-03-08 23:05:57,508 - INFO - Resetting environment
2025-03-08 23:06:19,183 - INFO - Resetting environment
2025-03-08 23:06:19,184 - INFO - Resetting environment
2025-03-08 23:06:19,186 - INFO - Resetting environment
2025-03-08 23:06:19,191 - INFO - Resetting environment
2025-03-08 23:06:39,912 - INFO - Resetting environment
2025-03-08 23:06:39,914 - INFO - Resetting environment
2025-03-08 23:06:39,914 - INFO - Resetting environment
2025-03-08 23:06:39,915 - INFO - Resetting environment
2025-03-08 23:07:02,033 - INFO - Resetting environment
2025-03-08 23:07:02,036 - INFO - Resetting environment
2025-03-08 23:07:02,037 - INFO - Resetting environment
2025-03-08 23:07:02,038 - INFO - Resetting environment
2025-03-08 23:07:23,973 - INFO - Resetting environment
2025-03-08 23:07:23,974 - INFO - Resetting environment
2025-03-08 23:07:23,975 - INFO - Resetting environment
2025-03-08 23:07:23,976 - INFO - Resetting environment
2025-03-08 23:07:46,687 - INFO - Resetting environment
2025-03-08 23:07:46,688 - INFO - Resetting environment
2025-03-08 23:07:46,689 - INFO - Resetting environment
2025-03-08 23:07:46,690 - INFO - Resetting environment
2025-03-08 23:08:13,030 - INFO - Resetting environment
2025-03-08 23:08:13,032 - INFO - Resetting environment
2025-03-08 23:08:13,033 - INFO - Resetting environment
2025-03-08 23:08:13,034 - INFO - Resetting environment
2025-03-08 23:08:36,771 - INFO - Resetting environment
2025-03-08 23:08:36,774 - INFO - Resetting environment
2025-03-08 23:08:36,776 - INFO - Resetting environment
2025-03-08 23:08:36,779 - INFO - Resetting environment
2025-03-08 23:08:59,183 - INFO - Resetting environment
2025-03-08 23:08:59,184 - INFO - Resetting environment
2025-03-08 23:08:59,185 - INFO - Resetting environment
2025-03-08 23:08:59,186 - INFO - Resetting environment
2025-03-08 23:09:20,527 - INFO - Resetting environment
2025-03-08 23:09:20,528 - INFO - Resetting environment
2025-03-08 23:09:20,529 - INFO - Resetting environment
2025-03-08 23:09:20,530 - INFO - Resetting environment
2025-03-08 23:09:44,853 - INFO - Resetting environment
2025-03-08 23:09:44,854 - INFO - Resetting environment
2025-03-08 23:09:44,855 - INFO - Resetting environment
2025-03-08 23:09:44,855 - INFO - Resetting environment
2025-03-08 23:10:07,624 - INFO - Resetting environment
2025-03-08 23:10:07,626 - INFO - Resetting environment
2025-03-08 23:10:07,627 - INFO - Resetting environment
2025-03-08 23:10:07,628 - INFO - Resetting environment
2025-03-08 23:10:30,550 - INFO - Resetting environment
2025-03-08 23:10:30,551 - INFO - Resetting environment
2025-03-08 23:10:30,552 - INFO - Resetting environment
2025-03-08 23:10:30,553 - INFO - Resetting environment
2025-03-08 23:10:57,697 - INFO - Resetting environment
2025-03-08 23:10:57,699 - INFO - Resetting environment
2025-03-08 23:10:57,701 - INFO - Resetting environment
2025-03-08 23:10:57,712 - INFO - Resetting environment
2025-03-08 23:11:22,677 - INFO - Resetting environment
2025-03-08 23:11:22,679 - INFO - Resetting environment
2025-03-08 23:11:22,681 - INFO - Resetting environment
2025-03-08 23:11:22,682 - INFO - Resetting environment
2025-03-08 23:11:55,886 - INFO - Resetting environment
2025-03-08 23:11:55,892 - INFO - Resetting environment
2025-03-08 23:11:55,894 - INFO - Resetting environment
2025-03-08 23:11:55,895 - INFO - Resetting environment
2025-03-08 23:12:24,120 - INFO - Resetting environment
2025-03-08 23:12:24,124 - INFO - Resetting environment
2025-03-08 23:12:24,129 - INFO - Resetting environment
2025-03-08 23:12:24,141 - INFO - Resetting environment
2025-03-08 23:12:46,907 - INFO - Resetting environment
2025-03-08 23:12:46,909 - INFO - Resetting environment
2025-03-08 23:12:46,910 - INFO - Resetting environment
2025-03-08 23:12:46,911 - INFO - Resetting environment
2025-03-08 23:13:12,347 - INFO - Resetting environment
2025-03-08 23:13:12,348 - INFO - Resetting environment
2025-03-08 23:13:12,349 - INFO - Resetting environment
2025-03-08 23:13:12,350 - INFO - Resetting environment
2025-03-08 23:13:36,175 - INFO - Resetting environment
2025-03-08 23:13:36,177 - INFO - Resetting environment
2025-03-08 23:13:36,178 - INFO - Resetting environment
2025-03-08 23:13:36,179 - INFO - Resetting environment
2025-03-08 23:13:57,808 - INFO - Resetting environment
2025-03-08 23:13:57,810 - INFO - Resetting environment
2025-03-08 23:13:57,811 - INFO - Resetting environment
2025-03-08 23:13:57,815 - INFO - Resetting environment
2025-03-08 23:14:20,401 - INFO - Resetting environment
2025-03-08 23:14:20,403 - INFO - Resetting environment
2025-03-08 23:14:20,404 - INFO - Resetting environment
2025-03-08 23:14:20,405 - INFO - Resetting environment
2025-03-08 23:14:41,978 - INFO - Resetting environment
2025-03-08 23:14:41,979 - INFO - Resetting environment
2025-03-08 23:14:41,980 - INFO - Resetting environment
2025-03-08 23:14:41,984 - INFO - Resetting environment
2025-03-08 23:15:05,055 - INFO - Resetting environment
2025-03-08 23:15:05,057 - INFO - Resetting environment
2025-03-08 23:15:05,058 - INFO - Resetting environment
2025-03-08 23:15:05,059 - INFO - Resetting environment
2025-03-08 23:15:26,839 - INFO - Resetting environment
2025-03-08 23:15:26,843 - INFO - Resetting environment
2025-03-08 23:15:26,844 - INFO - Resetting environment
2025-03-08 23:15:26,845 - INFO - Resetting environment
2025-03-08 23:15:50,539 - INFO - Resetting environment
2025-03-08 23:15:50,541 - INFO - Resetting environment
2025-03-08 23:15:50,542 - INFO - Resetting environment
2025-03-08 23:15:50,542 - INFO - Resetting environment
2025-03-08 23:16:11,654 - INFO - Resetting environment
2025-03-08 23:16:11,656 - INFO - Resetting environment
2025-03-08 23:16:11,657 - INFO - Resetting environment
2025-03-08 23:16:11,658 - INFO - Resetting environment
2025-03-08 23:16:33,278 - INFO - Resetting environment
2025-03-08 23:16:33,280 - INFO - Resetting environment
2025-03-08 23:16:33,281 - INFO - Resetting environment
2025-03-08 23:16:33,282 - INFO - Resetting environment
2025-03-08 23:16:53,956 - INFO - Resetting environment
2025-03-08 23:16:53,957 - INFO - Resetting environment
2025-03-08 23:16:53,958 - INFO - Resetting environment
2025-03-08 23:16:53,959 - INFO - Resetting environment
2025-03-08 23:17:16,992 - INFO - Resetting environment
2025-03-08 23:17:16,994 - INFO - Resetting environment
2025-03-08 23:17:16,995 - INFO - Resetting environment
2025-03-08 23:17:16,995 - INFO - Resetting environment
2025-03-08 23:17:40,713 - INFO - Resetting environment
2025-03-08 23:17:40,716 - INFO - Resetting environment
2025-03-08 23:17:40,717 - INFO - Resetting environment
2025-03-08 23:17:40,718 - INFO - Resetting environment
2025-03-08 23:18:06,379 - INFO - Resetting environment
2025-03-08 23:18:06,381 - INFO - Resetting environment
2025-03-08 23:18:06,382 - INFO - Resetting environment
2025-03-08 23:18:06,383 - INFO - Resetting environment
2025-03-08 23:18:29,115 - INFO - Resetting environment
2025-03-08 23:18:29,116 - INFO - Resetting environment
2025-03-08 23:18:29,117 - INFO - Resetting environment
2025-03-08 23:18:29,118 - INFO - Resetting environment
2025-03-08 23:18:48,960 - INFO - Resetting environment
2025-03-08 23:18:48,961 - INFO - Resetting environment
2025-03-08 23:18:48,962 - INFO - Resetting environment
2025-03-08 23:18:48,963 - INFO - Resetting environment
2025-03-08 23:19:11,779 - INFO - Resetting environment
2025-03-08 23:19:11,783 - INFO - Resetting environment
2025-03-08 23:19:11,784 - INFO - Resetting environment
2025-03-08 23:19:11,785 - INFO - Resetting environment
2025-03-08 23:19:35,761 - INFO - Resetting environment
2025-03-08 23:19:35,763 - INFO - Resetting environment
2025-03-08 23:19:35,764 - INFO - Resetting environment
2025-03-08 23:19:35,766 - INFO - Resetting environment
2025-03-08 23:19:57,591 - INFO - Resetting environment
2025-03-08 23:19:57,593 - INFO - Resetting environment
2025-03-08 23:19:57,594 - INFO - Resetting environment
2025-03-08 23:19:57,595 - INFO - Resetting environment
2025-03-08 23:20:21,197 - INFO - Resetting environment
2025-03-08 23:20:21,199 - INFO - Resetting environment
2025-03-08 23:20:21,200 - INFO - Resetting environment
2025-03-08 23:20:21,201 - INFO - Resetting environment
2025-03-08 23:20:43,475 - INFO - Resetting environment
2025-03-08 23:20:43,489 - INFO - Resetting environment
2025-03-08 23:20:43,490 - INFO - Resetting environment
2025-03-08 23:20:43,492 - INFO - Resetting environment
2025-03-08 23:21:07,922 - INFO - Resetting environment
2025-03-08 23:21:07,923 - INFO - Resetting environment
2025-03-08 23:21:07,924 - INFO - Resetting environment
2025-03-08 23:21:07,925 - INFO - Resetting environment
2025-03-08 23:21:30,158 - INFO - Resetting environment
2025-03-08 23:21:30,162 - INFO - Resetting environment
2025-03-08 23:21:30,163 - INFO - Resetting environment
2025-03-08 23:21:30,164 - INFO - Resetting environment
2025-03-08 23:21:52,047 - INFO - Resetting environment
2025-03-08 23:21:52,049 - INFO - Resetting environment
2025-03-08 23:21:52,050 - INFO - Resetting environment
2025-03-08 23:21:52,051 - INFO - Resetting environment
2025-03-08 23:22:15,169 - INFO - Resetting environment
2025-03-08 23:22:15,171 - INFO - Resetting environment
2025-03-08 23:22:15,172 - INFO - Resetting environment
2025-03-08 23:22:15,172 - INFO - Resetting environment
2025-03-08 23:22:39,391 - INFO - Resetting environment
2025-03-08 23:22:39,393 - INFO - Resetting environment
2025-03-08 23:22:39,394 - INFO - Resetting environment
2025-03-08 23:22:39,395 - INFO - Resetting environment
2025-03-08 23:23:00,792 - INFO - Resetting environment
2025-03-08 23:23:00,793 - INFO - Resetting environment
2025-03-08 23:23:00,794 - INFO - Resetting environment
2025-03-08 23:23:00,796 - INFO - Resetting environment
2025-03-08 23:23:21,479 - INFO - Resetting environment
2025-03-08 23:23:21,480 - INFO - Resetting environment
2025-03-08 23:23:21,481 - INFO - Resetting environment
2025-03-08 23:23:21,483 - INFO - Resetting environment
2025-03-08 23:23:43,520 - INFO - Resetting environment
2025-03-08 23:23:43,523 - INFO - Resetting environment
2025-03-08 23:23:43,524 - INFO - Resetting environment
2025-03-08 23:23:43,526 - INFO - Resetting environment
2025-03-08 23:24:04,788 - INFO - Resetting environment
2025-03-08 23:24:04,789 - INFO - Resetting environment
2025-03-08 23:24:04,790 - INFO - Resetting environment
2025-03-08 23:24:04,791 - INFO - Resetting environment
2025-03-08 23:24:26,192 - INFO - Resetting environment
2025-03-08 23:24:26,194 - INFO - Resetting environment
2025-03-08 23:24:26,195 - INFO - Resetting environment
2025-03-08 23:24:26,196 - INFO - Resetting environment
2025-03-08 23:24:48,867 - INFO - Resetting environment
2025-03-08 23:24:48,869 - INFO - Resetting environment
2025-03-08 23:24:48,870 - INFO - Resetting environment
2025-03-08 23:24:48,871 - INFO - Resetting environment
2025-03-08 23:25:11,569 - INFO - Resetting environment
2025-03-08 23:25:11,570 - INFO - Resetting environment
2025-03-08 23:25:11,571 - INFO - Resetting environment
2025-03-08 23:25:11,572 - INFO - Resetting environment
2025-03-08 23:25:31,644 - INFO - Resetting environment
2025-03-08 23:25:31,647 - INFO - Resetting environment
2025-03-08 23:25:31,647 - INFO - Resetting environment
2025-03-08 23:25:31,648 - INFO - Resetting environment
2025-03-08 23:25:53,352 - INFO - Resetting environment
2025-03-08 23:25:53,354 - INFO - Resetting environment
2025-03-08 23:25:53,355 - INFO - Resetting environment
2025-03-08 23:25:53,356 - INFO - Resetting environment
2025-03-08 23:26:14,049 - INFO - Resetting environment
2025-03-08 23:26:14,050 - INFO - Resetting environment
2025-03-08 23:26:14,051 - INFO - Resetting environment
2025-03-08 23:26:14,052 - INFO - Resetting environment
2025-03-08 23:26:34,809 - INFO - Resetting environment
2025-03-08 23:26:34,812 - INFO - Resetting environment
2025-03-08 23:26:34,813 - INFO - Resetting environment
2025-03-08 23:26:34,814 - INFO - Resetting environment
2025-03-08 23:26:56,052 - INFO - Resetting environment
2025-03-08 23:26:56,053 - INFO - Resetting environment
2025-03-08 23:26:56,054 - INFO - Resetting environment
2025-03-08 23:26:56,055 - INFO - Resetting environment
2025-03-08 23:27:16,758 - INFO - Resetting environment
2025-03-08 23:27:16,761 - INFO - Resetting environment
2025-03-08 23:27:16,762 - INFO - Resetting environment
2025-03-08 23:27:16,762 - INFO - Resetting environment
2025-03-08 23:27:37,182 - INFO - Resetting environment
2025-03-08 23:27:37,184 - INFO - Resetting environment
2025-03-08 23:27:37,185 - INFO - Resetting environment
2025-03-08 23:27:37,186 - INFO - Resetting environment
2025-03-08 23:27:58,357 - INFO - Resetting environment
2025-03-08 23:27:58,359 - INFO - Resetting environment
2025-03-08 23:27:58,360 - INFO - Resetting environment
2025-03-08 23:27:58,361 - INFO - Resetting environment
2025-03-08 23:28:18,829 - INFO - Resetting environment
2025-03-08 23:28:18,830 - INFO - Resetting environment
2025-03-08 23:28:18,831 - INFO - Resetting environment
2025-03-08 23:28:18,832 - INFO - Resetting environment
2025-03-08 23:28:40,926 - INFO - Resetting environment
2025-03-08 23:28:40,927 - INFO - Resetting environment
2025-03-08 23:28:40,928 - INFO - Resetting environment
2025-03-08 23:28:40,929 - INFO - Resetting environment
2025-03-08 23:29:01,109 - INFO - Resetting environment
2025-03-08 23:29:01,110 - INFO - Resetting environment
2025-03-08 23:29:01,111 - INFO - Resetting environment
2025-03-08 23:29:01,112 - INFO - Resetting environment
2025-03-08 23:29:21,285 - INFO - Resetting environment
2025-03-08 23:29:21,287 - INFO - Resetting environment
2025-03-08 23:29:21,288 - INFO - Resetting environment
2025-03-08 23:29:21,289 - INFO - Resetting environment
2025-03-08 23:29:43,362 - INFO - Resetting environment
2025-03-08 23:29:43,364 - INFO - Resetting environment
2025-03-08 23:29:43,366 - INFO - Resetting environment
2025-03-08 23:29:43,368 - INFO - Resetting environment
2025-03-08 23:30:05,312 - INFO - Resetting environment
2025-03-08 23:30:05,313 - INFO - Resetting environment
2025-03-08 23:30:05,314 - INFO - Resetting environment
2025-03-08 23:30:05,314 - INFO - Resetting environment
2025-03-08 23:30:29,078 - INFO - Resetting environment
2025-03-08 23:30:29,079 - INFO - Resetting environment
2025-03-08 23:30:29,080 - INFO - Resetting environment
2025-03-08 23:30:29,080 - INFO - Resetting environment
2025-03-08 23:30:53,643 - INFO - Resetting environment
2025-03-08 23:30:53,644 - INFO - Resetting environment
2025-03-08 23:30:53,645 - INFO - Resetting environment
2025-03-08 23:30:53,646 - INFO - Resetting environment
2025-03-08 23:31:19,352 - INFO - Resetting environment
2025-03-08 23:31:19,354 - INFO - Resetting environment
2025-03-08 23:31:19,355 - INFO - Resetting environment
2025-03-08 23:31:19,356 - INFO - Resetting environment
2025-03-08 23:31:40,937 - INFO - Resetting environment
2025-03-08 23:31:40,941 - INFO - Resetting environment
2025-03-08 23:31:40,942 - INFO - Resetting environment
2025-03-08 23:31:40,943 - INFO - Resetting environment
2025-03-08 23:32:04,559 - INFO - Resetting environment
2025-03-08 23:32:04,561 - INFO - Resetting environment
2025-03-08 23:32:04,562 - INFO - Resetting environment
2025-03-08 23:32:04,562 - INFO - Resetting environment
2025-03-08 23:32:30,159 - INFO - Resetting environment
2025-03-08 23:32:30,161 - INFO - Resetting environment
2025-03-08 23:32:30,163 - INFO - Resetting environment
2025-03-08 23:32:30,164 - INFO - Resetting environment
2025-03-08 23:32:58,833 - INFO - Resetting environment
2025-03-08 23:32:58,837 - INFO - Resetting environment
2025-03-08 23:32:58,839 - INFO - Resetting environment
2025-03-08 23:32:58,842 - INFO - Resetting environment
2025-03-08 23:33:25,787 - INFO - Resetting environment
2025-03-08 23:33:25,788 - INFO - Resetting environment
2025-03-08 23:33:25,789 - INFO - Resetting environment
2025-03-08 23:33:25,790 - INFO - Resetting environment
2025-03-08 23:33:48,954 - INFO - Resetting environment
2025-03-08 23:33:48,956 - INFO - Resetting environment
2025-03-08 23:33:48,957 - INFO - Resetting environment
2025-03-08 23:33:48,957 - INFO - Resetting environment
2025-03-08 23:34:10,603 - INFO - Resetting environment
2025-03-08 23:34:10,604 - INFO - Resetting environment
2025-03-08 23:34:10,604 - INFO - Resetting environment
2025-03-08 23:34:10,605 - INFO - Resetting environment
2025-03-08 23:34:35,079 - INFO - Resetting environment
2025-03-08 23:34:35,080 - INFO - Resetting environment
2025-03-08 23:34:35,081 - INFO - Resetting environment
2025-03-08 23:34:35,082 - INFO - Resetting environment
2025-03-08 23:34:58,125 - INFO - Resetting environment
2025-03-08 23:34:58,126 - INFO - Resetting environment
2025-03-08 23:34:58,126 - INFO - Resetting environment
2025-03-08 23:34:58,127 - INFO - Resetting environment
2025-03-08 23:35:22,820 - INFO - Resetting environment
2025-03-08 23:35:22,821 - INFO - Resetting environment
2025-03-08 23:35:22,822 - INFO - Resetting environment
2025-03-08 23:35:22,823 - INFO - Resetting environment
2025-03-08 23:35:45,557 - INFO - Resetting environment
2025-03-08 23:35:45,561 - INFO - Resetting environment
2025-03-08 23:35:45,564 - INFO - Resetting environment
2025-03-08 23:35:45,566 - INFO - Resetting environment
2025-03-08 23:36:09,035 - INFO - Resetting environment
2025-03-08 23:36:09,037 - INFO - Resetting environment
2025-03-08 23:36:09,037 - INFO - Resetting environment
2025-03-08 23:36:09,038 - INFO - Resetting environment
2025-03-08 23:36:31,501 - INFO - Resetting environment
2025-03-08 23:36:31,503 - INFO - Resetting environment
2025-03-08 23:36:31,504 - INFO - Resetting environment
2025-03-08 23:36:31,505 - INFO - Resetting environment
2025-03-08 23:36:57,260 - INFO - Resetting environment
2025-03-08 23:36:57,261 - INFO - Resetting environment
2025-03-08 23:36:57,262 - INFO - Resetting environment
2025-03-08 23:36:57,263 - INFO - Resetting environment
2025-03-08 23:37:21,988 - INFO - Resetting environment
2025-03-08 23:37:21,989 - INFO - Resetting environment
2025-03-08 23:37:21,990 - INFO - Resetting environment
2025-03-08 23:37:21,991 - INFO - Resetting environment
2025-03-08 23:37:48,834 - INFO - Resetting environment
2025-03-08 23:37:48,836 - INFO - Resetting environment
2025-03-08 23:37:48,837 - INFO - Resetting environment
2025-03-08 23:37:48,838 - INFO - Resetting environment
2025-03-08 23:38:10,385 - INFO - Resetting environment
2025-03-08 23:38:10,386 - INFO - Resetting environment
2025-03-08 23:38:10,387 - INFO - Resetting environment
2025-03-08 23:38:10,388 - INFO - Resetting environment
2025-03-08 23:38:35,594 - INFO - Resetting environment
2025-03-08 23:38:35,596 - INFO - Resetting environment
2025-03-08 23:38:35,597 - INFO - Resetting environment
2025-03-08 23:38:35,598 - INFO - Resetting environment
2025-03-08 23:39:01,495 - INFO - Resetting environment
2025-03-08 23:39:01,496 - INFO - Resetting environment
2025-03-08 23:39:01,497 - INFO - Resetting environment
2025-03-08 23:39:01,498 - INFO - Resetting environment
2025-03-08 23:39:28,891 - INFO - Resetting environment
2025-03-08 23:39:28,896 - INFO - Resetting environment
2025-03-08 23:39:28,897 - INFO - Resetting environment
2025-03-08 23:39:28,900 - INFO - Resetting environment
2025-03-08 23:39:49,917 - INFO - Resetting environment
2025-03-08 23:39:49,918 - INFO - Resetting environment
2025-03-08 23:39:49,919 - INFO - Resetting environment
2025-03-08 23:39:49,919 - INFO - Resetting environment
2025-03-08 23:40:03,528 - INFO - Resetting environment
2025-03-08 23:40:03,529 - INFO - Resetting environment
2025-03-08 23:40:03,530 - INFO - Resetting environment
2025-03-08 23:40:03,530 - INFO - Resetting environment
2025-03-08 23:40:17,102 - INFO - Resetting environment
2025-03-08 23:40:17,103 - INFO - Resetting environment
2025-03-08 23:40:17,104 - INFO - Resetting environment
2025-03-08 23:40:17,104 - INFO - Resetting environment
2025-03-08 23:40:30,725 - INFO - Resetting environment
2025-03-08 23:40:30,726 - INFO - Resetting environment
2025-03-08 23:40:30,727 - INFO - Resetting environment
2025-03-08 23:40:30,727 - INFO - Resetting environment
2025-03-08 23:40:44,199 - INFO - Resetting environment
2025-03-08 23:40:44,200 - INFO - Resetting environment
2025-03-08 23:40:44,200 - INFO - Resetting environment
2025-03-08 23:40:44,201 - INFO - Resetting environment
2025-03-08 23:40:57,990 - INFO - Resetting environment
2025-03-08 23:40:57,990 - INFO - Resetting environment
2025-03-08 23:40:57,991 - INFO - Resetting environment
2025-03-08 23:40:57,992 - INFO - Resetting environment
2025-03-08 23:41:11,449 - INFO - Resetting environment
2025-03-08 23:41:11,449 - INFO - Resetting environment
2025-03-08 23:41:11,450 - INFO - Resetting environment
2025-03-08 23:41:11,451 - INFO - Resetting environment
2025-03-08 23:41:24,784 - INFO - Resetting environment
2025-03-08 23:41:24,784 - INFO - Resetting environment
2025-03-08 23:41:24,785 - INFO - Resetting environment
2025-03-08 23:41:24,786 - INFO - Resetting environment
2025-03-08 23:41:38,180 - INFO - Resetting environment
2025-03-08 23:41:38,181 - INFO - Resetting environment
2025-03-08 23:41:38,181 - INFO - Resetting environment
2025-03-08 23:41:38,182 - INFO - Resetting environment
2025-03-08 23:41:51,266 - INFO - Resetting environment
2025-03-08 23:41:51,267 - INFO - Resetting environment
2025-03-08 23:41:51,267 - INFO - Resetting environment
2025-03-08 23:41:51,268 - INFO - Resetting environment
2025-03-08 23:42:04,647 - INFO - Resetting environment
2025-03-08 23:42:04,647 - INFO - Resetting environment
2025-03-08 23:42:04,648 - INFO - Resetting environment
2025-03-08 23:42:04,649 - INFO - Resetting environment
2025-03-08 23:42:19,024 - INFO - Resetting environment
2025-03-08 23:42:19,026 - INFO - Resetting environment
2025-03-08 23:42:19,027 - INFO - Resetting environment
2025-03-08 23:42:19,028 - INFO - Resetting environment
2025-03-08 23:42:32,460 - INFO - Resetting environment
2025-03-08 23:42:32,461 - INFO - Resetting environment
2025-03-08 23:42:32,462 - INFO - Resetting environment
2025-03-08 23:42:32,462 - INFO - Resetting environment
2025-03-08 23:42:46,332 - INFO - Resetting environment
2025-03-08 23:42:46,333 - INFO - Resetting environment
2025-03-08 23:42:46,334 - INFO - Resetting environment
2025-03-08 23:42:46,334 - INFO - Resetting environment
2025-03-08 23:42:59,305 - INFO - Resetting environment
2025-03-08 23:42:59,305 - INFO - Resetting environment
2025-03-08 23:42:59,306 - INFO - Resetting environment
2025-03-08 23:42:59,307 - INFO - Resetting environment
2025-03-08 23:43:14,294 - INFO - Resetting environment
2025-03-08 23:43:14,296 - INFO - Resetting environment
2025-03-08 23:43:14,297 - INFO - Resetting environment
2025-03-08 23:43:14,297 - INFO - Resetting environment
2025-03-08 23:43:28,121 - INFO - Resetting environment
2025-03-08 23:43:28,123 - INFO - Resetting environment
2025-03-08 23:43:28,124 - INFO - Resetting environment
2025-03-08 23:43:28,124 - INFO - Resetting environment
2025-03-08 23:43:41,704 - INFO - Resetting environment
2025-03-08 23:43:41,704 - INFO - Resetting environment
2025-03-08 23:43:41,705 - INFO - Resetting environment
2025-03-08 23:43:41,705 - INFO - Resetting environment
2025-03-08 23:43:55,477 - INFO - Resetting environment
2025-03-08 23:43:55,478 - INFO - Resetting environment
2025-03-08 23:43:55,478 - INFO - Resetting environment
2025-03-08 23:43:55,479 - INFO - Resetting environment
2025-03-08 23:44:09,198 - INFO - Resetting environment
2025-03-08 23:44:09,199 - INFO - Resetting environment
2025-03-08 23:44:09,200 - INFO - Resetting environment
2025-03-08 23:44:09,200 - INFO - Resetting environment
2025-03-08 23:44:22,739 - INFO - Resetting environment
2025-03-08 23:44:22,740 - INFO - Resetting environment
2025-03-08 23:44:22,740 - INFO - Resetting environment
2025-03-08 23:44:22,741 - INFO - Resetting environment
2025-03-08 23:44:35,707 - INFO - Resetting environment
2025-03-08 23:44:35,708 - INFO - Resetting environment
2025-03-08 23:44:35,709 - INFO - Resetting environment
2025-03-08 23:44:35,709 - INFO - Resetting environment
2025-03-08 23:44:48,284 - INFO - Resetting environment
2025-03-08 23:44:48,285 - INFO - Resetting environment
2025-03-08 23:44:48,285 - INFO - Resetting environment
2025-03-08 23:44:48,286 - INFO - Resetting environment
2025-03-08 23:45:02,109 - INFO - Resetting environment
2025-03-08 23:45:02,110 - INFO - Resetting environment
2025-03-08 23:45:02,111 - INFO - Resetting environment
2025-03-08 23:45:02,112 - INFO - Resetting environment
2025-03-08 23:45:15,386 - INFO - Resetting environment
2025-03-08 23:45:15,387 - INFO - Resetting environment
2025-03-08 23:45:15,388 - INFO - Resetting environment
2025-03-08 23:45:15,388 - INFO - Resetting environment
2025-03-08 23:45:28,382 - INFO - Resetting environment
2025-03-08 23:45:28,383 - INFO - Resetting environment
2025-03-08 23:45:28,384 - INFO - Resetting environment
2025-03-08 23:45:28,384 - INFO - Resetting environment
2025-03-08 23:45:41,679 - INFO - Resetting environment
2025-03-08 23:45:41,680 - INFO - Resetting environment
2025-03-08 23:45:41,681 - INFO - Resetting environment
2025-03-08 23:45:41,681 - INFO - Resetting environment
2025-03-08 23:45:55,369 - INFO - Resetting environment
2025-03-08 23:45:55,371 - INFO - Resetting environment
2025-03-08 23:45:55,372 - INFO - Resetting environment
2025-03-08 23:45:55,372 - INFO - Resetting environment
2025-03-08 23:46:09,403 - INFO - Resetting environment
2025-03-08 23:46:09,404 - INFO - Resetting environment
2025-03-08 23:46:09,404 - INFO - Resetting environment
2025-03-08 23:46:09,405 - INFO - Resetting environment
2025-03-08 23:46:22,371 - INFO - Resetting environment
2025-03-08 23:46:22,372 - INFO - Resetting environment
2025-03-08 23:46:22,372 - INFO - Resetting environment
2025-03-08 23:46:22,373 - INFO - Resetting environment
2025-03-08 23:46:35,060 - INFO - Resetting environment
2025-03-08 23:46:35,062 - INFO - Resetting environment
2025-03-08 23:46:35,063 - INFO - Resetting environment
2025-03-08 23:46:35,063 - INFO - Resetting environment
2025-03-08 23:46:48,538 - INFO - Resetting environment
2025-03-08 23:46:48,539 - INFO - Resetting environment
2025-03-08 23:46:48,540 - INFO - Resetting environment
2025-03-08 23:46:48,540 - INFO - Resetting environment
2025-03-08 23:47:01,521 - INFO - Resetting environment
2025-03-08 23:47:01,523 - INFO - Resetting environment
2025-03-08 23:47:01,523 - INFO - Resetting environment
2025-03-08 23:47:01,524 - INFO - Resetting environment
2025-03-08 23:47:14,166 - INFO - Resetting environment
2025-03-08 23:47:14,168 - INFO - Resetting environment
2025-03-08 23:47:14,169 - INFO - Resetting environment
2025-03-08 23:47:14,169 - INFO - Resetting environment
2025-03-08 23:47:27,100 - INFO - Resetting environment
2025-03-08 23:47:27,100 - INFO - Resetting environment
2025-03-08 23:47:27,101 - INFO - Resetting environment
2025-03-08 23:47:27,102 - INFO - Resetting environment
2025-03-08 23:47:40,286 - INFO - Resetting environment
2025-03-08 23:47:40,286 - INFO - Resetting environment
2025-03-08 23:47:40,287 - INFO - Resetting environment
2025-03-08 23:47:40,288 - INFO - Resetting environment
2025-03-08 23:47:53,163 - INFO - Resetting environment
2025-03-08 23:47:53,165 - INFO - Resetting environment
2025-03-08 23:47:53,165 - INFO - Resetting environment
2025-03-08 23:47:53,166 - INFO - Resetting environment
2025-03-08 23:48:06,225 - INFO - Resetting environment
2025-03-08 23:48:06,225 - INFO - Resetting environment
2025-03-08 23:48:06,226 - INFO - Resetting environment
2025-03-08 23:48:06,226 - INFO - Resetting environment
2025-03-08 23:48:19,066 - INFO - Resetting environment
2025-03-08 23:48:19,067 - INFO - Resetting environment
2025-03-08 23:48:19,068 - INFO - Resetting environment
2025-03-08 23:48:19,068 - INFO - Resetting environment
2025-03-08 23:48:32,140 - INFO - Resetting environment
2025-03-08 23:48:32,141 - INFO - Resetting environment
2025-03-08 23:48:32,142 - INFO - Resetting environment
2025-03-08 23:48:32,143 - INFO - Resetting environment
2025-03-08 23:48:45,548 - INFO - Resetting environment
2025-03-08 23:48:45,549 - INFO - Resetting environment
2025-03-08 23:48:45,549 - INFO - Resetting environment
2025-03-08 23:48:45,550 - INFO - Resetting environment
2025-03-08 23:48:58,595 - INFO - Resetting environment
2025-03-08 23:48:58,596 - INFO - Resetting environment
2025-03-08 23:48:58,597 - INFO - Resetting environment
2025-03-08 23:48:58,597 - INFO - Resetting environment
2025-03-08 23:49:11,552 - INFO - Resetting environment
2025-03-08 23:49:11,552 - INFO - Resetting environment
2025-03-08 23:49:11,553 - INFO - Resetting environment
2025-03-08 23:49:11,554 - INFO - Resetting environment
2025-03-08 23:49:24,804 - INFO - Resetting environment
2025-03-08 23:49:24,805 - INFO - Resetting environment
2025-03-08 23:49:24,806 - INFO - Resetting environment
2025-03-08 23:49:24,807 - INFO - Resetting environment
2025-03-08 23:49:37,512 - INFO - Resetting environment
2025-03-08 23:49:37,513 - INFO - Resetting environment
2025-03-08 23:49:37,513 - INFO - Resetting environment
2025-03-08 23:49:37,514 - INFO - Resetting environment
2025-03-08 23:49:50,580 - INFO - Resetting environment
2025-03-08 23:49:50,580 - INFO - Resetting environment
2025-03-08 23:49:50,581 - INFO - Resetting environment
2025-03-08 23:49:50,582 - INFO - Resetting environment
2025-03-08 23:50:03,380 - INFO - Resetting environment
2025-03-08 23:50:03,381 - INFO - Resetting environment
2025-03-08 23:50:03,382 - INFO - Resetting environment
2025-03-08 23:50:03,382 - INFO - Resetting environment
2025-03-08 23:50:16,481 - INFO - Resetting environment
2025-03-08 23:50:16,482 - INFO - Resetting environment
2025-03-08 23:50:16,482 - INFO - Resetting environment
2025-03-08 23:50:16,483 - INFO - Resetting environment
2025-03-08 23:50:30,110 - INFO - Resetting environment
2025-03-08 23:50:30,111 - INFO - Resetting environment
2025-03-08 23:50:30,112 - INFO - Resetting environment
2025-03-08 23:50:30,112 - INFO - Resetting environment
2025-03-08 23:50:43,506 - INFO - Resetting environment
2025-03-08 23:50:43,507 - INFO - Resetting environment
2025-03-08 23:50:43,508 - INFO - Resetting environment
2025-03-08 23:50:43,508 - INFO - Resetting environment
2025-03-08 23:50:56,740 - INFO - Resetting environment
2025-03-08 23:50:56,741 - INFO - Resetting environment
2025-03-08 23:50:56,742 - INFO - Resetting environment
2025-03-08 23:50:56,742 - INFO - Resetting environment
2025-03-08 23:51:09,898 - INFO - Resetting environment
2025-03-08 23:51:09,899 - INFO - Resetting environment
2025-03-08 23:51:09,900 - INFO - Resetting environment
2025-03-08 23:51:09,900 - INFO - Resetting environment
2025-03-08 23:51:22,881 - INFO - Resetting environment
2025-03-08 23:51:22,882 - INFO - Resetting environment
2025-03-08 23:51:22,883 - INFO - Resetting environment
2025-03-08 23:51:22,883 - INFO - Resetting environment
2025-03-08 23:51:35,885 - INFO - Resetting environment
2025-03-08 23:51:35,886 - INFO - Resetting environment
2025-03-08 23:51:35,887 - INFO - Resetting environment
2025-03-08 23:51:35,887 - INFO - Resetting environment
2025-03-08 23:51:48,602 - INFO - Resetting environment
2025-03-08 23:51:48,603 - INFO - Resetting environment
2025-03-08 23:51:48,604 - INFO - Resetting environment
2025-03-08 23:51:48,604 - INFO - Resetting environment
2025-03-08 23:52:01,573 - INFO - Resetting environment
2025-03-08 23:52:01,573 - INFO - Resetting environment
2025-03-08 23:52:01,574 - INFO - Resetting environment
2025-03-08 23:52:01,574 - INFO - Resetting environment
2025-03-08 23:52:14,800 - INFO - Resetting environment
2025-03-08 23:52:14,801 - INFO - Resetting environment
2025-03-08 23:52:14,801 - INFO - Resetting environment
2025-03-08 23:52:14,802 - INFO - Resetting environment
2025-03-08 23:52:27,867 - INFO - Resetting environment
2025-03-08 23:52:27,868 - INFO - Resetting environment
2025-03-08 23:52:27,869 - INFO - Resetting environment
2025-03-08 23:52:27,869 - INFO - Resetting environment
2025-03-08 23:52:41,125 - INFO - Resetting environment
2025-03-08 23:52:41,126 - INFO - Resetting environment
2025-03-08 23:52:41,127 - INFO - Resetting environment
2025-03-08 23:52:41,128 - INFO - Resetting environment
2025-03-08 23:52:54,163 - INFO - Resetting environment
2025-03-08 23:52:54,164 - INFO - Resetting environment
2025-03-08 23:52:54,164 - INFO - Resetting environment
2025-03-08 23:52:54,165 - INFO - Resetting environment
2025-03-08 23:53:07,637 - INFO - Resetting environment
2025-03-08 23:53:07,638 - INFO - Resetting environment
2025-03-08 23:53:07,638 - INFO - Resetting environment
2025-03-08 23:53:07,639 - INFO - Resetting environment
2025-03-08 23:53:22,638 - INFO - Resetting environment
2025-03-08 23:53:22,639 - INFO - Resetting environment
2025-03-08 23:53:22,640 - INFO - Resetting environment
2025-03-08 23:53:22,640 - INFO - Resetting environment
2025-03-08 23:53:37,147 - INFO - Resetting environment
2025-03-08 23:53:37,148 - INFO - Resetting environment
2025-03-08 23:53:37,149 - INFO - Resetting environment
2025-03-08 23:53:37,149 - INFO - Resetting environment
2025-03-08 23:53:52,004 - INFO - Resetting environment
2025-03-08 23:53:52,005 - INFO - Resetting environment
2025-03-08 23:53:52,006 - INFO - Resetting environment
2025-03-08 23:53:52,006 - INFO - Resetting environment
2025-03-08 23:54:07,026 - INFO - Resetting environment
2025-03-08 23:54:07,027 - INFO - Resetting environment
2025-03-08 23:54:07,027 - INFO - Resetting environment
2025-03-08 23:54:07,028 - INFO - Resetting environment
2025-03-08 23:54:21,797 - INFO - Resetting environment
2025-03-08 23:54:21,798 - INFO - Resetting environment
2025-03-08 23:54:21,798 - INFO - Resetting environment
2025-03-08 23:54:21,799 - INFO - Resetting environment
2025-03-08 23:54:36,057 - INFO - Resetting environment
2025-03-08 23:54:36,058 - INFO - Resetting environment
2025-03-08 23:54:36,058 - INFO - Resetting environment
2025-03-08 23:54:36,059 - INFO - Resetting environment
2025-03-08 23:54:49,238 - INFO - Resetting environment
2025-03-08 23:54:49,239 - INFO - Resetting environment
2025-03-08 23:54:49,239 - INFO - Resetting environment
2025-03-08 23:54:49,240 - INFO - Resetting environment
2025-03-08 23:55:01,890 - INFO - Resetting environment
2025-03-08 23:55:01,891 - INFO - Resetting environment
2025-03-08 23:55:01,891 - INFO - Resetting environment
2025-03-08 23:55:01,892 - INFO - Resetting environment
2025-03-08 23:55:14,894 - INFO - Resetting environment
2025-03-08 23:55:14,894 - INFO - Resetting environment
2025-03-08 23:55:14,895 - INFO - Resetting environment
2025-03-08 23:55:14,895 - INFO - Resetting environment
2025-03-08 23:55:27,629 - INFO - Resetting environment
2025-03-08 23:55:27,630 - INFO - Resetting environment
2025-03-08 23:55:27,631 - INFO - Resetting environment
2025-03-08 23:55:27,631 - INFO - Resetting environment
2025-03-08 23:55:41,202 - INFO - Resetting environment
2025-03-08 23:55:41,203 - INFO - Resetting environment
2025-03-08 23:55:41,203 - INFO - Resetting environment
2025-03-08 23:55:41,204 - INFO - Resetting environment
2025-03-08 23:55:54,751 - INFO - Resetting environment
2025-03-08 23:55:54,752 - INFO - Resetting environment
2025-03-08 23:55:54,753 - INFO - Resetting environment
2025-03-08 23:55:54,753 - INFO - Resetting environment
2025-03-08 23:56:08,025 - INFO - Resetting environment
2025-03-08 23:56:08,026 - INFO - Resetting environment
2025-03-08 23:56:08,027 - INFO - Resetting environment
2025-03-08 23:56:08,027 - INFO - Resetting environment
2025-03-08 23:56:21,710 - INFO - Resetting environment
2025-03-08 23:56:21,710 - INFO - Resetting environment
2025-03-08 23:56:21,711 - INFO - Resetting environment
2025-03-08 23:56:21,712 - INFO - Resetting environment
2025-03-08 23:56:35,740 - INFO - Resetting environment
2025-03-08 23:56:35,741 - INFO - Resetting environment
2025-03-08 23:56:35,741 - INFO - Resetting environment
2025-03-08 23:56:35,742 - INFO - Resetting environment
2025-03-08 23:56:49,475 - INFO - Resetting environment
2025-03-08 23:56:49,476 - INFO - Resetting environment
2025-03-08 23:56:49,477 - INFO - Resetting environment
2025-03-08 23:56:49,477 - INFO - Resetting environment
2025-03-08 23:57:03,673 - INFO - Resetting environment
2025-03-08 23:57:03,674 - INFO - Resetting environment
2025-03-08 23:57:03,674 - INFO - Resetting environment
2025-03-08 23:57:03,675 - INFO - Resetting environment
2025-03-08 23:57:16,874 - INFO - Resetting environment
2025-03-08 23:57:16,875 - INFO - Resetting environment
2025-03-08 23:57:16,876 - INFO - Resetting environment
2025-03-08 23:57:16,876 - INFO - Resetting environment
2025-03-08 23:57:30,360 - INFO - Resetting environment
2025-03-08 23:57:30,360 - INFO - Resetting environment
2025-03-08 23:57:30,361 - INFO - Resetting environment
2025-03-08 23:57:30,362 - INFO - Resetting environment
2025-03-08 23:57:44,215 - INFO - Resetting environment
2025-03-08 23:57:44,215 - INFO - Resetting environment
2025-03-08 23:57:44,217 - INFO - Resetting environment
2025-03-08 23:57:44,218 - INFO - Resetting environment
2025-03-08 23:57:58,065 - INFO - Resetting environment
2025-03-08 23:57:58,065 - INFO - Resetting environment
2025-03-08 23:57:58,066 - INFO - Resetting environment
2025-03-08 23:57:58,067 - INFO - Resetting environment
2025-03-08 23:58:12,095 - INFO - Resetting environment
2025-03-08 23:58:12,096 - INFO - Resetting environment
2025-03-08 23:58:12,096 - INFO - Resetting environment
2025-03-08 23:58:12,097 - INFO - Resetting environment
2025-03-08 23:58:25,916 - INFO - Resetting environment
2025-03-08 23:58:25,917 - INFO - Resetting environment
2025-03-08 23:58:25,918 - INFO - Resetting environment
2025-03-08 23:58:25,919 - INFO - Resetting environment
2025-03-08 23:58:39,729 - INFO - Resetting environment
2025-03-08 23:58:39,730 - INFO - Resetting environment
2025-03-08 23:58:39,730 - INFO - Resetting environment
2025-03-08 23:58:39,731 - INFO - Resetting environment
2025-03-08 23:58:53,604 - INFO - Resetting environment
2025-03-08 23:58:53,604 - INFO - Resetting environment
2025-03-08 23:58:53,605 - INFO - Resetting environment
2025-03-08 23:58:53,606 - INFO - Resetting environment
2025-03-08 23:59:07,359 - INFO - Resetting environment
2025-03-08 23:59:07,361 - INFO - Resetting environment
2025-03-08 23:59:07,362 - INFO - Resetting environment
2025-03-08 23:59:07,362 - INFO - Resetting environment
2025-03-08 23:59:20,943 - INFO - Resetting environment
2025-03-08 23:59:20,944 - INFO - Resetting environment
2025-03-08 23:59:20,945 - INFO - Resetting environment
2025-03-08 23:59:20,945 - INFO - Resetting environment
2025-03-08 23:59:34,050 - INFO - Resetting environment
2025-03-08 23:59:34,051 - INFO - Resetting environment
2025-03-08 23:59:34,052 - INFO - Resetting environment
2025-03-08 23:59:34,052 - INFO - Resetting environment
2025-03-08 23:59:46,919 - INFO - Resetting environment
2025-03-08 23:59:46,920 - INFO - Resetting environment
2025-03-08 23:59:46,920 - INFO - Resetting environment
2025-03-08 23:59:46,921 - INFO - Resetting environment
2025-03-09 00:00:00,081 - INFO - Resetting environment
2025-03-09 00:00:00,082 - INFO - Resetting environment
2025-03-09 00:00:00,083 - INFO - Resetting environment
2025-03-09 00:00:00,084 - INFO - Resetting environment
2025-03-09 00:00:13,489 - INFO - Resetting environment
2025-03-09 00:00:13,490 - INFO - Resetting environment
2025-03-09 00:00:13,491 - INFO - Resetting environment
2025-03-09 00:00:13,492 - INFO - Resetting environment
2025-03-09 00:00:26,281 - INFO - Resetting environment
2025-03-09 00:00:26,281 - INFO - Resetting environment
2025-03-09 00:00:26,282 - INFO - Resetting environment
2025-03-09 00:00:26,282 - INFO - Resetting environment
