2025-02-12 20:10:52,446 - INFO - Initializing StockTradingEnv
2025-02-12 20:10:52,447 - INFO - Starting data preprocessing with 1648 rows
2025-02-12 20:10:52,463 - INFO - Numeric conversion completed for columns: ['Open', 'High', 'Low', 'Ltp', 'Qty', 'Turnover', '% Change']
2025-02-12 20:10:52,464 - INFO - Converting dates and sorting data
2025-02-12 20:10:52,470 - INFO - Initializing market regime detector
2025-02-12 20:10:52,471 - INFO - Initializing MarketRegimeDetector with 2 states
2025-02-12 20:10:52,471 - INFO - Computing technical indicators
2025-02-12 20:10:52,503 - INFO - Technical indicators computed in 0.032 seconds
2025-02-12 20:10:52,504 - INFO - Fitting market regimes
2025-02-12 20:10:52,505 - INFO - Starting HMM model fitting
2025-02-12 20:10:52,694 - INFO - HMM fitting completed in 0.189 seconds
2025-02-12 20:10:52,695 - INFO - Model score: -3583.317
2025-02-12 20:10:52,696 - INFO - Regime 0: 1026 samples (62.26%)
2025-02-12 20:10:52,696 - INFO - Regime 1: 622 samples (37.74%)
2025-02-12 20:10:52,697 - INFO - Market regimes fitted in 0.192 seconds
2025-02-12 20:10:52,697 - INFO - Environment initialization completed in 0.251 seconds
2025-02-12 20:10:52,698 - INFO - Data shape: (1648, 22), Date range: 2014-10-14 to 2022-07-07
2025-02-12 20:10:54,696 - INFO - Initializing StockTradingEnv
2025-02-12 20:10:54,697 - INFO - Starting data preprocessing with 1648 rows
2025-02-12 20:10:54,699 - INFO - Numeric conversion completed for columns: ['Open', 'High', 'Low', 'Ltp', 'Qty', 'Turnover', '% Change']
2025-02-12 20:10:54,700 - INFO - Converting dates and sorting data
2025-02-12 20:10:54,702 - INFO - Initializing market regime detector
2025-02-12 20:10:54,703 - INFO - Initializing MarketRegimeDetector with 2 states
2025-02-12 20:10:54,703 - INFO - Computing technical indicators
2025-02-12 20:10:54,735 - INFO - Technical indicators computed in 0.032 seconds
2025-02-12 20:10:54,735 - INFO - Fitting market regimes
2025-02-12 20:10:54,736 - INFO - Starting HMM model fitting
2025-02-12 20:10:54,909 - INFO - HMM fitting completed in 0.173 seconds
2025-02-12 20:10:54,910 - INFO - Model score: -3582.130
2025-02-12 20:10:54,911 - INFO - Regime 0: 622 samples (37.74%)
2025-02-12 20:10:54,911 - INFO - Regime 1: 1026 samples (62.26%)
2025-02-12 20:10:54,911 - INFO - Market regimes fitted in 0.175 seconds
2025-02-12 20:10:54,912 - INFO - Environment initialization completed in 0.215 seconds
2025-02-12 20:10:54,912 - INFO - Data shape: (1648, 22), Date range: 2014-10-14 to 2022-07-07
2025-02-12 20:10:54,913 - INFO - Initializing StockTradingEnv
2025-02-12 20:10:54,914 - INFO - Starting data preprocessing with 1648 rows
2025-02-12 20:10:54,916 - INFO - Numeric conversion completed for columns: ['Open', 'High', 'Low', 'Ltp', 'Qty', 'Turnover', '% Change']
2025-02-12 20:10:54,916 - INFO - Converting dates and sorting data
2025-02-12 20:10:54,920 - INFO - Initializing market regime detector
2025-02-12 20:10:54,920 - INFO - Initializing MarketRegimeDetector with 2 states
2025-02-12 20:10:54,920 - INFO - Computing technical indicators
2025-02-12 20:10:54,959 - INFO - Technical indicators computed in 0.039 seconds
2025-02-12 20:10:54,960 - INFO - Fitting market regimes
2025-02-12 20:10:54,960 - INFO - Starting HMM model fitting
2025-02-12 20:10:55,129 - INFO - HMM fitting completed in 0.169 seconds
2025-02-12 20:10:55,131 - INFO - Model score: -3582.130
2025-02-12 20:10:55,131 - INFO - Regime 0: 622 samples (37.74%)
2025-02-12 20:10:55,131 - INFO - Regime 1: 1026 samples (62.26%)
2025-02-12 20:10:55,132 - INFO - Market regimes fitted in 0.171 seconds
2025-02-12 20:10:55,132 - INFO - Environment initialization completed in 0.219 seconds
2025-02-12 20:10:55,133 - INFO - Data shape: (1648, 22), Date range: 2014-10-14 to 2022-07-07
2025-02-12 20:10:55,133 - INFO - Initializing StockTradingEnv
2025-02-12 20:10:55,134 - INFO - Starting data preprocessing with 1648 rows
2025-02-12 20:10:55,136 - INFO - Numeric conversion completed for columns: ['Open', 'High', 'Low', 'Ltp', 'Qty', 'Turnover', '% Change']
2025-02-12 20:10:55,136 - INFO - Converting dates and sorting data
2025-02-12 20:10:55,139 - INFO - Initializing market regime detector
2025-02-12 20:10:55,139 - INFO - Initializing MarketRegimeDetector with 2 states
2025-02-12 20:10:55,139 - INFO - Computing technical indicators
2025-02-12 20:10:55,168 - INFO - Technical indicators computed in 0.028 seconds
2025-02-12 20:10:55,168 - INFO - Fitting market regimes
2025-02-12 20:10:55,168 - INFO - Starting HMM model fitting
2025-02-12 20:10:55,334 - INFO - HMM fitting completed in 0.166 seconds
2025-02-12 20:10:55,335 - INFO - Model score: -3582.130
2025-02-12 20:10:55,336 - INFO - Regime 0: 622 samples (37.74%)
2025-02-12 20:10:55,336 - INFO - Regime 1: 1026 samples (62.26%)
2025-02-12 20:10:55,336 - INFO - Market regimes fitted in 0.168 seconds
2025-02-12 20:10:55,337 - INFO - Environment initialization completed in 0.203 seconds
2025-02-12 20:10:55,337 - INFO - Data shape: (1648, 22), Date range: 2014-10-14 to 2022-07-07
2025-02-12 20:10:55,338 - INFO - Initializing StockTradingEnv
2025-02-12 20:10:55,339 - INFO - Starting data preprocessing with 1648 rows
2025-02-12 20:10:55,341 - INFO - Numeric conversion completed for columns: ['Open', 'High', 'Low', 'Ltp', 'Qty', 'Turnover', '% Change']
2025-02-12 20:10:55,341 - INFO - Converting dates and sorting data
2025-02-12 20:10:55,344 - INFO - Initializing market regime detector
2025-02-12 20:10:55,344 - INFO - Initializing MarketRegimeDetector with 2 states
2025-02-12 20:10:55,344 - INFO - Computing technical indicators
2025-02-12 20:10:55,372 - INFO - Technical indicators computed in 0.028 seconds
2025-02-12 20:10:55,372 - INFO - Fitting market regimes
2025-02-12 20:10:55,373 - INFO - Starting HMM model fitting
2025-02-12 20:10:55,536 - INFO - HMM fitting completed in 0.164 seconds
2025-02-12 20:10:55,538 - INFO - Model score: -3582.130
2025-02-12 20:10:55,538 - INFO - Regime 0: 622 samples (37.74%)
2025-02-12 20:10:55,538 - INFO - Regime 1: 1026 samples (62.26%)
2025-02-12 20:10:55,539 - INFO - Market regimes fitted in 0.166 seconds
2025-02-12 20:10:55,539 - INFO - Environment initialization completed in 0.201 seconds
2025-02-12 20:10:55,540 - INFO - Data shape: (1648, 22), Date range: 2014-10-14 to 2022-07-07
2025-02-12 20:10:55,567 - INFO - Resetting environment
2025-02-12 20:10:55,571 - INFO - Resetting environment
2025-02-12 20:10:55,572 - INFO - Resetting environment
2025-02-12 20:10:55,573 - INFO - Resetting environment
2025-02-12 20:11:04,263 - INFO - Resetting environment
2025-02-12 20:11:04,264 - INFO - Resetting environment
2025-02-12 20:11:04,266 - INFO - Resetting environment
2025-02-12 20:11:04,269 - INFO - Resetting environment
2025-02-12 20:11:14,057 - INFO - Resetting environment
2025-02-12 20:11:14,059 - INFO - Resetting environment
2025-02-12 20:11:14,060 - INFO - Resetting environment
2025-02-12 20:11:14,061 - INFO - Resetting environment
2025-02-12 20:11:23,955 - INFO - Resetting environment
2025-02-12 20:11:23,956 - INFO - Resetting environment
2025-02-12 20:11:23,958 - INFO - Resetting environment
2025-02-12 20:11:23,959 - INFO - Resetting environment
2025-02-12 20:11:33,823 - INFO - Resetting environment
2025-02-12 20:11:33,824 - INFO - Resetting environment
2025-02-12 20:11:33,825 - INFO - Resetting environment
2025-02-12 20:11:33,827 - INFO - Resetting environment
2025-02-12 20:11:43,646 - INFO - Resetting environment
2025-02-12 20:11:43,648 - INFO - Resetting environment
2025-02-12 20:11:43,649 - INFO - Resetting environment
2025-02-12 20:11:43,651 - INFO - Resetting environment
2025-02-12 20:11:53,401 - INFO - Resetting environment
2025-02-12 20:11:53,402 - INFO - Resetting environment
2025-02-12 20:11:53,403 - INFO - Resetting environment
2025-02-12 20:11:53,405 - INFO - Resetting environment
2025-02-12 20:12:03,744 - INFO - Resetting environment
2025-02-12 20:12:03,745 - INFO - Resetting environment
2025-02-12 20:12:03,747 - INFO - Resetting environment
2025-02-12 20:12:03,748 - INFO - Resetting environment
2025-02-12 20:12:13,767 - INFO - Resetting environment
2025-02-12 20:12:13,769 - INFO - Resetting environment
2025-02-12 20:12:13,770 - INFO - Resetting environment
2025-02-12 20:12:13,771 - INFO - Resetting environment
2025-02-12 20:12:23,622 - INFO - Resetting environment
2025-02-12 20:12:23,623 - INFO - Resetting environment
2025-02-12 20:12:23,625 - INFO - Resetting environment
2025-02-12 20:12:23,626 - INFO - Resetting environment
2025-02-12 20:12:33,555 - INFO - Resetting environment
2025-02-12 20:12:33,557 - INFO - Resetting environment
2025-02-12 20:12:33,559 - INFO - Resetting environment
2025-02-12 20:12:33,560 - INFO - Resetting environment
2025-02-12 20:12:43,712 - INFO - Resetting environment
2025-02-12 20:12:43,714 - INFO - Resetting environment
2025-02-12 20:12:43,715 - INFO - Resetting environment
2025-02-12 20:12:43,716 - INFO - Resetting environment
2025-02-12 20:12:53,846 - INFO - Resetting environment
2025-02-12 20:12:53,847 - INFO - Resetting environment
2025-02-12 20:12:53,849 - INFO - Resetting environment
2025-02-12 20:12:53,850 - INFO - Resetting environment
2025-02-12 20:13:04,103 - INFO - Resetting environment
2025-02-12 20:13:04,104 - INFO - Resetting environment
2025-02-12 20:13:04,106 - INFO - Resetting environment
2025-02-12 20:13:04,107 - INFO - Resetting environment
2025-02-12 20:13:14,111 - INFO - Resetting environment
2025-02-12 20:13:14,113 - INFO - Resetting environment
2025-02-12 20:13:14,114 - INFO - Resetting environment
2025-02-12 20:13:14,115 - INFO - Resetting environment
2025-02-12 20:13:24,417 - INFO - Resetting environment
2025-02-12 20:13:24,418 - INFO - Resetting environment
2025-02-12 20:13:24,420 - INFO - Resetting environment
2025-02-12 20:13:24,421 - INFO - Resetting environment
2025-02-12 20:13:34,576 - INFO - Resetting environment
2025-02-12 20:13:34,578 - INFO - Resetting environment
2025-02-12 20:13:34,579 - INFO - Resetting environment
2025-02-12 20:13:34,581 - INFO - Resetting environment
2025-02-12 20:13:44,676 - INFO - Resetting environment
2025-02-12 20:13:44,677 - INFO - Resetting environment
2025-02-12 20:13:44,679 - INFO - Resetting environment
2025-02-12 20:13:44,680 - INFO - Resetting environment
2025-02-12 20:13:54,762 - INFO - Resetting environment
2025-02-12 20:13:54,764 - INFO - Resetting environment
2025-02-12 20:13:54,765 - INFO - Resetting environment
2025-02-12 20:13:54,766 - INFO - Resetting environment
2025-02-12 20:14:04,922 - INFO - Resetting environment
2025-02-12 20:14:04,923 - INFO - Resetting environment
2025-02-12 20:14:04,925 - INFO - Resetting environment
2025-02-12 20:14:04,926 - INFO - Resetting environment
2025-02-12 20:14:15,165 - INFO - Resetting environment
2025-02-12 20:14:15,167 - INFO - Resetting environment
2025-02-12 20:14:15,168 - INFO - Resetting environment
2025-02-12 20:14:15,170 - INFO - Resetting environment
2025-02-12 20:14:25,623 - INFO - Resetting environment
2025-02-12 20:14:25,625 - INFO - Resetting environment
2025-02-12 20:14:25,626 - INFO - Resetting environment
2025-02-12 20:14:25,627 - INFO - Resetting environment
2025-02-12 20:14:35,900 - INFO - Resetting environment
2025-02-12 20:14:35,901 - INFO - Resetting environment
2025-02-12 20:14:35,903 - INFO - Resetting environment
2025-02-12 20:14:35,904 - INFO - Resetting environment
2025-02-12 20:14:46,633 - INFO - Resetting environment
2025-02-12 20:14:46,635 - INFO - Resetting environment
2025-02-12 20:14:46,636 - INFO - Resetting environment
2025-02-12 20:14:46,638 - INFO - Resetting environment
2025-02-12 20:14:57,016 - INFO - Resetting environment
2025-02-12 20:14:57,018 - INFO - Resetting environment
2025-02-12 20:14:57,019 - INFO - Resetting environment
2025-02-12 20:14:57,020 - INFO - Resetting environment
2025-02-12 20:15:07,086 - INFO - Resetting environment
2025-02-12 20:15:07,088 - INFO - Resetting environment
2025-02-12 20:15:07,089 - INFO - Resetting environment
2025-02-12 20:15:07,091 - INFO - Resetting environment
2025-02-12 20:15:17,860 - INFO - Resetting environment
2025-02-12 20:15:17,861 - INFO - Resetting environment
2025-02-12 20:15:17,863 - INFO - Resetting environment
2025-02-12 20:15:17,864 - INFO - Resetting environment
2025-02-12 20:15:28,028 - INFO - Resetting environment
2025-02-12 20:15:28,030 - INFO - Resetting environment
2025-02-12 20:15:28,031 - INFO - Resetting environment
2025-02-12 20:15:28,033 - INFO - Resetting environment
2025-02-12 20:15:38,618 - INFO - Resetting environment
2025-02-12 20:15:38,619 - INFO - Resetting environment
2025-02-12 20:15:38,621 - INFO - Resetting environment
2025-02-12 20:15:38,622 - INFO - Resetting environment
2025-02-12 20:15:49,165 - INFO - Resetting environment
2025-02-12 20:15:49,166 - INFO - Resetting environment
2025-02-12 20:15:49,168 - INFO - Resetting environment
2025-02-12 20:15:49,169 - INFO - Resetting environment
2025-02-12 20:15:59,409 - INFO - Resetting environment
2025-02-12 20:15:59,411 - INFO - Resetting environment
2025-02-12 20:15:59,412 - INFO - Resetting environment
2025-02-12 20:15:59,414 - INFO - Resetting environment
2025-02-12 20:16:09,988 - INFO - Resetting environment
2025-02-12 20:16:09,989 - INFO - Resetting environment
2025-02-12 20:16:09,991 - INFO - Resetting environment
2025-02-12 20:16:09,992 - INFO - Resetting environment
2025-02-12 20:16:20,630 - INFO - Resetting environment
2025-02-12 20:16:20,632 - INFO - Resetting environment
2025-02-12 20:16:20,634 - INFO - Resetting environment
2025-02-12 20:16:20,635 - INFO - Resetting environment
2025-02-12 20:16:31,094 - INFO - Resetting environment
2025-02-12 20:16:31,096 - INFO - Resetting environment
2025-02-12 20:16:31,097 - INFO - Resetting environment
2025-02-12 20:16:31,098 - INFO - Resetting environment
2025-02-12 20:16:41,636 - INFO - Resetting environment
2025-02-12 20:16:41,638 - INFO - Resetting environment
2025-02-12 20:16:41,640 - INFO - Resetting environment
2025-02-12 20:16:41,641 - INFO - Resetting environment
2025-02-12 20:16:52,265 - INFO - Resetting environment
2025-02-12 20:16:52,267 - INFO - Resetting environment
2025-02-12 20:16:52,269 - INFO - Resetting environment
2025-02-12 20:16:52,270 - INFO - Resetting environment
2025-02-12 20:17:02,969 - INFO - Resetting environment
2025-02-12 20:17:02,970 - INFO - Resetting environment
2025-02-12 20:17:02,972 - INFO - Resetting environment
2025-02-12 20:17:02,973 - INFO - Resetting environment
2025-02-12 20:17:13,205 - INFO - Resetting environment
2025-02-12 20:17:13,206 - INFO - Resetting environment
2025-02-12 20:17:13,207 - INFO - Resetting environment
2025-02-12 20:17:13,209 - INFO - Resetting environment
2025-02-12 20:17:23,173 - INFO - Resetting environment
2025-02-12 20:17:23,175 - INFO - Resetting environment
2025-02-12 20:17:23,176 - INFO - Resetting environment
2025-02-12 20:17:23,177 - INFO - Resetting environment
2025-02-12 20:17:33,206 - INFO - Resetting environment
2025-02-12 20:17:33,208 - INFO - Resetting environment
2025-02-12 20:17:33,210 - INFO - Resetting environment
2025-02-12 20:17:33,211 - INFO - Resetting environment
2025-02-12 20:17:43,353 - INFO - Resetting environment
2025-02-12 20:17:43,355 - INFO - Resetting environment
2025-02-12 20:17:43,356 - INFO - Resetting environment
2025-02-12 20:17:43,357 - INFO - Resetting environment
2025-02-12 20:17:53,250 - INFO - Resetting environment
2025-02-12 20:17:53,251 - INFO - Resetting environment
2025-02-12 20:17:53,253 - INFO - Resetting environment
2025-02-12 20:17:53,254 - INFO - Resetting environment
2025-02-12 20:18:03,356 - INFO - Resetting environment
2025-02-12 20:18:03,358 - INFO - Resetting environment
2025-02-12 20:18:03,359 - INFO - Resetting environment
2025-02-12 20:18:03,361 - INFO - Resetting environment
2025-02-12 20:18:13,354 - INFO - Resetting environment
2025-02-12 20:18:13,356 - INFO - Resetting environment
2025-02-12 20:18:13,357 - INFO - Resetting environment
2025-02-12 20:18:13,359 - INFO - Resetting environment
2025-02-12 20:18:23,496 - INFO - Resetting environment
2025-02-12 20:18:23,498 - INFO - Resetting environment
2025-02-12 20:18:23,499 - INFO - Resetting environment
2025-02-12 20:18:23,501 - INFO - Resetting environment
2025-02-12 20:18:33,657 - INFO - Resetting environment
2025-02-12 20:18:33,658 - INFO - Resetting environment
2025-02-12 20:18:33,660 - INFO - Resetting environment
2025-02-12 20:18:33,662 - INFO - Resetting environment
2025-02-12 20:18:43,665 - INFO - Resetting environment
2025-02-12 20:18:43,666 - INFO - Resetting environment
2025-02-12 20:18:43,667 - INFO - Resetting environment
2025-02-12 20:18:43,669 - INFO - Resetting environment
2025-02-12 20:18:53,837 - INFO - Resetting environment
2025-02-12 20:18:53,839 - INFO - Resetting environment
2025-02-12 20:18:53,841 - INFO - Resetting environment
2025-02-12 20:18:53,842 - INFO - Resetting environment
2025-02-12 20:19:04,039 - INFO - Resetting environment
2025-02-12 20:19:04,041 - INFO - Resetting environment
2025-02-12 20:19:04,042 - INFO - Resetting environment
2025-02-12 20:19:04,044 - INFO - Resetting environment
2025-02-12 20:19:14,124 - INFO - Resetting environment
2025-02-12 20:19:14,126 - INFO - Resetting environment
2025-02-12 20:19:14,127 - INFO - Resetting environment
2025-02-12 20:19:14,128 - INFO - Resetting environment
2025-02-12 20:19:24,300 - INFO - Resetting environment
2025-02-12 20:19:24,301 - INFO - Resetting environment
2025-02-12 20:19:24,302 - INFO - Resetting environment
2025-02-12 20:19:24,304 - INFO - Resetting environment
2025-02-12 20:19:34,338 - INFO - Resetting environment
2025-02-12 20:19:34,339 - INFO - Resetting environment
2025-02-12 20:19:34,341 - INFO - Resetting environment
2025-02-12 20:19:34,342 - INFO - Resetting environment
2025-02-12 20:19:44,517 - INFO - Resetting environment
2025-02-12 20:19:44,519 - INFO - Resetting environment
2025-02-12 20:19:44,520 - INFO - Resetting environment
2025-02-12 20:19:44,522 - INFO - Resetting environment
2025-02-12 20:19:54,664 - INFO - Resetting environment
2025-02-12 20:19:54,665 - INFO - Resetting environment
2025-02-12 20:19:54,666 - INFO - Resetting environment
2025-02-12 20:19:54,668 - INFO - Resetting environment
2025-02-12 20:20:04,842 - INFO - Resetting environment
2025-02-12 20:20:04,843 - INFO - Resetting environment
2025-02-12 20:20:04,845 - INFO - Resetting environment
2025-02-12 20:20:04,846 - INFO - Resetting environment
2025-02-12 20:20:15,155 - INFO - Resetting environment
2025-02-12 20:20:15,156 - INFO - Resetting environment
2025-02-12 20:20:15,158 - INFO - Resetting environment
2025-02-12 20:20:15,159 - INFO - Resetting environment
2025-02-12 20:20:25,536 - INFO - Resetting environment
2025-02-12 20:20:25,538 - INFO - Resetting environment
2025-02-12 20:20:25,539 - INFO - Resetting environment
2025-02-12 20:20:25,540 - INFO - Resetting environment
2025-02-12 20:20:35,557 - INFO - Resetting environment
2025-02-12 20:20:35,559 - INFO - Resetting environment
2025-02-12 20:20:35,560 - INFO - Resetting environment
2025-02-12 20:20:35,562 - INFO - Resetting environment
2025-02-12 20:20:45,740 - INFO - Resetting environment
2025-02-12 20:20:45,741 - INFO - Resetting environment
2025-02-12 20:20:45,743 - INFO - Resetting environment
2025-02-12 20:20:45,744 - INFO - Resetting environment
2025-02-12 20:20:55,726 - INFO - Resetting environment
2025-02-12 20:20:55,727 - INFO - Resetting environment
2025-02-12 20:20:55,729 - INFO - Resetting environment
2025-02-12 20:20:55,730 - INFO - Resetting environment
2025-02-12 20:21:05,938 - INFO - Resetting environment
2025-02-12 20:21:05,940 - INFO - Resetting environment
2025-02-12 20:21:05,941 - INFO - Resetting environment
2025-02-12 20:21:05,943 - INFO - Resetting environment
2025-02-12 20:21:16,557 - INFO - Resetting environment
2025-02-12 20:21:16,559 - INFO - Resetting environment
2025-02-12 20:21:16,560 - INFO - Resetting environment
2025-02-12 20:21:16,563 - INFO - Resetting environment
2025-02-12 20:21:26,952 - INFO - Resetting environment
2025-02-12 20:21:26,953 - INFO - Resetting environment
2025-02-12 20:21:26,955 - INFO - Resetting environment
2025-02-12 20:21:26,956 - INFO - Resetting environment
2025-02-12 20:21:38,097 - INFO - Resetting environment
2025-02-12 20:21:38,098 - INFO - Resetting environment
2025-02-12 20:21:38,100 - INFO - Resetting environment
2025-02-12 20:21:38,101 - INFO - Resetting environment
2025-02-12 20:21:48,641 - INFO - Resetting environment
2025-02-12 20:21:48,643 - INFO - Resetting environment
2025-02-12 20:21:48,644 - INFO - Resetting environment
2025-02-12 20:21:48,646 - INFO - Resetting environment
2025-02-12 20:21:59,288 - INFO - Resetting environment
2025-02-12 20:21:59,290 - INFO - Resetting environment
2025-02-12 20:21:59,291 - INFO - Resetting environment
2025-02-12 20:21:59,293 - INFO - Resetting environment
2025-02-12 20:22:10,256 - INFO - Resetting environment
2025-02-12 20:22:10,258 - INFO - Resetting environment
2025-02-12 20:22:10,259 - INFO - Resetting environment
2025-02-12 20:22:10,261 - INFO - Resetting environment
2025-02-12 20:22:20,953 - INFO - Resetting environment
2025-02-12 20:22:20,955 - INFO - Resetting environment
2025-02-12 20:22:20,956 - INFO - Resetting environment
2025-02-12 20:22:20,958 - INFO - Resetting environment
2025-02-12 20:22:31,364 - INFO - Resetting environment
2025-02-12 20:22:31,365 - INFO - Resetting environment
2025-02-12 20:22:31,367 - INFO - Resetting environment
2025-02-12 20:22:31,368 - INFO - Resetting environment
2025-02-12 20:22:43,249 - INFO - Resetting environment
2025-02-12 20:22:43,250 - INFO - Resetting environment
2025-02-12 20:22:43,252 - INFO - Resetting environment
2025-02-12 20:22:43,253 - INFO - Resetting environment
2025-02-12 20:22:54,701 - INFO - Resetting environment
2025-02-12 20:22:54,703 - INFO - Resetting environment
2025-02-12 20:22:54,704 - INFO - Resetting environment
2025-02-12 20:22:54,705 - INFO - Resetting environment
2025-02-12 20:23:06,181 - INFO - Resetting environment
2025-02-12 20:23:06,182 - INFO - Resetting environment
2025-02-12 20:23:06,183 - INFO - Resetting environment
2025-02-12 20:23:06,185 - INFO - Resetting environment
2025-02-12 20:23:16,568 - INFO - Resetting environment
2025-02-12 20:23:16,569 - INFO - Resetting environment
2025-02-12 20:23:16,571 - INFO - Resetting environment
2025-02-12 20:23:16,572 - INFO - Resetting environment
2025-02-12 20:23:26,779 - INFO - Resetting environment
2025-02-12 20:23:26,781 - INFO - Resetting environment
2025-02-12 20:23:26,782 - INFO - Resetting environment
2025-02-12 20:23:26,783 - INFO - Resetting environment
2025-02-12 20:23:37,398 - INFO - Resetting environment
2025-02-12 20:23:37,399 - INFO - Resetting environment
2025-02-12 20:23:37,401 - INFO - Resetting environment
2025-02-12 20:23:37,402 - INFO - Resetting environment
2025-02-12 20:23:47,401 - INFO - Resetting environment
2025-02-12 20:23:47,402 - INFO - Resetting environment
2025-02-12 20:23:47,404 - INFO - Resetting environment
2025-02-12 20:23:47,405 - INFO - Resetting environment
2025-02-12 20:23:57,516 - INFO - Resetting environment
2025-02-12 20:23:57,517 - INFO - Resetting environment
2025-02-12 20:23:57,519 - INFO - Resetting environment
2025-02-12 20:23:57,520 - INFO - Resetting environment
2025-02-12 20:24:07,660 - INFO - Resetting environment
2025-02-12 20:24:07,662 - INFO - Resetting environment
2025-02-12 20:24:07,663 - INFO - Resetting environment
2025-02-12 20:24:07,665 - INFO - Resetting environment
2025-02-12 20:24:17,698 - INFO - Resetting environment
2025-02-12 20:24:17,700 - INFO - Resetting environment
2025-02-12 20:24:17,701 - INFO - Resetting environment
2025-02-12 20:24:17,703 - INFO - Resetting environment
2025-02-12 20:24:27,816 - INFO - Resetting environment
2025-02-12 20:24:27,818 - INFO - Resetting environment
2025-02-12 20:24:27,819 - INFO - Resetting environment
2025-02-12 20:24:27,820 - INFO - Resetting environment
2025-02-12 20:24:38,010 - INFO - Resetting environment
2025-02-12 20:24:38,012 - INFO - Resetting environment
2025-02-12 20:24:38,014 - INFO - Resetting environment
2025-02-12 20:24:38,015 - INFO - Resetting environment
2025-02-12 20:24:47,917 - INFO - Resetting environment
2025-02-12 20:24:47,918 - INFO - Resetting environment
2025-02-12 20:24:47,919 - INFO - Resetting environment
2025-02-12 20:24:47,920 - INFO - Resetting environment
2025-02-12 20:24:58,060 - INFO - Resetting environment
2025-02-12 20:24:58,061 - INFO - Resetting environment
2025-02-12 20:24:58,062 - INFO - Resetting environment
2025-02-12 20:24:58,064 - INFO - Resetting environment
2025-02-12 20:25:08,170 - INFO - Resetting environment
2025-02-12 20:25:08,172 - INFO - Resetting environment
2025-02-12 20:25:08,173 - INFO - Resetting environment
2025-02-12 20:25:08,174 - INFO - Resetting environment
2025-02-12 20:25:18,286 - INFO - Resetting environment
2025-02-12 20:25:18,287 - INFO - Resetting environment
2025-02-12 20:25:18,289 - INFO - Resetting environment
2025-02-12 20:25:18,290 - INFO - Resetting environment
2025-02-12 20:25:28,258 - INFO - Resetting environment
2025-02-12 20:25:28,259 - INFO - Resetting environment
2025-02-12 20:25:28,261 - INFO - Resetting environment
2025-02-12 20:25:28,262 - INFO - Resetting environment
2025-02-12 20:25:38,285 - INFO - Resetting environment
2025-02-12 20:25:38,286 - INFO - Resetting environment
2025-02-12 20:25:38,287 - INFO - Resetting environment
2025-02-12 20:25:38,289 - INFO - Resetting environment
2025-02-12 20:25:48,602 - INFO - Resetting environment
2025-02-12 20:25:48,603 - INFO - Resetting environment
2025-02-12 20:25:48,605 - INFO - Resetting environment
2025-02-12 20:25:48,606 - INFO - Resetting environment
2025-02-12 20:25:59,407 - INFO - Resetting environment
2025-02-12 20:25:59,410 - INFO - Resetting environment
2025-02-12 20:25:59,416 - INFO - Resetting environment
2025-02-12 20:25:59,421 - INFO - Resetting environment
2025-02-12 20:26:09,807 - INFO - Resetting environment
2025-02-12 20:26:09,809 - INFO - Resetting environment
2025-02-12 20:26:09,810 - INFO - Resetting environment
2025-02-12 20:26:09,812 - INFO - Resetting environment
2025-02-12 20:26:20,328 - INFO - Resetting environment
2025-02-12 20:26:20,330 - INFO - Resetting environment
2025-02-12 20:26:20,331 - INFO - Resetting environment
2025-02-12 20:26:20,333 - INFO - Resetting environment
2025-02-12 20:26:31,012 - INFO - Resetting environment
2025-02-12 20:26:31,014 - INFO - Resetting environment
2025-02-12 20:26:31,015 - INFO - Resetting environment
2025-02-12 20:26:31,017 - INFO - Resetting environment
2025-02-12 20:26:42,066 - INFO - Resetting environment
2025-02-12 20:26:42,068 - INFO - Resetting environment
2025-02-12 20:26:42,070 - INFO - Resetting environment
2025-02-12 20:26:42,073 - INFO - Resetting environment
2025-02-12 20:26:53,082 - INFO - Resetting environment
2025-02-12 20:26:53,083 - INFO - Resetting environment
2025-02-12 20:26:53,085 - INFO - Resetting environment
2025-02-12 20:26:53,086 - INFO - Resetting environment
2025-02-12 20:27:03,411 - INFO - Resetting environment
2025-02-12 20:27:03,413 - INFO - Resetting environment
2025-02-12 20:27:03,415 - INFO - Resetting environment
2025-02-12 20:27:03,416 - INFO - Resetting environment
2025-02-12 20:27:14,233 - INFO - Resetting environment
2025-02-12 20:27:14,234 - INFO - Resetting environment
2025-02-12 20:27:14,236 - INFO - Resetting environment
2025-02-12 20:27:14,237 - INFO - Resetting environment
2025-02-12 20:27:24,390 - INFO - Resetting environment
2025-02-12 20:27:24,391 - INFO - Resetting environment
2025-02-12 20:27:24,393 - INFO - Resetting environment
2025-02-12 20:27:24,394 - INFO - Resetting environment
2025-02-12 20:27:35,237 - INFO - Resetting environment
2025-02-12 20:27:35,239 - INFO - Resetting environment
2025-02-12 20:27:35,240 - INFO - Resetting environment
2025-02-12 20:27:35,242 - INFO - Resetting environment
2025-02-12 20:27:45,878 - INFO - Resetting environment
2025-02-12 20:27:45,881 - INFO - Resetting environment
2025-02-12 20:27:45,882 - INFO - Resetting environment
2025-02-12 20:27:45,884 - INFO - Resetting environment
2025-02-12 20:27:57,563 - INFO - Resetting environment
2025-02-12 20:27:57,565 - INFO - Resetting environment
2025-02-12 20:27:57,566 - INFO - Resetting environment
2025-02-12 20:27:57,567 - INFO - Resetting environment
2025-02-12 20:28:09,543 - INFO - Resetting environment
2025-02-12 20:28:09,544 - INFO - Resetting environment
2025-02-12 20:28:09,546 - INFO - Resetting environment
2025-02-12 20:28:09,548 - INFO - Resetting environment
2025-02-12 20:28:21,091 - INFO - Resetting environment
2025-02-12 20:28:21,092 - INFO - Resetting environment
2025-02-12 20:28:21,094 - INFO - Resetting environment
2025-02-12 20:28:21,095 - INFO - Resetting environment
2025-02-12 20:28:33,101 - INFO - Resetting environment
2025-02-12 20:28:33,103 - INFO - Resetting environment
2025-02-12 20:28:33,105 - INFO - Resetting environment
2025-02-12 20:28:33,107 - INFO - Resetting environment
2025-02-12 20:28:44,805 - INFO - Resetting environment
2025-02-12 20:28:44,807 - INFO - Resetting environment
2025-02-12 20:28:44,808 - INFO - Resetting environment
2025-02-12 20:28:44,809 - INFO - Resetting environment
2025-02-12 20:28:56,430 - INFO - Resetting environment
2025-02-12 20:28:56,432 - INFO - Resetting environment
2025-02-12 20:28:56,433 - INFO - Resetting environment
2025-02-12 20:28:56,435 - INFO - Resetting environment
2025-02-12 20:29:08,087 - INFO - Resetting environment
2025-02-12 20:29:08,089 - INFO - Resetting environment
2025-02-12 20:29:08,091 - INFO - Resetting environment
2025-02-12 20:29:08,094 - INFO - Resetting environment
2025-02-12 20:29:19,327 - INFO - Resetting environment
2025-02-12 20:29:19,328 - INFO - Resetting environment
2025-02-12 20:29:19,330 - INFO - Resetting environment
2025-02-12 20:29:19,331 - INFO - Resetting environment
2025-02-12 20:29:31,092 - INFO - Resetting environment
2025-02-12 20:29:31,094 - INFO - Resetting environment
2025-02-12 20:29:31,095 - INFO - Resetting environment
2025-02-12 20:29:31,096 - INFO - Resetting environment
2025-02-12 20:29:42,773 - INFO - Resetting environment
2025-02-12 20:29:42,776 - INFO - Resetting environment
2025-02-12 20:29:42,777 - INFO - Resetting environment
2025-02-12 20:29:42,778 - INFO - Resetting environment
2025-02-12 20:29:54,415 - INFO - Resetting environment
2025-02-12 20:29:54,417 - INFO - Resetting environment
2025-02-12 20:29:54,419 - INFO - Resetting environment
2025-02-12 20:29:54,420 - INFO - Resetting environment
2025-02-12 20:30:06,531 - INFO - Resetting environment
2025-02-12 20:30:06,533 - INFO - Resetting environment
2025-02-12 20:30:06,535 - INFO - Resetting environment
2025-02-12 20:30:06,537 - INFO - Resetting environment
2025-02-12 20:30:18,651 - INFO - Resetting environment
2025-02-12 20:30:18,653 - INFO - Resetting environment
2025-02-12 20:30:18,655 - INFO - Resetting environment
2025-02-12 20:30:18,656 - INFO - Resetting environment
2025-02-12 20:30:30,314 - INFO - Resetting environment
2025-02-12 20:30:30,316 - INFO - Resetting environment
2025-02-12 20:30:30,317 - INFO - Resetting environment
2025-02-12 20:30:30,320 - INFO - Resetting environment
2025-02-12 20:30:40,371 - INFO - Resetting environment
2025-02-12 20:30:40,373 - INFO - Resetting environment
2025-02-12 20:30:40,374 - INFO - Resetting environment
2025-02-12 20:30:40,376 - INFO - Resetting environment
2025-02-12 20:30:50,433 - INFO - Resetting environment
2025-02-12 20:30:50,435 - INFO - Resetting environment
2025-02-12 20:30:50,436 - INFO - Resetting environment
2025-02-12 20:30:50,437 - INFO - Resetting environment
2025-02-12 20:31:00,452 - INFO - Resetting environment
2025-02-12 20:31:00,454 - INFO - Resetting environment
2025-02-12 20:31:00,455 - INFO - Resetting environment
2025-02-12 20:31:00,457 - INFO - Resetting environment
2025-02-12 20:31:10,635 - INFO - Resetting environment
2025-02-12 20:31:10,636 - INFO - Resetting environment
2025-02-12 20:31:10,638 - INFO - Resetting environment
2025-02-12 20:31:10,639 - INFO - Resetting environment
2025-02-12 20:31:20,742 - INFO - Resetting environment
2025-02-12 20:31:20,744 - INFO - Resetting environment
2025-02-12 20:31:20,745 - INFO - Resetting environment
2025-02-12 20:31:20,746 - INFO - Resetting environment
2025-02-12 20:31:30,874 - INFO - Resetting environment
2025-02-12 20:31:30,876 - INFO - Resetting environment
2025-02-12 20:31:30,877 - INFO - Resetting environment
2025-02-12 20:31:30,879 - INFO - Resetting environment
2025-02-12 20:31:40,942 - INFO - Resetting environment
2025-02-12 20:31:40,944 - INFO - Resetting environment
2025-02-12 20:31:40,945 - INFO - Resetting environment
2025-02-12 20:31:40,947 - INFO - Resetting environment
2025-02-12 20:31:51,008 - INFO - Resetting environment
2025-02-12 20:31:51,010 - INFO - Resetting environment
2025-02-12 20:31:51,011 - INFO - Resetting environment
2025-02-12 20:31:51,012 - INFO - Resetting environment
2025-02-12 20:32:01,101 - INFO - Resetting environment
2025-02-12 20:32:01,102 - INFO - Resetting environment
2025-02-12 20:32:01,104 - INFO - Resetting environment
2025-02-12 20:32:01,106 - INFO - Resetting environment
2025-02-12 20:32:11,221 - INFO - Resetting environment
2025-02-12 20:32:11,223 - INFO - Resetting environment
2025-02-12 20:32:11,224 - INFO - Resetting environment
2025-02-12 20:32:11,225 - INFO - Resetting environment
2025-02-12 20:32:21,290 - INFO - Resetting environment
2025-02-12 20:32:21,292 - INFO - Resetting environment
2025-02-12 20:32:21,293 - INFO - Resetting environment
2025-02-12 20:32:21,295 - INFO - Resetting environment
2025-02-12 20:32:31,518 - INFO - Resetting environment
2025-02-12 20:32:31,519 - INFO - Resetting environment
2025-02-12 20:32:31,521 - INFO - Resetting environment
2025-02-12 20:32:31,522 - INFO - Resetting environment
2025-02-12 20:32:41,811 - INFO - Resetting environment
2025-02-12 20:32:41,812 - INFO - Resetting environment
2025-02-12 20:32:41,814 - INFO - Resetting environment
2025-02-12 20:32:41,815 - INFO - Resetting environment
2025-02-12 20:32:52,204 - INFO - Resetting environment
2025-02-12 20:32:52,206 - INFO - Resetting environment
2025-02-12 20:32:52,207 - INFO - Resetting environment
2025-02-12 20:32:52,209 - INFO - Resetting environment
2025-02-12 20:33:02,768 - INFO - Resetting environment
2025-02-12 20:33:02,770 - INFO - Resetting environment
2025-02-12 20:33:02,771 - INFO - Resetting environment
2025-02-12 20:33:02,773 - INFO - Resetting environment
2025-02-12 20:33:13,115 - INFO - Resetting environment
2025-02-12 20:33:13,116 - INFO - Resetting environment
2025-02-12 20:33:13,118 - INFO - Resetting environment
2025-02-12 20:33:13,119 - INFO - Resetting environment
2025-02-12 20:33:23,189 - INFO - Resetting environment
2025-02-12 20:33:23,190 - INFO - Resetting environment
2025-02-12 20:33:23,192 - INFO - Resetting environment
2025-02-12 20:33:23,193 - INFO - Resetting environment
2025-02-12 20:33:33,963 - INFO - Resetting environment
2025-02-12 20:33:33,965 - INFO - Resetting environment
2025-02-12 20:33:33,966 - INFO - Resetting environment
2025-02-12 20:33:33,968 - INFO - Resetting environment
2025-02-12 20:33:44,286 - INFO - Resetting environment
2025-02-12 20:33:44,288 - INFO - Resetting environment
2025-02-12 20:33:44,289 - INFO - Resetting environment
2025-02-12 20:33:44,290 - INFO - Resetting environment
2025-02-12 20:33:54,327 - INFO - Resetting environment
2025-02-12 20:33:54,329 - INFO - Resetting environment
2025-02-12 20:33:54,330 - INFO - Resetting environment
2025-02-12 20:33:54,331 - INFO - Resetting environment
2025-02-12 20:34:04,450 - INFO - Resetting environment
2025-02-12 20:34:04,452 - INFO - Resetting environment
2025-02-12 20:34:04,453 - INFO - Resetting environment
2025-02-12 20:34:04,455 - INFO - Resetting environment
2025-02-12 20:34:14,461 - INFO - Resetting environment
2025-02-12 20:34:14,462 - INFO - Resetting environment
2025-02-12 20:34:14,464 - INFO - Resetting environment
2025-02-12 20:34:14,465 - INFO - Resetting environment
2025-02-12 20:34:24,549 - INFO - Resetting environment
2025-02-12 20:34:24,551 - INFO - Resetting environment
2025-02-12 20:34:24,552 - INFO - Resetting environment
2025-02-12 20:34:24,554 - INFO - Resetting environment
2025-02-12 20:34:34,778 - INFO - Resetting environment
2025-02-12 20:34:34,779 - INFO - Resetting environment
2025-02-12 20:34:34,780 - INFO - Resetting environment
2025-02-12 20:34:34,781 - INFO - Resetting environment
2025-02-12 20:34:45,506 - INFO - Resetting environment
2025-02-12 20:34:45,508 - INFO - Resetting environment
2025-02-12 20:34:45,509 - INFO - Resetting environment
2025-02-12 20:34:45,510 - INFO - Resetting environment
2025-02-12 20:34:56,214 - INFO - Resetting environment
2025-02-12 20:34:56,216 - INFO - Resetting environment
2025-02-12 20:34:56,217 - INFO - Resetting environment
2025-02-12 20:34:56,219 - INFO - Resetting environment
2025-02-12 20:35:07,718 - INFO - Resetting environment
2025-02-12 20:35:07,719 - INFO - Resetting environment
2025-02-12 20:35:07,722 - INFO - Resetting environment
2025-02-12 20:35:07,724 - INFO - Resetting environment
2025-02-12 20:35:19,664 - INFO - Resetting environment
2025-02-12 20:35:19,666 - INFO - Resetting environment
2025-02-12 20:35:19,667 - INFO - Resetting environment
2025-02-12 20:35:19,669 - INFO - Resetting environment
2025-02-12 20:35:31,391 - INFO - Resetting environment
2025-02-12 20:35:31,393 - INFO - Resetting environment
2025-02-12 20:35:31,396 - INFO - Resetting environment
2025-02-12 20:35:31,399 - INFO - Resetting environment
2025-02-12 20:35:42,936 - INFO - Resetting environment
2025-02-12 20:35:42,938 - INFO - Resetting environment
2025-02-12 20:35:42,939 - INFO - Resetting environment
2025-02-12 20:35:42,940 - INFO - Resetting environment
2025-02-12 20:35:54,662 - INFO - Resetting environment
2025-02-12 20:35:54,663 - INFO - Resetting environment
2025-02-12 20:35:54,665 - INFO - Resetting environment
2025-02-12 20:35:54,667 - INFO - Resetting environment
2025-02-12 20:36:06,414 - INFO - Resetting environment
2025-02-12 20:36:06,415 - INFO - Resetting environment
2025-02-12 20:36:06,417 - INFO - Resetting environment
2025-02-12 20:36:06,418 - INFO - Resetting environment
2025-02-12 20:36:17,926 - INFO - Resetting environment
2025-02-12 20:36:17,928 - INFO - Resetting environment
2025-02-12 20:36:17,930 - INFO - Resetting environment
2025-02-12 20:36:17,931 - INFO - Resetting environment
2025-02-12 20:36:29,560 - INFO - Resetting environment
2025-02-12 20:36:29,563 - INFO - Resetting environment
2025-02-12 20:36:29,564 - INFO - Resetting environment
2025-02-12 20:36:29,565 - INFO - Resetting environment
2025-02-12 20:36:41,633 - INFO - Resetting environment
2025-02-12 20:36:41,636 - INFO - Resetting environment
2025-02-12 20:36:41,638 - INFO - Resetting environment
2025-02-12 20:36:41,641 - INFO - Resetting environment
2025-02-12 20:36:54,205 - INFO - Resetting environment
2025-02-12 20:36:54,206 - INFO - Resetting environment
2025-02-12 20:36:54,208 - INFO - Resetting environment
2025-02-12 20:36:54,209 - INFO - Resetting environment
2025-02-12 20:37:05,602 - INFO - Resetting environment
2025-02-12 20:37:05,605 - INFO - Resetting environment
2025-02-12 20:37:05,607 - INFO - Resetting environment
2025-02-12 20:37:05,608 - INFO - Resetting environment
2025-02-12 20:37:16,574 - INFO - Resetting environment
2025-02-12 20:37:16,576 - INFO - Resetting environment
2025-02-12 20:37:16,577 - INFO - Resetting environment
2025-02-12 20:37:16,578 - INFO - Resetting environment
2025-02-12 20:37:28,169 - INFO - Resetting environment
2025-02-12 20:37:28,170 - INFO - Resetting environment
2025-02-12 20:37:28,171 - INFO - Resetting environment
2025-02-12 20:37:28,173 - INFO - Resetting environment
2025-02-12 20:37:39,380 - INFO - Resetting environment
2025-02-12 20:37:39,382 - INFO - Resetting environment
2025-02-12 20:37:39,383 - INFO - Resetting environment
2025-02-12 20:37:39,385 - INFO - Resetting environment
2025-02-12 20:37:50,533 - INFO - Resetting environment
2025-02-12 20:37:50,535 - INFO - Resetting environment
2025-02-12 20:37:50,536 - INFO - Resetting environment
2025-02-12 20:37:50,537 - INFO - Resetting environment
2025-02-12 20:38:02,910 - INFO - Resetting environment
2025-02-12 20:38:02,912 - INFO - Resetting environment
2025-02-12 20:38:02,913 - INFO - Resetting environment
2025-02-12 20:38:02,914 - INFO - Resetting environment
2025-02-12 20:38:15,010 - INFO - Resetting environment
2025-02-12 20:38:15,012 - INFO - Resetting environment
2025-02-12 20:38:15,013 - INFO - Resetting environment
2025-02-12 20:38:15,015 - INFO - Resetting environment
2025-02-12 20:38:26,932 - INFO - Resetting environment
2025-02-12 20:38:26,933 - INFO - Resetting environment
2025-02-12 20:38:26,935 - INFO - Resetting environment
2025-02-12 20:38:26,936 - INFO - Resetting environment
2025-02-12 20:38:38,717 - INFO - Resetting environment
2025-02-12 20:38:38,718 - INFO - Resetting environment
2025-02-12 20:38:38,720 - INFO - Resetting environment
2025-02-12 20:38:38,722 - INFO - Resetting environment
2025-02-12 20:38:50,248 - INFO - Resetting environment
2025-02-12 20:38:50,250 - INFO - Resetting environment
2025-02-12 20:38:50,253 - INFO - Resetting environment
2025-02-12 20:38:50,255 - INFO - Resetting environment
2025-02-12 20:39:02,434 - INFO - Resetting environment
2025-02-12 20:39:02,437 - INFO - Resetting environment
2025-02-12 20:39:02,438 - INFO - Resetting environment
2025-02-12 20:39:02,439 - INFO - Resetting environment
2025-02-12 20:39:14,290 - INFO - Resetting environment
2025-02-12 20:39:14,292 - INFO - Resetting environment
2025-02-12 20:39:14,293 - INFO - Resetting environment
2025-02-12 20:39:14,295 - INFO - Resetting environment
2025-02-12 20:39:26,056 - INFO - Resetting environment
2025-02-12 20:39:26,058 - INFO - Resetting environment
2025-02-12 20:39:26,059 - INFO - Resetting environment
2025-02-12 20:39:26,061 - INFO - Resetting environment
2025-02-12 20:39:38,015 - INFO - Resetting environment
2025-02-12 20:39:38,017 - INFO - Resetting environment
2025-02-12 20:39:38,019 - INFO - Resetting environment
2025-02-12 20:39:38,022 - INFO - Resetting environment
2025-02-12 20:39:49,117 - INFO - Resetting environment
2025-02-12 20:39:49,119 - INFO - Resetting environment
2025-02-12 20:39:49,120 - INFO - Resetting environment
2025-02-12 20:39:49,122 - INFO - Resetting environment
2025-02-12 20:40:00,268 - INFO - Resetting environment
2025-02-12 20:40:00,269 - INFO - Resetting environment
2025-02-12 20:40:00,272 - INFO - Resetting environment
2025-02-12 20:40:00,274 - INFO - Resetting environment
2025-02-12 20:40:11,092 - INFO - Resetting environment
2025-02-12 20:40:11,094 - INFO - Resetting environment
2025-02-12 20:40:11,096 - INFO - Resetting environment
2025-02-12 20:40:11,097 - INFO - Resetting environment
2025-02-12 20:40:22,548 - INFO - Resetting environment
2025-02-12 20:40:22,550 - INFO - Resetting environment
2025-02-12 20:40:22,551 - INFO - Resetting environment
2025-02-12 20:40:22,552 - INFO - Resetting environment
2025-02-12 20:40:34,578 - INFO - Resetting environment
2025-02-12 20:40:34,580 - INFO - Resetting environment
2025-02-12 20:40:34,582 - INFO - Resetting environment
2025-02-12 20:40:34,584 - INFO - Resetting environment
2025-02-12 20:40:47,024 - INFO - Resetting environment
2025-02-12 20:40:47,026 - INFO - Resetting environment
2025-02-12 20:40:47,028 - INFO - Resetting environment
2025-02-12 20:40:47,030 - INFO - Resetting environment
2025-02-12 20:40:58,651 - INFO - Resetting environment
2025-02-12 20:40:58,653 - INFO - Resetting environment
2025-02-12 20:40:58,655 - INFO - Resetting environment
2025-02-12 20:40:58,657 - INFO - Resetting environment
2025-02-12 20:41:10,658 - INFO - Resetting environment
2025-02-12 20:41:10,660 - INFO - Resetting environment
2025-02-12 20:41:10,662 - INFO - Resetting environment
2025-02-12 20:41:10,664 - INFO - Resetting environment
2025-02-12 20:41:21,902 - INFO - Resetting environment
2025-02-12 20:41:21,905 - INFO - Resetting environment
2025-02-12 20:41:21,907 - INFO - Resetting environment
2025-02-12 20:41:21,909 - INFO - Resetting environment
2025-02-12 20:41:33,101 - INFO - Resetting environment
2025-02-12 20:41:33,102 - INFO - Resetting environment
2025-02-12 20:41:33,103 - INFO - Resetting environment
2025-02-12 20:41:33,105 - INFO - Resetting environment
2025-02-12 20:41:44,238 - INFO - Resetting environment
2025-02-12 20:41:44,240 - INFO - Resetting environment
2025-02-12 20:41:44,241 - INFO - Resetting environment
2025-02-12 20:41:44,243 - INFO - Resetting environment
2025-02-12 20:41:55,575 - INFO - Resetting environment
2025-02-12 20:41:55,577 - INFO - Resetting environment
2025-02-12 20:41:55,579 - INFO - Resetting environment
2025-02-12 20:41:55,581 - INFO - Resetting environment
2025-02-12 20:42:07,135 - INFO - Resetting environment
2025-02-12 20:42:07,137 - INFO - Resetting environment
2025-02-12 20:42:07,139 - INFO - Resetting environment
2025-02-12 20:42:07,140 - INFO - Resetting environment
2025-02-12 20:42:19,186 - INFO - Resetting environment
2025-02-12 20:42:19,187 - INFO - Resetting environment
2025-02-12 20:42:19,189 - INFO - Resetting environment
2025-02-12 20:42:19,194 - INFO - Resetting environment
2025-02-12 20:42:31,236 - INFO - Resetting environment
2025-02-12 20:42:31,238 - INFO - Resetting environment
2025-02-12 20:42:31,240 - INFO - Resetting environment
2025-02-12 20:42:31,242 - INFO - Resetting environment
2025-02-12 20:42:42,937 - INFO - Resetting environment
2025-02-12 20:42:42,939 - INFO - Resetting environment
2025-02-12 20:42:42,940 - INFO - Resetting environment
2025-02-12 20:42:42,942 - INFO - Resetting environment
2025-02-12 20:42:55,093 - INFO - Resetting environment
2025-02-12 20:42:55,095 - INFO - Resetting environment
2025-02-12 20:42:55,097 - INFO - Resetting environment
2025-02-12 20:42:55,098 - INFO - Resetting environment
2025-02-12 20:43:07,512 - INFO - Resetting environment
2025-02-12 20:43:07,514 - INFO - Resetting environment
2025-02-12 20:43:07,516 - INFO - Resetting environment
2025-02-12 20:43:07,517 - INFO - Resetting environment
2025-02-12 20:43:19,831 - INFO - Resetting environment
2025-02-12 20:43:19,833 - INFO - Resetting environment
2025-02-12 20:43:19,834 - INFO - Resetting environment
2025-02-12 20:43:19,835 - INFO - Resetting environment
2025-02-12 20:43:31,596 - INFO - Resetting environment
2025-02-12 20:43:31,598 - INFO - Resetting environment
2025-02-12 20:43:31,600 - INFO - Resetting environment
2025-02-12 20:43:31,601 - INFO - Resetting environment
2025-02-12 20:43:42,954 - INFO - Resetting environment
2025-02-12 20:43:42,956 - INFO - Resetting environment
2025-02-12 20:43:42,957 - INFO - Resetting environment
2025-02-12 20:43:42,960 - INFO - Resetting environment
2025-02-12 20:43:54,795 - INFO - Resetting environment
2025-02-12 20:43:54,797 - INFO - Resetting environment
2025-02-12 20:43:54,798 - INFO - Resetting environment
2025-02-12 20:43:54,799 - INFO - Resetting environment
2025-02-12 20:44:06,646 - INFO - Resetting environment
2025-02-12 20:44:06,647 - INFO - Resetting environment
2025-02-12 20:44:06,648 - INFO - Resetting environment
2025-02-12 20:44:06,650 - INFO - Resetting environment
2025-02-12 20:44:18,705 - INFO - Resetting environment
2025-02-12 20:44:18,707 - INFO - Resetting environment
2025-02-12 20:44:18,708 - INFO - Resetting environment
2025-02-12 20:44:18,709 - INFO - Resetting environment
2025-02-12 20:44:29,814 - INFO - Resetting environment
2025-02-12 20:44:29,816 - INFO - Resetting environment
2025-02-12 20:44:29,818 - INFO - Resetting environment
2025-02-12 20:44:29,819 - INFO - Resetting environment
2025-02-12 20:44:40,900 - INFO - Resetting environment
2025-02-12 20:44:40,903 - INFO - Resetting environment
2025-02-12 20:44:40,904 - INFO - Resetting environment
2025-02-12 20:44:40,906 - INFO - Resetting environment
2025-02-12 20:44:52,729 - INFO - Resetting environment
2025-02-12 20:44:52,731 - INFO - Resetting environment
2025-02-12 20:44:52,732 - INFO - Resetting environment
2025-02-12 20:44:52,734 - INFO - Resetting environment
2025-02-12 20:45:04,342 - INFO - Resetting environment
2025-02-12 20:45:04,344 - INFO - Resetting environment
2025-02-12 20:45:04,345 - INFO - Resetting environment
2025-02-12 20:45:04,346 - INFO - Resetting environment
2025-02-12 20:45:16,351 - INFO - Resetting environment
2025-02-12 20:45:16,353 - INFO - Resetting environment
2025-02-12 20:45:16,354 - INFO - Resetting environment
2025-02-12 20:45:16,355 - INFO - Resetting environment
2025-02-12 20:45:28,614 - INFO - Resetting environment
2025-02-12 20:45:28,616 - INFO - Resetting environment
2025-02-12 20:45:28,617 - INFO - Resetting environment
2025-02-12 20:45:28,619 - INFO - Resetting environment
2025-02-12 20:45:40,466 - INFO - Resetting environment
2025-02-12 20:45:40,468 - INFO - Resetting environment
2025-02-12 20:45:40,469 - INFO - Resetting environment
2025-02-12 20:45:40,471 - INFO - Resetting environment
2025-02-12 20:45:52,706 - INFO - Resetting environment
2025-02-12 20:45:52,707 - INFO - Resetting environment
2025-02-12 20:45:52,708 - INFO - Resetting environment
2025-02-12 20:45:52,710 - INFO - Resetting environment
2025-02-12 20:46:04,689 - INFO - Resetting environment
2025-02-12 20:46:04,691 - INFO - Resetting environment
2025-02-12 20:46:04,692 - INFO - Resetting environment
2025-02-12 20:46:04,693 - INFO - Resetting environment
2025-02-12 20:46:16,653 - INFO - Resetting environment
2025-02-12 20:46:16,655 - INFO - Resetting environment
2025-02-12 20:46:16,656 - INFO - Resetting environment
2025-02-12 20:46:16,657 - INFO - Resetting environment
2025-02-12 20:46:28,169 - INFO - Resetting environment
2025-02-12 20:46:28,171 - INFO - Resetting environment
2025-02-12 20:46:28,172 - INFO - Resetting environment
2025-02-12 20:46:28,173 - INFO - Resetting environment
2025-02-12 20:46:39,360 - INFO - Resetting environment
2025-02-12 20:46:39,361 - INFO - Resetting environment
2025-02-12 20:46:39,363 - INFO - Resetting environment
2025-02-12 20:46:39,364 - INFO - Resetting environment
2025-02-12 20:46:50,137 - INFO - Resetting environment
2025-02-12 20:46:50,138 - INFO - Resetting environment
2025-02-12 20:46:50,140 - INFO - Resetting environment
2025-02-12 20:46:50,141 - INFO - Resetting environment
2025-02-12 20:47:00,934 - INFO - Resetting environment
2025-02-12 20:47:00,935 - INFO - Resetting environment
2025-02-12 20:47:00,937 - INFO - Resetting environment
2025-02-12 20:47:00,938 - INFO - Resetting environment
2025-02-12 20:47:12,952 - INFO - Resetting environment
2025-02-12 20:47:12,954 - INFO - Resetting environment
2025-02-12 20:47:12,955 - INFO - Resetting environment
2025-02-12 20:47:12,958 - INFO - Resetting environment
2025-02-12 20:47:24,509 - INFO - Resetting environment
2025-02-12 20:47:24,511 - INFO - Resetting environment
2025-02-12 20:47:24,513 - INFO - Resetting environment
2025-02-12 20:47:24,514 - INFO - Resetting environment
2025-02-12 20:47:35,556 - INFO - Resetting environment
2025-02-12 20:47:35,558 - INFO - Resetting environment
2025-02-12 20:47:35,559 - INFO - Resetting environment
2025-02-12 20:47:35,560 - INFO - Resetting environment
2025-02-12 20:47:46,781 - INFO - Resetting environment
2025-02-12 20:47:46,782 - INFO - Resetting environment
2025-02-12 20:47:46,784 - INFO - Resetting environment
2025-02-12 20:47:46,785 - INFO - Resetting environment
2025-02-12 20:47:58,442 - INFO - Resetting environment
2025-02-12 20:47:58,444 - INFO - Resetting environment
2025-02-12 20:47:58,445 - INFO - Resetting environment
2025-02-12 20:47:58,446 - INFO - Resetting environment
2025-02-12 20:48:09,247 - INFO - Resetting environment
2025-02-12 20:48:09,248 - INFO - Resetting environment
2025-02-12 20:48:09,249 - INFO - Resetting environment
2025-02-12 20:48:09,250 - INFO - Resetting environment
2025-02-12 20:48:20,142 - INFO - Resetting environment
2025-02-12 20:48:20,144 - INFO - Resetting environment
2025-02-12 20:48:20,145 - INFO - Resetting environment
2025-02-12 20:48:20,146 - INFO - Resetting environment
2025-02-12 20:48:32,139 - INFO - Resetting environment
2025-02-12 20:48:32,141 - INFO - Resetting environment
2025-02-12 20:48:32,143 - INFO - Resetting environment
2025-02-12 20:48:32,145 - INFO - Resetting environment
2025-02-12 20:48:44,245 - INFO - Resetting environment
2025-02-12 20:48:44,247 - INFO - Resetting environment
2025-02-12 20:48:44,248 - INFO - Resetting environment
2025-02-12 20:48:44,250 - INFO - Resetting environment
2025-02-12 20:48:56,116 - INFO - Resetting environment
2025-02-12 20:48:56,117 - INFO - Resetting environment
2025-02-12 20:48:56,119 - INFO - Resetting environment
2025-02-12 20:48:56,121 - INFO - Resetting environment
2025-02-12 20:49:08,005 - INFO - Resetting environment
2025-02-12 20:49:08,007 - INFO - Resetting environment
2025-02-12 20:49:08,008 - INFO - Resetting environment
2025-02-12 20:49:08,010 - INFO - Resetting environment
2025-02-12 20:49:20,015 - INFO - Resetting environment
2025-02-12 20:49:20,017 - INFO - Resetting environment
2025-02-12 20:49:20,018 - INFO - Resetting environment
2025-02-12 20:49:20,021 - INFO - Resetting environment
2025-02-12 20:49:32,066 - INFO - Resetting environment
2025-02-12 20:49:32,068 - INFO - Resetting environment
2025-02-12 20:49:32,070 - INFO - Resetting environment
2025-02-12 20:49:32,071 - INFO - Resetting environment
2025-02-12 20:49:43,997 - INFO - Resetting environment
2025-02-12 20:49:43,999 - INFO - Resetting environment
2025-02-12 20:49:44,000 - INFO - Resetting environment
2025-02-12 20:49:44,001 - INFO - Resetting environment
2025-02-12 20:49:55,888 - INFO - Resetting environment
2025-02-12 20:49:55,889 - INFO - Resetting environment
2025-02-12 20:49:55,891 - INFO - Resetting environment
2025-02-12 20:49:55,892 - INFO - Resetting environment
2025-02-12 20:50:08,010 - INFO - Resetting environment
2025-02-12 20:50:08,012 - INFO - Resetting environment
2025-02-12 20:50:08,013 - INFO - Resetting environment
2025-02-12 20:50:08,014 - INFO - Resetting environment
2025-02-12 20:50:19,078 - INFO - Resetting environment
2025-02-12 20:50:19,081 - INFO - Resetting environment
2025-02-12 20:50:19,083 - INFO - Resetting environment
2025-02-12 20:50:19,084 - INFO - Resetting environment
2025-02-12 20:50:30,175 - INFO - Resetting environment
2025-02-12 20:50:30,177 - INFO - Resetting environment
2025-02-12 20:50:30,178 - INFO - Resetting environment
2025-02-12 20:50:30,179 - INFO - Resetting environment
2025-02-12 20:50:41,271 - INFO - Resetting environment
2025-02-12 20:50:41,273 - INFO - Resetting environment
2025-02-12 20:50:41,274 - INFO - Resetting environment
2025-02-12 20:50:41,276 - INFO - Resetting environment
2025-02-12 20:50:52,306 - INFO - Resetting environment
2025-02-12 20:50:52,308 - INFO - Resetting environment
2025-02-12 20:50:52,309 - INFO - Resetting environment
2025-02-12 20:50:52,310 - INFO - Resetting environment
2025-02-12 20:51:03,304 - INFO - Resetting environment
2025-02-12 20:51:03,306 - INFO - Resetting environment
2025-02-12 20:51:03,308 - INFO - Resetting environment
2025-02-12 20:51:03,310 - INFO - Resetting environment
2025-02-12 20:51:14,492 - INFO - Resetting environment
2025-02-12 20:51:14,494 - INFO - Resetting environment
2025-02-12 20:51:14,496 - INFO - Resetting environment
2025-02-12 20:51:14,497 - INFO - Resetting environment
2025-02-12 20:51:25,724 - INFO - Resetting environment
2025-02-12 20:51:25,726 - INFO - Resetting environment
2025-02-12 20:51:25,728 - INFO - Resetting environment
2025-02-12 20:51:25,729 - INFO - Resetting environment
2025-02-12 20:51:37,293 - INFO - Resetting environment
2025-02-12 20:51:37,294 - INFO - Resetting environment
2025-02-12 20:51:37,296 - INFO - Resetting environment
2025-02-12 20:51:37,297 - INFO - Resetting environment
2025-02-12 20:51:49,032 - INFO - Resetting environment
2025-02-12 20:51:49,034 - INFO - Resetting environment
2025-02-12 20:51:49,035 - INFO - Resetting environment
2025-02-12 20:51:49,037 - INFO - Resetting environment
2025-02-12 20:52:00,729 - INFO - Resetting environment
2025-02-12 20:52:00,731 - INFO - Resetting environment
2025-02-12 20:52:00,733 - INFO - Resetting environment
2025-02-12 20:52:00,737 - INFO - Resetting environment
2025-02-12 20:52:11,838 - INFO - Resetting environment
2025-02-12 20:52:11,840 - INFO - Resetting environment
2025-02-12 20:52:11,841 - INFO - Resetting environment
2025-02-12 20:52:11,842 - INFO - Resetting environment
2025-02-12 20:52:23,986 - INFO - Resetting environment
2025-02-12 20:52:23,987 - INFO - Resetting environment
2025-02-12 20:52:23,988 - INFO - Resetting environment
2025-02-12 20:52:23,989 - INFO - Resetting environment
2025-02-12 20:52:36,045 - INFO - Resetting environment
2025-02-12 20:52:36,047 - INFO - Resetting environment
2025-02-12 20:52:36,048 - INFO - Resetting environment
2025-02-12 20:52:36,050 - INFO - Resetting environment
2025-02-12 20:52:47,245 - INFO - Resetting environment
2025-02-12 20:52:47,246 - INFO - Resetting environment
2025-02-12 20:52:47,248 - INFO - Resetting environment
2025-02-12 20:52:47,249 - INFO - Resetting environment
2025-02-12 20:52:58,892 - INFO - Resetting environment
2025-02-12 20:52:58,893 - INFO - Resetting environment
2025-02-12 20:52:58,895 - INFO - Resetting environment
2025-02-12 20:52:58,896 - INFO - Resetting environment
2025-02-12 20:53:09,013 - INFO - Resetting environment
2025-02-12 20:53:09,015 - INFO - Resetting environment
2025-02-12 20:53:09,016 - INFO - Resetting environment
2025-02-12 20:53:09,017 - INFO - Resetting environment
2025-02-12 20:53:19,028 - INFO - Resetting environment
2025-02-12 20:53:19,029 - INFO - Resetting environment
2025-02-12 20:53:19,031 - INFO - Resetting environment
2025-02-12 20:53:19,032 - INFO - Resetting environment
2025-02-12 20:53:29,112 - INFO - Resetting environment
2025-02-12 20:53:29,113 - INFO - Resetting environment
2025-02-12 20:53:29,115 - INFO - Resetting environment
2025-02-12 20:53:29,116 - INFO - Resetting environment
2025-02-12 20:53:39,213 - INFO - Resetting environment
2025-02-12 20:53:39,214 - INFO - Resetting environment
2025-02-12 20:53:39,216 - INFO - Resetting environment
2025-02-12 20:53:39,217 - INFO - Resetting environment
2025-02-12 20:53:49,346 - INFO - Resetting environment
2025-02-12 20:53:49,347 - INFO - Resetting environment
2025-02-12 20:53:49,349 - INFO - Resetting environment
2025-02-12 20:53:49,350 - INFO - Resetting environment
2025-02-12 20:53:59,608 - INFO - Resetting environment
2025-02-12 20:53:59,609 - INFO - Resetting environment
2025-02-12 20:53:59,611 - INFO - Resetting environment
2025-02-12 20:53:59,612 - INFO - Resetting environment
2025-02-12 20:54:09,501 - INFO - Resetting environment
2025-02-12 20:54:09,503 - INFO - Resetting environment
2025-02-12 20:54:09,505 - INFO - Resetting environment
2025-02-12 20:54:09,506 - INFO - Resetting environment
2025-02-12 20:54:19,760 - INFO - Resetting environment
2025-02-12 20:54:19,762 - INFO - Resetting environment
2025-02-12 20:54:19,763 - INFO - Resetting environment
2025-02-12 20:54:19,765 - INFO - Resetting environment
2025-02-12 20:54:29,905 - INFO - Resetting environment
2025-02-12 20:54:29,907 - INFO - Resetting environment
2025-02-12 20:54:29,908 - INFO - Resetting environment
2025-02-12 20:54:29,910 - INFO - Resetting environment
2025-02-12 20:54:39,905 - INFO - Resetting environment
2025-02-12 20:54:39,906 - INFO - Resetting environment
2025-02-12 20:54:39,907 - INFO - Resetting environment
2025-02-12 20:54:39,909 - INFO - Resetting environment
2025-02-12 20:54:50,146 - INFO - Resetting environment
2025-02-12 20:54:50,148 - INFO - Resetting environment
2025-02-12 20:54:50,149 - INFO - Resetting environment
2025-02-12 20:54:50,150 - INFO - Resetting environment
2025-02-12 20:55:00,088 - INFO - Resetting environment
2025-02-12 20:55:00,090 - INFO - Resetting environment
2025-02-12 20:55:00,091 - INFO - Resetting environment
2025-02-12 20:55:00,093 - INFO - Resetting environment
2025-02-12 20:55:10,208 - INFO - Resetting environment
2025-02-12 20:55:10,209 - INFO - Resetting environment
2025-02-12 20:55:10,211 - INFO - Resetting environment
2025-02-12 20:55:10,212 - INFO - Resetting environment
2025-02-12 20:55:20,383 - INFO - Resetting environment
2025-02-12 20:55:20,385 - INFO - Resetting environment
2025-02-12 20:55:20,386 - INFO - Resetting environment
2025-02-12 20:55:20,388 - INFO - Resetting environment
2025-02-12 20:55:30,396 - INFO - Resetting environment
2025-02-12 20:55:30,398 - INFO - Resetting environment
2025-02-12 20:55:30,399 - INFO - Resetting environment
2025-02-12 20:55:30,402 - INFO - Resetting environment
2025-02-12 20:55:40,636 - INFO - Resetting environment
2025-02-12 20:55:40,638 - INFO - Resetting environment
2025-02-12 20:55:40,639 - INFO - Resetting environment
2025-02-12 20:55:40,641 - INFO - Resetting environment
2025-02-12 20:55:50,783 - INFO - Resetting environment
2025-02-12 20:55:50,784 - INFO - Resetting environment
2025-02-12 20:55:50,786 - INFO - Resetting environment
2025-02-12 20:55:50,787 - INFO - Resetting environment
2025-02-12 20:56:00,783 - INFO - Resetting environment
2025-02-12 20:56:00,784 - INFO - Resetting environment
2025-02-12 20:56:00,786 - INFO - Resetting environment
2025-02-12 20:56:00,787 - INFO - Resetting environment
