2025-03-11 21:50:06,307 - INFO - Initializing StockTradingEnv
2025-03-11 21:50:06,307 - INFO - Starting data preprocessing with 1648 rows
2025-03-11 21:50:06,316 - INFO - Numeric conversion completed for columns: ['Open', 'High', 'Low', 'Ltp', 'Qty', 'Turnover', '% Change']
2025-03-11 21:50:06,317 - INFO - Converting dates and sorting data
2025-03-11 21:50:06,323 - INFO - Initializing market regime detector
2025-03-11 21:50:06,323 - INFO - Initializing MarketRegimeDetector with 2 states
2025-03-11 21:50:06,323 - INFO - Computing technical indicators
2025-03-11 21:50:06,347 - INFO - Technical indicators computed in 0.024 seconds
2025-03-11 21:50:06,347 - INFO - Fitting market regimes
2025-03-11 21:50:06,347 - INFO - Starting HMM model fitting
2025-03-11 21:50:06,436 - INFO - HMM fitting completed in 0.089 seconds
2025-03-11 21:50:06,437 - INFO - Model score: -3583.317
2025-03-11 21:50:06,437 - INFO - Regime 0: 1026 samples (62.26%)
2025-03-11 21:50:06,437 - INFO - Regime 1: 622 samples (37.74%)
2025-03-11 21:50:06,438 - INFO - Market regimes fitted in 0.090 seconds
2025-03-11 21:50:06,438 - INFO - Environment initialization completed in 0.131 seconds
2025-03-11 21:50:06,438 - INFO - Data shape: (1648, 22), Date range: 2014-10-14 to 2022-07-07
2025-03-11 21:50:07,625 - INFO - Initializing StockTradingEnv
2025-03-11 21:50:07,625 - INFO - Starting data preprocessing with 1648 rows
2025-03-11 21:50:07,626 - INFO - Numeric conversion completed for columns: ['Open', 'High', 'Low', 'Ltp', 'Qty', 'Turnover', '% Change']
2025-03-11 21:50:07,626 - INFO - Converting dates and sorting data
2025-03-11 21:50:07,629 - INFO - Initializing market regime detector
2025-03-11 21:50:07,629 - INFO - Initializing MarketRegimeDetector with 2 states
2025-03-11 21:50:07,629 - INFO - Computing technical indicators
2025-03-11 21:50:07,652 - INFO - Technical indicators computed in 0.023 seconds
2025-03-11 21:50:07,653 - INFO - Fitting market regimes
2025-03-11 21:50:07,653 - INFO - Starting HMM model fitting
2025-03-11 21:50:07,738 - INFO - HMM fitting completed in 0.085 seconds
2025-03-11 21:50:07,739 - INFO - Model score: -3582.130
2025-03-11 21:50:07,739 - INFO - Regime 0: 622 samples (37.74%)
2025-03-11 21:50:07,739 - INFO - Regime 1: 1026 samples (62.26%)
2025-03-11 21:50:07,739 - INFO - Market regimes fitted in 0.086 seconds
2025-03-11 21:50:07,739 - INFO - Environment initialization completed in 0.115 seconds
2025-03-11 21:50:07,739 - INFO - Data shape: (1648, 22), Date range: 2014-10-14 to 2022-07-07
2025-03-11 21:50:07,740 - INFO - Initializing StockTradingEnv
2025-03-11 21:50:07,740 - INFO - Starting data preprocessing with 1648 rows
2025-03-11 21:50:07,741 - INFO - Numeric conversion completed for columns: ['Open', 'High', 'Low', 'Ltp', 'Qty', 'Turnover', '% Change']
2025-03-11 21:50:07,741 - INFO - Converting dates and sorting data
2025-03-11 21:50:07,743 - INFO - Initializing market regime detector
2025-03-11 21:50:07,743 - INFO - Initializing MarketRegimeDetector with 2 states
2025-03-11 21:50:07,743 - INFO - Computing technical indicators
2025-03-11 21:50:07,768 - INFO - Technical indicators computed in 0.024 seconds
2025-03-11 21:50:07,768 - INFO - Fitting market regimes
2025-03-11 21:50:07,768 - INFO - Starting HMM model fitting
2025-03-11 21:50:07,843 - INFO - HMM fitting completed in 0.075 seconds
2025-03-11 21:50:07,843 - INFO - Model score: -3582.130
2025-03-11 21:50:07,843 - INFO - Regime 0: 622 samples (37.74%)
2025-03-11 21:50:07,844 - INFO - Regime 1: 1026 samples (62.26%)
2025-03-11 21:50:07,844 - INFO - Market regimes fitted in 0.076 seconds
2025-03-11 21:50:07,844 - INFO - Environment initialization completed in 0.104 seconds
2025-03-11 21:50:07,844 - INFO - Data shape: (1648, 22), Date range: 2014-10-14 to 2022-07-07
2025-03-11 21:50:07,844 - INFO - Initializing StockTradingEnv
2025-03-11 21:50:07,845 - INFO - Starting data preprocessing with 1648 rows
2025-03-11 21:50:07,845 - INFO - Numeric conversion completed for columns: ['Open', 'High', 'Low', 'Ltp', 'Qty', 'Turnover', '% Change']
2025-03-11 21:50:07,846 - INFO - Converting dates and sorting data
2025-03-11 21:50:07,847 - INFO - Initializing market regime detector
2025-03-11 21:50:07,847 - INFO - Initializing MarketRegimeDetector with 2 states
2025-03-11 21:50:07,847 - INFO - Computing technical indicators
2025-03-11 21:50:07,868 - INFO - Technical indicators computed in 0.021 seconds
2025-03-11 21:50:07,869 - INFO - Fitting market regimes
2025-03-11 21:50:07,869 - INFO - Starting HMM model fitting
2025-03-11 21:50:07,944 - INFO - HMM fitting completed in 0.075 seconds
2025-03-11 21:50:07,945 - INFO - Model score: -3582.130
2025-03-11 21:50:07,945 - INFO - Regime 0: 622 samples (37.74%)
2025-03-11 21:50:07,945 - INFO - Regime 1: 1026 samples (62.26%)
2025-03-11 21:50:07,945 - INFO - Market regimes fitted in 0.076 seconds
2025-03-11 21:50:07,945 - INFO - Environment initialization completed in 0.101 seconds
2025-03-11 21:50:07,945 - INFO - Data shape: (1648, 22), Date range: 2014-10-14 to 2022-07-07
2025-03-11 21:50:07,946 - INFO - Initializing StockTradingEnv
2025-03-11 21:50:07,946 - INFO - Starting data preprocessing with 1648 rows
2025-03-11 21:50:07,947 - INFO - Numeric conversion completed for columns: ['Open', 'High', 'Low', 'Ltp', 'Qty', 'Turnover', '% Change']
2025-03-11 21:50:07,947 - INFO - Converting dates and sorting data
2025-03-11 21:50:07,949 - INFO - Initializing market regime detector
2025-03-11 21:50:07,949 - INFO - Initializing MarketRegimeDetector with 2 states
2025-03-11 21:50:07,949 - INFO - Computing technical indicators
2025-03-11 21:50:07,970 - INFO - Technical indicators computed in 0.021 seconds
2025-03-11 21:50:07,970 - INFO - Fitting market regimes
2025-03-11 21:50:07,970 - INFO - Starting HMM model fitting
2025-03-11 21:50:08,047 - INFO - HMM fitting completed in 0.077 seconds
2025-03-11 21:50:08,048 - INFO - Model score: -3582.130
2025-03-11 21:50:08,048 - INFO - Regime 0: 622 samples (37.74%)
2025-03-11 21:50:08,048 - INFO - Regime 1: 1026 samples (62.26%)
2025-03-11 21:50:08,048 - INFO - Market regimes fitted in 0.078 seconds
2025-03-11 21:50:08,048 - INFO - Environment initialization completed in 0.102 seconds
2025-03-11 21:50:08,048 - INFO - Data shape: (1648, 22), Date range: 2014-10-14 to 2022-07-07
2025-03-11 21:50:08,048 - INFO - Resetting environment
2025-03-11 21:50:08,050 - INFO - Resetting environment
2025-03-11 21:50:08,051 - INFO - Resetting environment
2025-03-11 21:50:08,051 - INFO - Resetting environment
2025-03-11 21:50:22,332 - INFO - Resetting environment
2025-03-11 21:50:22,333 - INFO - Resetting environment
2025-03-11 21:50:22,333 - INFO - Resetting environment
2025-03-11 21:50:22,334 - INFO - Resetting environment
2025-03-11 21:50:36,566 - INFO - Resetting environment
2025-03-11 21:50:36,568 - INFO - Resetting environment
2025-03-11 21:50:36,568 - INFO - Resetting environment
2025-03-11 21:50:36,569 - INFO - Resetting environment
2025-03-11 21:50:50,251 - INFO - Resetting environment
2025-03-11 21:50:50,253 - INFO - Resetting environment
2025-03-11 21:50:50,253 - INFO - Resetting environment
2025-03-11 21:50:50,254 - INFO - Resetting environment
2025-03-11 21:51:03,359 - INFO - Resetting environment
2025-03-11 21:51:03,361 - INFO - Resetting environment
2025-03-11 21:51:03,362 - INFO - Resetting environment
2025-03-11 21:51:03,362 - INFO - Resetting environment
2025-03-11 21:51:16,681 - INFO - Resetting environment
2025-03-11 21:51:16,682 - INFO - Resetting environment
2025-03-11 21:51:16,683 - INFO - Resetting environment
2025-03-11 21:51:16,684 - INFO - Resetting environment
2025-03-11 21:51:29,486 - INFO - Resetting environment
2025-03-11 21:51:29,486 - INFO - Resetting environment
2025-03-11 21:51:29,487 - INFO - Resetting environment
2025-03-11 21:51:29,488 - INFO - Resetting environment
2025-03-11 21:51:42,810 - INFO - Resetting environment
2025-03-11 21:51:42,811 - INFO - Resetting environment
2025-03-11 21:51:42,812 - INFO - Resetting environment
2025-03-11 21:51:42,813 - INFO - Resetting environment
2025-03-11 21:51:56,002 - INFO - Resetting environment
2025-03-11 21:51:56,003 - INFO - Resetting environment
2025-03-11 21:51:56,004 - INFO - Resetting environment
2025-03-11 21:51:56,005 - INFO - Resetting environment
2025-03-11 21:52:09,084 - INFO - Resetting environment
2025-03-11 21:52:09,086 - INFO - Resetting environment
2025-03-11 21:52:09,087 - INFO - Resetting environment
2025-03-11 21:52:09,087 - INFO - Resetting environment
2025-03-11 21:52:23,645 - INFO - Resetting environment
2025-03-11 21:52:23,646 - INFO - Resetting environment
2025-03-11 21:52:23,647 - INFO - Resetting environment
2025-03-11 21:52:23,647 - INFO - Resetting environment
2025-03-11 21:52:36,930 - INFO - Resetting environment
2025-03-11 21:52:36,931 - INFO - Resetting environment
2025-03-11 21:52:36,932 - INFO - Resetting environment
2025-03-11 21:52:36,932 - INFO - Resetting environment
2025-03-11 21:52:50,502 - INFO - Resetting environment
2025-03-11 21:52:50,502 - INFO - Resetting environment
2025-03-11 21:52:50,503 - INFO - Resetting environment
2025-03-11 21:52:50,504 - INFO - Resetting environment
2025-03-11 21:53:04,021 - INFO - Resetting environment
2025-03-11 21:53:04,022 - INFO - Resetting environment
2025-03-11 21:53:04,022 - INFO - Resetting environment
2025-03-11 21:53:04,023 - INFO - Resetting environment
2025-03-11 21:53:17,183 - INFO - Resetting environment
2025-03-11 21:53:17,184 - INFO - Resetting environment
2025-03-11 21:53:17,184 - INFO - Resetting environment
2025-03-11 21:53:17,185 - INFO - Resetting environment
2025-03-11 21:53:30,798 - INFO - Resetting environment
2025-03-11 21:53:30,799 - INFO - Resetting environment
2025-03-11 21:53:30,799 - INFO - Resetting environment
2025-03-11 21:53:30,800 - INFO - Resetting environment
2025-03-11 21:53:44,339 - INFO - Resetting environment
2025-03-11 21:53:44,340 - INFO - Resetting environment
2025-03-11 21:53:44,341 - INFO - Resetting environment
2025-03-11 21:53:44,342 - INFO - Resetting environment
2025-03-11 21:53:57,683 - INFO - Resetting environment
2025-03-11 21:53:57,683 - INFO - Resetting environment
2025-03-11 21:53:57,684 - INFO - Resetting environment
2025-03-11 21:53:57,685 - INFO - Resetting environment
2025-03-11 21:54:11,518 - INFO - Resetting environment
2025-03-11 21:54:11,519 - INFO - Resetting environment
2025-03-11 21:54:11,520 - INFO - Resetting environment
2025-03-11 21:54:11,521 - INFO - Resetting environment
2025-03-11 21:54:24,572 - INFO - Resetting environment
2025-03-11 21:54:24,573 - INFO - Resetting environment
2025-03-11 21:54:24,573 - INFO - Resetting environment
2025-03-11 21:54:24,574 - INFO - Resetting environment
2025-03-11 21:54:37,475 - INFO - Resetting environment
2025-03-11 21:54:37,477 - INFO - Resetting environment
2025-03-11 21:54:37,478 - INFO - Resetting environment
2025-03-11 21:54:37,478 - INFO - Resetting environment
2025-03-11 21:54:50,421 - INFO - Resetting environment
2025-03-11 21:54:50,422 - INFO - Resetting environment
2025-03-11 21:54:50,422 - INFO - Resetting environment
2025-03-11 21:54:50,423 - INFO - Resetting environment
2025-03-11 21:55:03,546 - INFO - Resetting environment
2025-03-11 21:55:03,547 - INFO - Resetting environment
2025-03-11 21:55:03,548 - INFO - Resetting environment
2025-03-11 21:55:03,548 - INFO - Resetting environment
2025-03-11 21:55:16,778 - INFO - Resetting environment
2025-03-11 21:55:16,779 - INFO - Resetting environment
2025-03-11 21:55:16,780 - INFO - Resetting environment
2025-03-11 21:55:16,781 - INFO - Resetting environment
2025-03-11 21:55:29,890 - INFO - Resetting environment
2025-03-11 21:55:29,890 - INFO - Resetting environment
2025-03-11 21:55:29,891 - INFO - Resetting environment
2025-03-11 21:55:29,892 - INFO - Resetting environment
2025-03-11 21:55:42,690 - INFO - Resetting environment
2025-03-11 21:55:42,691 - INFO - Resetting environment
2025-03-11 21:55:42,692 - INFO - Resetting environment
2025-03-11 21:55:42,692 - INFO - Resetting environment
2025-03-11 21:55:55,766 - INFO - Resetting environment
2025-03-11 21:55:55,767 - INFO - Resetting environment
2025-03-11 21:55:55,767 - INFO - Resetting environment
2025-03-11 21:55:55,768 - INFO - Resetting environment
2025-03-11 21:56:08,568 - INFO - Resetting environment
2025-03-11 21:56:08,568 - INFO - Resetting environment
2025-03-11 21:56:08,569 - INFO - Resetting environment
2025-03-11 21:56:08,570 - INFO - Resetting environment
2025-03-11 21:56:21,619 - INFO - Resetting environment
2025-03-11 21:56:21,619 - INFO - Resetting environment
2025-03-11 21:56:21,620 - INFO - Resetting environment
2025-03-11 21:56:21,620 - INFO - Resetting environment
2025-03-11 21:56:34,611 - INFO - Resetting environment
2025-03-11 21:56:34,612 - INFO - Resetting environment
2025-03-11 21:56:34,612 - INFO - Resetting environment
2025-03-11 21:56:34,613 - INFO - Resetting environment
2025-03-11 21:56:47,879 - INFO - Resetting environment
2025-03-11 21:56:47,880 - INFO - Resetting environment
2025-03-11 21:56:47,881 - INFO - Resetting environment
2025-03-11 21:56:47,881 - INFO - Resetting environment
2025-03-11 21:57:03,425 - INFO - Resetting environment
2025-03-11 21:57:03,426 - INFO - Resetting environment
2025-03-11 21:57:03,427 - INFO - Resetting environment
2025-03-11 21:57:03,427 - INFO - Resetting environment
2025-03-11 21:57:17,200 - INFO - Resetting environment
2025-03-11 21:57:17,201 - INFO - Resetting environment
2025-03-11 21:57:17,201 - INFO - Resetting environment
2025-03-11 21:57:17,202 - INFO - Resetting environment
2025-03-11 21:57:30,573 - INFO - Resetting environment
2025-03-11 21:57:30,574 - INFO - Resetting environment
2025-03-11 21:57:30,575 - INFO - Resetting environment
2025-03-11 21:57:30,576 - INFO - Resetting environment
2025-03-11 21:57:44,005 - INFO - Resetting environment
2025-03-11 21:57:44,006 - INFO - Resetting environment
2025-03-11 21:57:44,006 - INFO - Resetting environment
2025-03-11 21:57:44,007 - INFO - Resetting environment
2025-03-11 21:57:56,722 - INFO - Resetting environment
2025-03-11 21:57:56,723 - INFO - Resetting environment
2025-03-11 21:57:56,724 - INFO - Resetting environment
2025-03-11 21:57:56,724 - INFO - Resetting environment
2025-03-11 21:58:10,689 - INFO - Resetting environment
2025-03-11 21:58:10,690 - INFO - Resetting environment
2025-03-11 21:58:10,690 - INFO - Resetting environment
2025-03-11 21:58:10,691 - INFO - Resetting environment
2025-03-11 21:58:24,209 - INFO - Resetting environment
2025-03-11 21:58:24,210 - INFO - Resetting environment
2025-03-11 21:58:24,210 - INFO - Resetting environment
2025-03-11 21:58:24,211 - INFO - Resetting environment
2025-03-11 21:58:37,527 - INFO - Resetting environment
2025-03-11 21:58:37,528 - INFO - Resetting environment
2025-03-11 21:58:37,529 - INFO - Resetting environment
2025-03-11 21:58:37,530 - INFO - Resetting environment
2025-03-11 21:58:50,966 - INFO - Resetting environment
2025-03-11 21:58:50,967 - INFO - Resetting environment
2025-03-11 21:58:50,967 - INFO - Resetting environment
2025-03-11 21:58:50,968 - INFO - Resetting environment
2025-03-11 21:59:04,281 - INFO - Resetting environment
2025-03-11 21:59:04,282 - INFO - Resetting environment
2025-03-11 21:59:04,283 - INFO - Resetting environment
2025-03-11 21:59:04,283 - INFO - Resetting environment
2025-03-11 21:59:17,236 - INFO - Resetting environment
2025-03-11 21:59:17,237 - INFO - Resetting environment
2025-03-11 21:59:17,238 - INFO - Resetting environment
2025-03-11 21:59:17,238 - INFO - Resetting environment
2025-03-11 21:59:31,114 - INFO - Resetting environment
2025-03-11 21:59:31,115 - INFO - Resetting environment
2025-03-11 21:59:31,115 - INFO - Resetting environment
2025-03-11 21:59:31,116 - INFO - Resetting environment
2025-03-11 21:59:44,197 - INFO - Resetting environment
2025-03-11 21:59:44,197 - INFO - Resetting environment
2025-03-11 21:59:44,198 - INFO - Resetting environment
2025-03-11 21:59:44,199 - INFO - Resetting environment
2025-03-11 21:59:58,022 - INFO - Resetting environment
2025-03-11 21:59:58,023 - INFO - Resetting environment
2025-03-11 21:59:58,024 - INFO - Resetting environment
2025-03-11 21:59:58,024 - INFO - Resetting environment
2025-03-11 22:00:11,400 - INFO - Resetting environment
2025-03-11 22:00:11,401 - INFO - Resetting environment
2025-03-11 22:00:11,402 - INFO - Resetting environment
2025-03-11 22:00:11,402 - INFO - Resetting environment
2025-03-11 22:00:24,516 - INFO - Resetting environment
2025-03-11 22:00:24,518 - INFO - Resetting environment
2025-03-11 22:00:24,518 - INFO - Resetting environment
2025-03-11 22:00:24,519 - INFO - Resetting environment
2025-03-11 22:00:38,158 - INFO - Resetting environment
2025-03-11 22:00:38,159 - INFO - Resetting environment
2025-03-11 22:00:38,160 - INFO - Resetting environment
2025-03-11 22:00:38,160 - INFO - Resetting environment
2025-03-11 22:00:51,975 - INFO - Resetting environment
2025-03-11 22:00:51,977 - INFO - Resetting environment
2025-03-11 22:00:51,978 - INFO - Resetting environment
2025-03-11 22:00:51,978 - INFO - Resetting environment
2025-03-11 22:01:04,680 - INFO - Resetting environment
2025-03-11 22:01:04,682 - INFO - Resetting environment
2025-03-11 22:01:04,683 - INFO - Resetting environment
2025-03-11 22:01:04,683 - INFO - Resetting environment
2025-03-11 22:01:17,844 - INFO - Resetting environment
2025-03-11 22:01:17,845 - INFO - Resetting environment
2025-03-11 22:01:17,845 - INFO - Resetting environment
2025-03-11 22:01:17,846 - INFO - Resetting environment
2025-03-11 22:01:31,821 - INFO - Resetting environment
2025-03-11 22:01:31,822 - INFO - Resetting environment
2025-03-11 22:01:31,823 - INFO - Resetting environment
2025-03-11 22:01:31,823 - INFO - Resetting environment
2025-03-11 22:01:45,668 - INFO - Resetting environment
2025-03-11 22:01:45,670 - INFO - Resetting environment
2025-03-11 22:01:45,670 - INFO - Resetting environment
2025-03-11 22:01:45,671 - INFO - Resetting environment
2025-03-11 22:01:59,255 - INFO - Resetting environment
2025-03-11 22:01:59,256 - INFO - Resetting environment
2025-03-11 22:01:59,257 - INFO - Resetting environment
2025-03-11 22:01:59,258 - INFO - Resetting environment
2025-03-11 22:02:12,588 - INFO - Resetting environment
2025-03-11 22:02:12,588 - INFO - Resetting environment
2025-03-11 22:02:12,589 - INFO - Resetting environment
2025-03-11 22:02:12,590 - INFO - Resetting environment
2025-03-11 22:02:26,433 - INFO - Resetting environment
2025-03-11 22:02:26,434 - INFO - Resetting environment
2025-03-11 22:02:26,435 - INFO - Resetting environment
2025-03-11 22:02:26,435 - INFO - Resetting environment
2025-03-11 22:02:39,432 - INFO - Resetting environment
2025-03-11 22:02:39,433 - INFO - Resetting environment
2025-03-11 22:02:39,434 - INFO - Resetting environment
2025-03-11 22:02:39,434 - INFO - Resetting environment
2025-03-11 22:02:52,597 - INFO - Resetting environment
2025-03-11 22:02:52,598 - INFO - Resetting environment
2025-03-11 22:02:52,598 - INFO - Resetting environment
2025-03-11 22:02:52,599 - INFO - Resetting environment
2025-03-11 22:03:05,743 - INFO - Resetting environment
2025-03-11 22:03:05,744 - INFO - Resetting environment
2025-03-11 22:03:05,745 - INFO - Resetting environment
2025-03-11 22:03:05,745 - INFO - Resetting environment
2025-03-11 22:03:18,867 - INFO - Resetting environment
2025-03-11 22:03:18,868 - INFO - Resetting environment
2025-03-11 22:03:18,868 - INFO - Resetting environment
2025-03-11 22:03:18,869 - INFO - Resetting environment
2025-03-11 22:03:32,198 - INFO - Resetting environment
2025-03-11 22:03:32,199 - INFO - Resetting environment
2025-03-11 22:03:32,200 - INFO - Resetting environment
2025-03-11 22:03:32,200 - INFO - Resetting environment
2025-03-11 22:03:45,424 - INFO - Resetting environment
2025-03-11 22:03:45,425 - INFO - Resetting environment
2025-03-11 22:03:45,425 - INFO - Resetting environment
2025-03-11 22:03:45,426 - INFO - Resetting environment
2025-03-11 22:03:58,137 - INFO - Resetting environment
2025-03-11 22:03:58,138 - INFO - Resetting environment
2025-03-11 22:03:58,139 - INFO - Resetting environment
2025-03-11 22:03:58,139 - INFO - Resetting environment
2025-03-11 22:04:11,307 - INFO - Resetting environment
2025-03-11 22:04:11,308 - INFO - Resetting environment
2025-03-11 22:04:11,308 - INFO - Resetting environment
2025-03-11 22:04:11,309 - INFO - Resetting environment
2025-03-11 22:04:25,700 - INFO - Resetting environment
2025-03-11 22:04:25,702 - INFO - Resetting environment
2025-03-11 22:04:25,702 - INFO - Resetting environment
2025-03-11 22:04:25,703 - INFO - Resetting environment
2025-03-11 22:04:38,843 - INFO - Resetting environment
2025-03-11 22:04:38,844 - INFO - Resetting environment
2025-03-11 22:04:38,845 - INFO - Resetting environment
2025-03-11 22:04:38,846 - INFO - Resetting environment
2025-03-11 22:04:51,901 - INFO - Resetting environment
2025-03-11 22:04:51,902 - INFO - Resetting environment
2025-03-11 22:04:51,902 - INFO - Resetting environment
2025-03-11 22:04:51,903 - INFO - Resetting environment
2025-03-11 22:05:04,823 - INFO - Resetting environment
2025-03-11 22:05:04,824 - INFO - Resetting environment
2025-03-11 22:05:04,825 - INFO - Resetting environment
2025-03-11 22:05:04,826 - INFO - Resetting environment
2025-03-11 22:05:18,080 - INFO - Resetting environment
2025-03-11 22:05:18,081 - INFO - Resetting environment
2025-03-11 22:05:18,081 - INFO - Resetting environment
2025-03-11 22:05:18,082 - INFO - Resetting environment
2025-03-11 22:05:31,178 - INFO - Resetting environment
2025-03-11 22:05:31,179 - INFO - Resetting environment
2025-03-11 22:05:31,180 - INFO - Resetting environment
2025-03-11 22:05:31,180 - INFO - Resetting environment
2025-03-11 22:05:44,116 - INFO - Resetting environment
2025-03-11 22:05:44,117 - INFO - Resetting environment
2025-03-11 22:05:44,118 - INFO - Resetting environment
2025-03-11 22:05:44,118 - INFO - Resetting environment
2025-03-11 22:05:57,241 - INFO - Resetting environment
2025-03-11 22:05:57,243 - INFO - Resetting environment
2025-03-11 22:05:57,243 - INFO - Resetting environment
2025-03-11 22:05:57,244 - INFO - Resetting environment
2025-03-11 22:06:10,307 - INFO - Resetting environment
2025-03-11 22:06:10,308 - INFO - Resetting environment
2025-03-11 22:06:10,309 - INFO - Resetting environment
2025-03-11 22:06:10,309 - INFO - Resetting environment
2025-03-11 22:06:23,106 - INFO - Resetting environment
2025-03-11 22:06:23,107 - INFO - Resetting environment
2025-03-11 22:06:23,107 - INFO - Resetting environment
2025-03-11 22:06:23,108 - INFO - Resetting environment
2025-03-11 22:06:36,204 - INFO - Resetting environment
2025-03-11 22:06:36,206 - INFO - Resetting environment
2025-03-11 22:06:36,207 - INFO - Resetting environment
2025-03-11 22:06:36,207 - INFO - Resetting environment
2025-03-11 22:06:49,101 - INFO - Resetting environment
2025-03-11 22:06:49,102 - INFO - Resetting environment
2025-03-11 22:06:49,102 - INFO - Resetting environment
2025-03-11 22:06:49,103 - INFO - Resetting environment
2025-03-11 22:07:02,032 - INFO - Resetting environment
2025-03-11 22:07:02,033 - INFO - Resetting environment
2025-03-11 22:07:02,033 - INFO - Resetting environment
2025-03-11 22:07:02,034 - INFO - Resetting environment
2025-03-11 22:07:14,916 - INFO - Resetting environment
2025-03-11 22:07:14,917 - INFO - Resetting environment
2025-03-11 22:07:14,917 - INFO - Resetting environment
2025-03-11 22:07:14,918 - INFO - Resetting environment
2025-03-11 22:07:28,262 - INFO - Resetting environment
2025-03-11 22:07:28,263 - INFO - Resetting environment
2025-03-11 22:07:28,264 - INFO - Resetting environment
2025-03-11 22:07:28,265 - INFO - Resetting environment
2025-03-11 22:07:41,736 - INFO - Resetting environment
2025-03-11 22:07:41,738 - INFO - Resetting environment
2025-03-11 22:07:41,738 - INFO - Resetting environment
2025-03-11 22:07:41,739 - INFO - Resetting environment
2025-03-11 22:07:55,232 - INFO - Resetting environment
2025-03-11 22:07:55,233 - INFO - Resetting environment
2025-03-11 22:07:55,234 - INFO - Resetting environment
2025-03-11 22:07:55,234 - INFO - Resetting environment
2025-03-11 22:08:08,995 - INFO - Resetting environment
2025-03-11 22:08:08,996 - INFO - Resetting environment
2025-03-11 22:08:08,996 - INFO - Resetting environment
2025-03-11 22:08:08,997 - INFO - Resetting environment
2025-03-11 22:08:22,610 - INFO - Resetting environment
2025-03-11 22:08:22,611 - INFO - Resetting environment
2025-03-11 22:08:22,612 - INFO - Resetting environment
2025-03-11 22:08:22,612 - INFO - Resetting environment
2025-03-11 22:08:35,693 - INFO - Resetting environment
2025-03-11 22:08:35,694 - INFO - Resetting environment
2025-03-11 22:08:35,694 - INFO - Resetting environment
2025-03-11 22:08:35,695 - INFO - Resetting environment
2025-03-11 22:08:49,146 - INFO - Resetting environment
2025-03-11 22:08:49,147 - INFO - Resetting environment
2025-03-11 22:08:49,147 - INFO - Resetting environment
2025-03-11 22:08:49,148 - INFO - Resetting environment
2025-03-11 22:09:02,219 - INFO - Resetting environment
2025-03-11 22:09:02,219 - INFO - Resetting environment
2025-03-11 22:09:02,220 - INFO - Resetting environment
2025-03-11 22:09:02,220 - INFO - Resetting environment
2025-03-11 22:09:15,705 - INFO - Resetting environment
2025-03-11 22:09:15,706 - INFO - Resetting environment
2025-03-11 22:09:15,706 - INFO - Resetting environment
2025-03-11 22:09:15,707 - INFO - Resetting environment
2025-03-11 22:09:30,121 - INFO - Resetting environment
2025-03-11 22:09:30,122 - INFO - Resetting environment
2025-03-11 22:09:30,123 - INFO - Resetting environment
2025-03-11 22:09:30,123 - INFO - Resetting environment
2025-03-11 22:09:45,475 - INFO - Resetting environment
2025-03-11 22:09:45,476 - INFO - Resetting environment
2025-03-11 22:09:45,476 - INFO - Resetting environment
2025-03-11 22:09:45,477 - INFO - Resetting environment
2025-03-11 22:09:59,410 - INFO - Resetting environment
2025-03-11 22:09:59,411 - INFO - Resetting environment
2025-03-11 22:09:59,411 - INFO - Resetting environment
2025-03-11 22:09:59,412 - INFO - Resetting environment
2025-03-11 22:10:13,570 - INFO - Resetting environment
2025-03-11 22:10:13,571 - INFO - Resetting environment
2025-03-11 22:10:13,572 - INFO - Resetting environment
2025-03-11 22:10:13,572 - INFO - Resetting environment
2025-03-11 22:10:26,919 - INFO - Resetting environment
2025-03-11 22:10:26,920 - INFO - Resetting environment
2025-03-11 22:10:26,921 - INFO - Resetting environment
2025-03-11 22:10:26,921 - INFO - Resetting environment
2025-03-11 22:10:40,376 - INFO - Resetting environment
2025-03-11 22:10:40,377 - INFO - Resetting environment
2025-03-11 22:10:40,378 - INFO - Resetting environment
2025-03-11 22:10:40,378 - INFO - Resetting environment
2025-03-11 22:10:53,545 - INFO - Resetting environment
2025-03-11 22:10:53,546 - INFO - Resetting environment
2025-03-11 22:10:53,547 - INFO - Resetting environment
2025-03-11 22:10:53,547 - INFO - Resetting environment
2025-03-11 22:11:07,330 - INFO - Resetting environment
2025-03-11 22:11:07,331 - INFO - Resetting environment
2025-03-11 22:11:07,331 - INFO - Resetting environment
2025-03-11 22:11:07,332 - INFO - Resetting environment
2025-03-11 22:11:20,769 - INFO - Resetting environment
2025-03-11 22:11:20,770 - INFO - Resetting environment
2025-03-11 22:11:20,771 - INFO - Resetting environment
2025-03-11 22:11:20,771 - INFO - Resetting environment
2025-03-11 22:11:33,838 - INFO - Resetting environment
2025-03-11 22:11:33,839 - INFO - Resetting environment
2025-03-11 22:11:33,840 - INFO - Resetting environment
2025-03-11 22:11:33,840 - INFO - Resetting environment
2025-03-11 22:11:46,749 - INFO - Resetting environment
2025-03-11 22:11:46,749 - INFO - Resetting environment
2025-03-11 22:11:46,750 - INFO - Resetting environment
2025-03-11 22:11:46,751 - INFO - Resetting environment
2025-03-11 22:12:00,249 - INFO - Resetting environment
2025-03-11 22:12:00,250 - INFO - Resetting environment
2025-03-11 22:12:00,251 - INFO - Resetting environment
2025-03-11 22:12:00,251 - INFO - Resetting environment
2025-03-11 22:12:12,918 - INFO - Resetting environment
2025-03-11 22:12:12,919 - INFO - Resetting environment
2025-03-11 22:12:12,919 - INFO - Resetting environment
2025-03-11 22:12:12,920 - INFO - Resetting environment
2025-03-11 22:12:26,390 - INFO - Resetting environment
2025-03-11 22:12:26,392 - INFO - Resetting environment
2025-03-11 22:12:26,392 - INFO - Resetting environment
2025-03-11 22:12:26,393 - INFO - Resetting environment
2025-03-11 22:12:39,928 - INFO - Resetting environment
2025-03-11 22:12:39,929 - INFO - Resetting environment
2025-03-11 22:12:39,930 - INFO - Resetting environment
2025-03-11 22:12:39,931 - INFO - Resetting environment
2025-03-11 22:12:53,753 - INFO - Resetting environment
2025-03-11 22:12:53,754 - INFO - Resetting environment
2025-03-11 22:12:53,755 - INFO - Resetting environment
2025-03-11 22:12:53,755 - INFO - Resetting environment
2025-03-11 22:13:06,952 - INFO - Resetting environment
2025-03-11 22:13:06,952 - INFO - Resetting environment
2025-03-11 22:13:06,953 - INFO - Resetting environment
2025-03-11 22:13:06,954 - INFO - Resetting environment
2025-03-11 22:13:19,937 - INFO - Resetting environment
2025-03-11 22:13:19,938 - INFO - Resetting environment
2025-03-11 22:13:19,939 - INFO - Resetting environment
2025-03-11 22:13:19,940 - INFO - Resetting environment
2025-03-11 22:13:33,240 - INFO - Resetting environment
2025-03-11 22:13:33,241 - INFO - Resetting environment
2025-03-11 22:13:33,242 - INFO - Resetting environment
2025-03-11 22:13:33,242 - INFO - Resetting environment
2025-03-11 22:13:47,324 - INFO - Resetting environment
2025-03-11 22:13:47,325 - INFO - Resetting environment
2025-03-11 22:13:47,326 - INFO - Resetting environment
2025-03-11 22:13:47,326 - INFO - Resetting environment
2025-03-11 22:14:00,142 - INFO - Resetting environment
2025-03-11 22:14:00,144 - INFO - Resetting environment
2025-03-11 22:14:00,144 - INFO - Resetting environment
2025-03-11 22:14:00,145 - INFO - Resetting environment
2025-03-11 22:14:13,365 - INFO - Resetting environment
2025-03-11 22:14:13,366 - INFO - Resetting environment
2025-03-11 22:14:13,366 - INFO - Resetting environment
2025-03-11 22:14:13,367 - INFO - Resetting environment
2025-03-11 22:14:27,010 - INFO - Resetting environment
2025-03-11 22:14:27,011 - INFO - Resetting environment
2025-03-11 22:14:27,012 - INFO - Resetting environment
2025-03-11 22:14:27,012 - INFO - Resetting environment
2025-03-11 22:14:40,046 - INFO - Resetting environment
2025-03-11 22:14:40,047 - INFO - Resetting environment
2025-03-11 22:14:40,048 - INFO - Resetting environment
2025-03-11 22:14:40,048 - INFO - Resetting environment
2025-03-11 22:14:53,763 - INFO - Resetting environment
2025-03-11 22:14:53,764 - INFO - Resetting environment
2025-03-11 22:14:53,764 - INFO - Resetting environment
2025-03-11 22:14:53,765 - INFO - Resetting environment
2025-03-11 22:15:07,283 - INFO - Resetting environment
2025-03-11 22:15:07,285 - INFO - Resetting environment
2025-03-11 22:15:07,286 - INFO - Resetting environment
2025-03-11 22:15:07,286 - INFO - Resetting environment
2025-03-11 22:15:20,338 - INFO - Resetting environment
2025-03-11 22:15:20,338 - INFO - Resetting environment
2025-03-11 22:15:20,339 - INFO - Resetting environment
2025-03-11 22:15:20,340 - INFO - Resetting environment
2025-03-11 22:15:33,735 - INFO - Resetting environment
2025-03-11 22:15:33,736 - INFO - Resetting environment
2025-03-11 22:15:33,737 - INFO - Resetting environment
2025-03-11 22:15:33,737 - INFO - Resetting environment
2025-03-11 22:15:46,597 - INFO - Resetting environment
2025-03-11 22:15:46,598 - INFO - Resetting environment
2025-03-11 22:15:46,599 - INFO - Resetting environment
2025-03-11 22:15:46,599 - INFO - Resetting environment
2025-03-11 22:15:59,833 - INFO - Resetting environment
2025-03-11 22:15:59,833 - INFO - Resetting environment
2025-03-11 22:15:59,834 - INFO - Resetting environment
2025-03-11 22:15:59,835 - INFO - Resetting environment
2025-03-11 22:16:13,378 - INFO - Resetting environment
2025-03-11 22:16:13,379 - INFO - Resetting environment
2025-03-11 22:16:13,380 - INFO - Resetting environment
2025-03-11 22:16:13,381 - INFO - Resetting environment
2025-03-11 22:16:26,226 - INFO - Resetting environment
2025-03-11 22:16:26,227 - INFO - Resetting environment
2025-03-11 22:16:26,228 - INFO - Resetting environment
2025-03-11 22:16:26,228 - INFO - Resetting environment
2025-03-11 22:16:39,512 - INFO - Resetting environment
2025-03-11 22:16:39,513 - INFO - Resetting environment
2025-03-11 22:16:39,513 - INFO - Resetting environment
2025-03-11 22:16:39,514 - INFO - Resetting environment
2025-03-11 22:16:52,769 - INFO - Resetting environment
2025-03-11 22:16:52,770 - INFO - Resetting environment
2025-03-11 22:16:52,770 - INFO - Resetting environment
2025-03-11 22:16:52,771 - INFO - Resetting environment
2025-03-11 22:17:06,028 - INFO - Resetting environment
2025-03-11 22:17:06,029 - INFO - Resetting environment
2025-03-11 22:17:06,029 - INFO - Resetting environment
2025-03-11 22:17:06,030 - INFO - Resetting environment
2025-03-11 22:17:20,213 - INFO - Resetting environment
2025-03-11 22:17:20,214 - INFO - Resetting environment
2025-03-11 22:17:20,215 - INFO - Resetting environment
2025-03-11 22:17:20,215 - INFO - Resetting environment
2025-03-11 22:17:33,224 - INFO - Resetting environment
2025-03-11 22:17:33,225 - INFO - Resetting environment
2025-03-11 22:17:33,225 - INFO - Resetting environment
2025-03-11 22:17:33,226 - INFO - Resetting environment
2025-03-11 22:17:46,627 - INFO - Resetting environment
2025-03-11 22:17:46,628 - INFO - Resetting environment
2025-03-11 22:17:46,629 - INFO - Resetting environment
2025-03-11 22:17:46,629 - INFO - Resetting environment
2025-03-11 22:18:00,143 - INFO - Resetting environment
2025-03-11 22:18:00,144 - INFO - Resetting environment
2025-03-11 22:18:00,145 - INFO - Resetting environment
2025-03-11 22:18:00,145 - INFO - Resetting environment
2025-03-11 22:18:13,486 - INFO - Resetting environment
2025-03-11 22:18:13,486 - INFO - Resetting environment
2025-03-11 22:18:13,487 - INFO - Resetting environment
2025-03-11 22:18:13,487 - INFO - Resetting environment
2025-03-11 22:18:26,598 - INFO - Resetting environment
2025-03-11 22:18:26,599 - INFO - Resetting environment
2025-03-11 22:18:26,599 - INFO - Resetting environment
2025-03-11 22:18:26,600 - INFO - Resetting environment
2025-03-11 22:18:40,001 - INFO - Resetting environment
2025-03-11 22:18:40,002 - INFO - Resetting environment
2025-03-11 22:18:40,003 - INFO - Resetting environment
2025-03-11 22:18:40,004 - INFO - Resetting environment
2025-03-11 22:18:52,862 - INFO - Resetting environment
2025-03-11 22:18:52,864 - INFO - Resetting environment
2025-03-11 22:18:52,864 - INFO - Resetting environment
2025-03-11 22:18:52,865 - INFO - Resetting environment
2025-03-11 22:19:07,124 - INFO - Resetting environment
2025-03-11 22:19:07,125 - INFO - Resetting environment
2025-03-11 22:19:07,126 - INFO - Resetting environment
2025-03-11 22:19:07,126 - INFO - Resetting environment
2025-03-11 22:19:20,290 - INFO - Resetting environment
2025-03-11 22:19:20,291 - INFO - Resetting environment
2025-03-11 22:19:20,291 - INFO - Resetting environment
2025-03-11 22:19:20,292 - INFO - Resetting environment
2025-03-11 22:19:33,300 - INFO - Resetting environment
2025-03-11 22:19:33,301 - INFO - Resetting environment
2025-03-11 22:19:33,302 - INFO - Resetting environment
2025-03-11 22:19:33,303 - INFO - Resetting environment
2025-03-11 22:19:46,421 - INFO - Resetting environment
2025-03-11 22:19:46,422 - INFO - Resetting environment
2025-03-11 22:19:46,422 - INFO - Resetting environment
2025-03-11 22:19:46,423 - INFO - Resetting environment
2025-03-11 22:19:59,191 - INFO - Resetting environment
2025-03-11 22:19:59,191 - INFO - Resetting environment
2025-03-11 22:19:59,192 - INFO - Resetting environment
2025-03-11 22:19:59,192 - INFO - Resetting environment
2025-03-11 22:20:12,534 - INFO - Resetting environment
2025-03-11 22:20:12,535 - INFO - Resetting environment
2025-03-11 22:20:12,536 - INFO - Resetting environment
2025-03-11 22:20:12,536 - INFO - Resetting environment
2025-03-11 22:20:25,688 - INFO - Resetting environment
2025-03-11 22:20:25,690 - INFO - Resetting environment
2025-03-11 22:20:25,691 - INFO - Resetting environment
2025-03-11 22:20:25,691 - INFO - Resetting environment
2025-03-11 22:20:38,563 - INFO - Resetting environment
2025-03-11 22:20:38,564 - INFO - Resetting environment
2025-03-11 22:20:38,565 - INFO - Resetting environment
2025-03-11 22:20:38,565 - INFO - Resetting environment
2025-03-11 22:20:51,575 - INFO - Resetting environment
2025-03-11 22:20:51,575 - INFO - Resetting environment
2025-03-11 22:20:51,576 - INFO - Resetting environment
2025-03-11 22:20:51,577 - INFO - Resetting environment
2025-03-11 22:21:04,365 - INFO - Resetting environment
2025-03-11 22:21:04,367 - INFO - Resetting environment
2025-03-11 22:21:04,367 - INFO - Resetting environment
2025-03-11 22:21:04,368 - INFO - Resetting environment
2025-03-11 22:21:17,575 - INFO - Resetting environment
2025-03-11 22:21:17,576 - INFO - Resetting environment
2025-03-11 22:21:17,576 - INFO - Resetting environment
2025-03-11 22:21:17,577 - INFO - Resetting environment
2025-03-11 22:21:30,828 - INFO - Resetting environment
2025-03-11 22:21:30,830 - INFO - Resetting environment
2025-03-11 22:21:30,830 - INFO - Resetting environment
2025-03-11 22:21:30,831 - INFO - Resetting environment
2025-03-11 22:21:43,813 - INFO - Resetting environment
2025-03-11 22:21:43,814 - INFO - Resetting environment
2025-03-11 22:21:43,815 - INFO - Resetting environment
2025-03-11 22:21:43,815 - INFO - Resetting environment
2025-03-11 22:21:57,023 - INFO - Resetting environment
2025-03-11 22:21:57,024 - INFO - Resetting environment
2025-03-11 22:21:57,025 - INFO - Resetting environment
2025-03-11 22:21:57,025 - INFO - Resetting environment
2025-03-11 22:22:10,395 - INFO - Resetting environment
2025-03-11 22:22:10,397 - INFO - Resetting environment
2025-03-11 22:22:10,398 - INFO - Resetting environment
2025-03-11 22:22:10,399 - INFO - Resetting environment
2025-03-11 22:22:23,340 - INFO - Resetting environment
2025-03-11 22:22:23,341 - INFO - Resetting environment
2025-03-11 22:22:23,342 - INFO - Resetting environment
2025-03-11 22:22:23,343 - INFO - Resetting environment
2025-03-11 22:22:37,044 - INFO - Resetting environment
2025-03-11 22:22:37,046 - INFO - Resetting environment
2025-03-11 22:22:37,047 - INFO - Resetting environment
2025-03-11 22:22:37,048 - INFO - Resetting environment
2025-03-11 22:22:50,176 - INFO - Resetting environment
2025-03-11 22:22:50,177 - INFO - Resetting environment
2025-03-11 22:22:50,178 - INFO - Resetting environment
2025-03-11 22:22:50,178 - INFO - Resetting environment
2025-03-11 22:23:03,472 - INFO - Resetting environment
2025-03-11 22:23:03,473 - INFO - Resetting environment
2025-03-11 22:23:03,473 - INFO - Resetting environment
2025-03-11 22:23:03,474 - INFO - Resetting environment
2025-03-11 22:23:16,955 - INFO - Resetting environment
2025-03-11 22:23:16,956 - INFO - Resetting environment
2025-03-11 22:23:16,957 - INFO - Resetting environment
2025-03-11 22:23:16,957 - INFO - Resetting environment
2025-03-11 22:23:29,763 - INFO - Resetting environment
2025-03-11 22:23:29,763 - INFO - Resetting environment
2025-03-11 22:23:29,764 - INFO - Resetting environment
2025-03-11 22:23:29,765 - INFO - Resetting environment
2025-03-11 22:23:43,785 - INFO - Resetting environment
2025-03-11 22:23:43,787 - INFO - Resetting environment
2025-03-11 22:23:43,787 - INFO - Resetting environment
2025-03-11 22:23:43,788 - INFO - Resetting environment
2025-03-11 22:23:56,931 - INFO - Resetting environment
2025-03-11 22:23:56,931 - INFO - Resetting environment
2025-03-11 22:23:56,932 - INFO - Resetting environment
2025-03-11 22:23:56,933 - INFO - Resetting environment
2025-03-11 22:24:09,749 - INFO - Resetting environment
2025-03-11 22:24:09,751 - INFO - Resetting environment
2025-03-11 22:24:09,751 - INFO - Resetting environment
2025-03-11 22:24:09,752 - INFO - Resetting environment
2025-03-11 22:24:22,861 - INFO - Resetting environment
2025-03-11 22:24:22,863 - INFO - Resetting environment
2025-03-11 22:24:22,864 - INFO - Resetting environment
2025-03-11 22:24:22,864 - INFO - Resetting environment
2025-03-11 22:24:35,745 - INFO - Resetting environment
2025-03-11 22:24:35,746 - INFO - Resetting environment
2025-03-11 22:24:35,746 - INFO - Resetting environment
2025-03-11 22:24:35,747 - INFO - Resetting environment
2025-03-11 22:24:48,904 - INFO - Resetting environment
2025-03-11 22:24:48,904 - INFO - Resetting environment
2025-03-11 22:24:48,905 - INFO - Resetting environment
2025-03-11 22:24:48,905 - INFO - Resetting environment
2025-03-11 22:25:01,811 - INFO - Resetting environment
2025-03-11 22:25:01,813 - INFO - Resetting environment
2025-03-11 22:25:01,814 - INFO - Resetting environment
2025-03-11 22:25:01,814 - INFO - Resetting environment
2025-03-11 22:25:14,687 - INFO - Resetting environment
2025-03-11 22:25:14,688 - INFO - Resetting environment
2025-03-11 22:25:14,689 - INFO - Resetting environment
2025-03-11 22:25:14,689 - INFO - Resetting environment
2025-03-11 22:25:27,663 - INFO - Resetting environment
2025-03-11 22:25:27,664 - INFO - Resetting environment
2025-03-11 22:25:27,664 - INFO - Resetting environment
2025-03-11 22:25:27,665 - INFO - Resetting environment
2025-03-11 22:25:40,794 - INFO - Resetting environment
2025-03-11 22:25:40,796 - INFO - Resetting environment
2025-03-11 22:25:40,797 - INFO - Resetting environment
2025-03-11 22:25:40,797 - INFO - Resetting environment
2025-03-11 22:25:53,624 - INFO - Resetting environment
2025-03-11 22:25:53,625 - INFO - Resetting environment
2025-03-11 22:25:53,626 - INFO - Resetting environment
2025-03-11 22:25:53,626 - INFO - Resetting environment
2025-03-11 22:26:06,583 - INFO - Resetting environment
2025-03-11 22:26:06,584 - INFO - Resetting environment
2025-03-11 22:26:06,585 - INFO - Resetting environment
2025-03-11 22:26:06,585 - INFO - Resetting environment
2025-03-11 22:26:19,279 - INFO - Resetting environment
2025-03-11 22:26:19,280 - INFO - Resetting environment
2025-03-11 22:26:19,281 - INFO - Resetting environment
2025-03-11 22:26:19,282 - INFO - Resetting environment
2025-03-11 22:26:32,219 - INFO - Resetting environment
2025-03-11 22:26:32,219 - INFO - Resetting environment
2025-03-11 22:26:32,220 - INFO - Resetting environment
2025-03-11 22:26:32,220 - INFO - Resetting environment
2025-03-11 22:26:45,366 - INFO - Resetting environment
2025-03-11 22:26:45,367 - INFO - Resetting environment
2025-03-11 22:26:45,368 - INFO - Resetting environment
2025-03-11 22:26:45,368 - INFO - Resetting environment
2025-03-11 22:26:58,094 - INFO - Resetting environment
2025-03-11 22:26:58,096 - INFO - Resetting environment
2025-03-11 22:26:58,096 - INFO - Resetting environment
2025-03-11 22:26:58,097 - INFO - Resetting environment
2025-03-11 22:27:11,770 - INFO - Resetting environment
2025-03-11 22:27:11,771 - INFO - Resetting environment
2025-03-11 22:27:11,772 - INFO - Resetting environment
2025-03-11 22:27:11,773 - INFO - Resetting environment
2025-03-11 22:27:24,781 - INFO - Resetting environment
2025-03-11 22:27:24,782 - INFO - Resetting environment
2025-03-11 22:27:24,782 - INFO - Resetting environment
2025-03-11 22:27:24,783 - INFO - Resetting environment
2025-03-11 22:27:37,492 - INFO - Resetting environment
2025-03-11 22:27:37,494 - INFO - Resetting environment
2025-03-11 22:27:37,494 - INFO - Resetting environment
2025-03-11 22:27:37,495 - INFO - Resetting environment
2025-03-11 22:27:50,381 - INFO - Resetting environment
2025-03-11 22:27:50,381 - INFO - Resetting environment
2025-03-11 22:27:50,382 - INFO - Resetting environment
2025-03-11 22:27:50,383 - INFO - Resetting environment
2025-03-11 22:28:03,024 - INFO - Resetting environment
2025-03-11 22:28:03,025 - INFO - Resetting environment
2025-03-11 22:28:03,026 - INFO - Resetting environment
2025-03-11 22:28:03,026 - INFO - Resetting environment
2025-03-11 22:28:16,005 - INFO - Resetting environment
2025-03-11 22:28:16,007 - INFO - Resetting environment
2025-03-11 22:28:16,008 - INFO - Resetting environment
2025-03-11 22:28:16,008 - INFO - Resetting environment
2025-03-11 22:28:28,937 - INFO - Resetting environment
2025-03-11 22:28:28,937 - INFO - Resetting environment
2025-03-11 22:28:28,938 - INFO - Resetting environment
2025-03-11 22:28:28,939 - INFO - Resetting environment
2025-03-11 22:28:41,653 - INFO - Resetting environment
2025-03-11 22:28:41,654 - INFO - Resetting environment
2025-03-11 22:28:41,655 - INFO - Resetting environment
2025-03-11 22:28:41,655 - INFO - Resetting environment
2025-03-11 22:28:54,585 - INFO - Resetting environment
2025-03-11 22:28:54,587 - INFO - Resetting environment
2025-03-11 22:28:54,587 - INFO - Resetting environment
2025-03-11 22:28:54,588 - INFO - Resetting environment
2025-03-11 22:29:07,542 - INFO - Resetting environment
2025-03-11 22:29:07,542 - INFO - Resetting environment
2025-03-11 22:29:07,543 - INFO - Resetting environment
2025-03-11 22:29:07,544 - INFO - Resetting environment
2025-03-11 22:29:20,202 - INFO - Resetting environment
2025-03-11 22:29:20,203 - INFO - Resetting environment
2025-03-11 22:29:20,203 - INFO - Resetting environment
2025-03-11 22:29:20,204 - INFO - Resetting environment
2025-03-11 22:29:33,126 - INFO - Resetting environment
2025-03-11 22:29:33,127 - INFO - Resetting environment
2025-03-11 22:29:33,128 - INFO - Resetting environment
2025-03-11 22:29:33,128 - INFO - Resetting environment
2025-03-11 22:29:45,793 - INFO - Resetting environment
2025-03-11 22:29:45,795 - INFO - Resetting environment
2025-03-11 22:29:45,796 - INFO - Resetting environment
2025-03-11 22:29:45,796 - INFO - Resetting environment
2025-03-11 22:29:58,719 - INFO - Resetting environment
2025-03-11 22:29:58,719 - INFO - Resetting environment
2025-03-11 22:29:58,720 - INFO - Resetting environment
2025-03-11 22:29:58,721 - INFO - Resetting environment
2025-03-11 22:30:11,788 - INFO - Resetting environment
2025-03-11 22:30:11,789 - INFO - Resetting environment
2025-03-11 22:30:11,789 - INFO - Resetting environment
2025-03-11 22:30:11,790 - INFO - Resetting environment
2025-03-11 22:30:24,468 - INFO - Resetting environment
2025-03-11 22:30:24,469 - INFO - Resetting environment
2025-03-11 22:30:24,470 - INFO - Resetting environment
2025-03-11 22:30:24,470 - INFO - Resetting environment
2025-03-11 22:41:02,578 - INFO - Resetting environment
2025-03-11 22:41:02,580 - INFO - Resetting environment
2025-03-11 22:41:02,580 - INFO - Resetting environment
2025-03-11 22:41:02,581 - INFO - Resetting environment
2025-03-11 22:41:15,625 - INFO - Resetting environment
2025-03-11 22:41:15,626 - INFO - Resetting environment
2025-03-11 22:41:15,627 - INFO - Resetting environment
2025-03-11 22:41:15,628 - INFO - Resetting environment
2025-03-11 22:41:28,291 - INFO - Resetting environment
2025-03-11 22:41:28,291 - INFO - Resetting environment
2025-03-11 22:41:28,292 - INFO - Resetting environment
2025-03-11 22:41:28,292 - INFO - Resetting environment
2025-03-11 22:41:41,201 - INFO - Resetting environment
2025-03-11 22:41:41,202 - INFO - Resetting environment
2025-03-11 22:41:41,203 - INFO - Resetting environment
2025-03-11 22:41:41,203 - INFO - Resetting environment
2025-03-11 22:41:53,881 - INFO - Resetting environment
2025-03-11 22:41:53,882 - INFO - Resetting environment
2025-03-11 22:41:53,883 - INFO - Resetting environment
2025-03-11 22:41:53,884 - INFO - Resetting environment
2025-03-11 22:42:06,816 - INFO - Resetting environment
2025-03-11 22:42:06,816 - INFO - Resetting environment
2025-03-11 22:42:06,817 - INFO - Resetting environment
2025-03-11 22:42:06,817 - INFO - Resetting environment
2025-03-11 22:42:19,748 - INFO - Resetting environment
2025-03-11 22:42:19,748 - INFO - Resetting environment
2025-03-11 22:42:19,749 - INFO - Resetting environment
2025-03-11 22:42:19,750 - INFO - Resetting environment
2025-03-11 22:42:32,420 - INFO - Resetting environment
2025-03-11 22:42:32,422 - INFO - Resetting environment
2025-03-11 22:42:32,422 - INFO - Resetting environment
2025-03-11 22:42:32,423 - INFO - Resetting environment
2025-03-11 22:42:45,339 - INFO - Resetting environment
2025-03-11 22:42:45,340 - INFO - Resetting environment
2025-03-11 22:42:45,340 - INFO - Resetting environment
2025-03-11 22:42:45,341 - INFO - Resetting environment
2025-03-11 22:42:58,262 - INFO - Resetting environment
2025-03-11 22:42:58,262 - INFO - Resetting environment
2025-03-11 22:42:58,263 - INFO - Resetting environment
2025-03-11 22:42:58,264 - INFO - Resetting environment
2025-03-11 22:43:10,928 - INFO - Resetting environment
2025-03-11 22:43:10,929 - INFO - Resetting environment
2025-03-11 22:43:10,929 - INFO - Resetting environment
2025-03-11 22:43:10,930 - INFO - Resetting environment
2025-03-11 22:47:16,643 - INFO - Resetting environment
2025-03-11 22:47:16,644 - INFO - Resetting environment
2025-03-11 22:47:16,644 - INFO - Resetting environment
2025-03-11 22:47:16,645 - INFO - Resetting environment
2025-03-11 22:47:30,088 - INFO - Resetting environment
2025-03-11 22:47:30,089 - INFO - Resetting environment
2025-03-11 22:47:30,090 - INFO - Resetting environment
2025-03-11 22:47:30,090 - INFO - Resetting environment
2025-03-11 22:47:43,085 - INFO - Resetting environment
2025-03-11 22:47:43,086 - INFO - Resetting environment
2025-03-11 22:47:43,087 - INFO - Resetting environment
2025-03-11 22:47:43,088 - INFO - Resetting environment
2025-03-11 22:47:56,267 - INFO - Resetting environment
2025-03-11 22:47:56,268 - INFO - Resetting environment
2025-03-11 22:47:56,269 - INFO - Resetting environment
2025-03-11 22:47:56,269 - INFO - Resetting environment
2025-03-11 22:48:09,352 - INFO - Resetting environment
2025-03-11 22:48:09,354 - INFO - Resetting environment
2025-03-11 22:48:09,355 - INFO - Resetting environment
2025-03-11 22:48:09,355 - INFO - Resetting environment
2025-03-11 22:48:25,824 - INFO - Resetting environment
2025-03-11 22:48:25,825 - INFO - Resetting environment
2025-03-11 22:48:25,826 - INFO - Resetting environment
2025-03-11 22:48:25,827 - INFO - Resetting environment
2025-03-11 22:48:40,361 - INFO - Resetting environment
2025-03-11 22:48:40,363 - INFO - Resetting environment
2025-03-11 22:48:40,363 - INFO - Resetting environment
2025-03-11 22:48:40,364 - INFO - Resetting environment
2025-03-11 22:48:55,260 - INFO - Resetting environment
2025-03-11 22:48:55,262 - INFO - Resetting environment
2025-03-11 22:48:55,263 - INFO - Resetting environment
2025-03-11 22:48:55,264 - INFO - Resetting environment
2025-03-11 22:49:09,865 - INFO - Resetting environment
2025-03-11 22:49:09,866 - INFO - Resetting environment
2025-03-11 22:49:09,867 - INFO - Resetting environment
2025-03-11 22:49:09,868 - INFO - Resetting environment
2025-03-11 22:49:23,363 - INFO - Resetting environment
2025-03-11 22:49:23,365 - INFO - Resetting environment
2025-03-11 22:49:23,365 - INFO - Resetting environment
2025-03-11 22:49:23,366 - INFO - Resetting environment
2025-03-11 22:49:36,493 - INFO - Resetting environment
2025-03-11 22:49:36,493 - INFO - Resetting environment
2025-03-11 22:49:36,494 - INFO - Resetting environment
2025-03-11 22:49:36,495 - INFO - Resetting environment
2025-03-11 22:49:49,752 - INFO - Resetting environment
2025-03-11 22:49:49,753 - INFO - Resetting environment
2025-03-11 22:49:49,754 - INFO - Resetting environment
2025-03-11 22:49:49,754 - INFO - Resetting environment
2025-03-11 22:50:03,276 - INFO - Resetting environment
2025-03-11 22:50:03,277 - INFO - Resetting environment
2025-03-11 22:50:03,278 - INFO - Resetting environment
2025-03-11 22:50:03,279 - INFO - Resetting environment
2025-03-11 22:50:16,500 - INFO - Resetting environment
2025-03-11 22:50:16,500 - INFO - Resetting environment
2025-03-11 22:50:16,501 - INFO - Resetting environment
2025-03-11 22:50:16,502 - INFO - Resetting environment
2025-03-11 22:50:31,518 - INFO - Resetting environment
2025-03-11 22:50:31,520 - INFO - Resetting environment
2025-03-11 22:50:31,520 - INFO - Resetting environment
2025-03-11 22:50:31,521 - INFO - Resetting environment
2025-03-11 22:50:45,377 - INFO - Resetting environment
2025-03-11 22:50:45,378 - INFO - Resetting environment
2025-03-11 22:50:45,379 - INFO - Resetting environment
2025-03-11 22:50:45,380 - INFO - Resetting environment
2025-03-11 22:50:59,568 - INFO - Resetting environment
2025-03-11 22:50:59,569 - INFO - Resetting environment
2025-03-11 22:50:59,570 - INFO - Resetting environment
2025-03-11 22:50:59,572 - INFO - Resetting environment
2025-03-11 22:51:12,307 - INFO - Resetting environment
2025-03-11 22:51:12,308 - INFO - Resetting environment
2025-03-11 22:51:12,308 - INFO - Resetting environment
2025-03-11 22:51:12,309 - INFO - Resetting environment
2025-03-11 22:51:25,265 - INFO - Resetting environment
2025-03-11 22:51:25,266 - INFO - Resetting environment
2025-03-11 22:51:25,266 - INFO - Resetting environment
2025-03-11 22:51:25,267 - INFO - Resetting environment
2025-03-11 22:51:38,212 - INFO - Resetting environment
2025-03-11 22:51:38,213 - INFO - Resetting environment
2025-03-11 22:51:38,214 - INFO - Resetting environment
2025-03-11 22:51:38,214 - INFO - Resetting environment
2025-03-11 22:51:51,005 - INFO - Resetting environment
2025-03-11 22:51:51,006 - INFO - Resetting environment
2025-03-11 22:51:51,007 - INFO - Resetting environment
2025-03-11 22:51:51,008 - INFO - Resetting environment
2025-03-11 22:52:04,189 - INFO - Resetting environment
2025-03-11 22:52:04,190 - INFO - Resetting environment
2025-03-11 22:52:04,191 - INFO - Resetting environment
2025-03-11 22:52:04,192 - INFO - Resetting environment
2025-03-11 22:52:17,157 - INFO - Resetting environment
2025-03-11 22:52:17,158 - INFO - Resetting environment
2025-03-11 22:52:17,158 - INFO - Resetting environment
2025-03-11 22:52:17,159 - INFO - Resetting environment
2025-03-11 22:52:29,883 - INFO - Resetting environment
2025-03-11 22:52:29,883 - INFO - Resetting environment
2025-03-11 22:52:29,884 - INFO - Resetting environment
2025-03-11 22:52:29,885 - INFO - Resetting environment
2025-03-11 22:52:42,846 - INFO - Resetting environment
2025-03-11 22:52:42,846 - INFO - Resetting environment
2025-03-11 22:52:42,847 - INFO - Resetting environment
2025-03-11 22:52:42,847 - INFO - Resetting environment
2025-03-11 22:52:55,524 - INFO - Resetting environment
2025-03-11 22:52:55,524 - INFO - Resetting environment
2025-03-11 22:52:55,525 - INFO - Resetting environment
2025-03-11 22:52:55,525 - INFO - Resetting environment
2025-03-11 22:53:08,641 - INFO - Resetting environment
2025-03-11 22:53:08,642 - INFO - Resetting environment
2025-03-11 22:53:08,643 - INFO - Resetting environment
2025-03-11 22:53:08,643 - INFO - Resetting environment
2025-03-11 23:04:01,965 - INFO - Resetting environment
2025-03-11 23:04:01,967 - INFO - Resetting environment
2025-03-11 23:04:01,967 - INFO - Resetting environment
2025-03-11 23:04:01,968 - INFO - Resetting environment
2025-03-11 23:04:15,431 - INFO - Resetting environment
2025-03-11 23:04:15,432 - INFO - Resetting environment
2025-03-11 23:04:15,433 - INFO - Resetting environment
2025-03-11 23:04:15,433 - INFO - Resetting environment
2025-03-11 23:04:29,469 - INFO - Resetting environment
2025-03-11 23:04:29,470 - INFO - Resetting environment
2025-03-11 23:04:29,470 - INFO - Resetting environment
2025-03-11 23:04:29,471 - INFO - Resetting environment
2025-03-11 23:04:42,906 - INFO - Resetting environment
2025-03-11 23:04:42,907 - INFO - Resetting environment
2025-03-11 23:04:42,907 - INFO - Resetting environment
2025-03-11 23:04:42,908 - INFO - Resetting environment
2025-03-11 23:04:55,619 - INFO - Resetting environment
2025-03-11 23:04:55,620 - INFO - Resetting environment
2025-03-11 23:04:55,621 - INFO - Resetting environment
2025-03-11 23:04:55,621 - INFO - Resetting environment
2025-03-11 23:05:08,626 - INFO - Resetting environment
2025-03-11 23:05:08,627 - INFO - Resetting environment
2025-03-11 23:05:08,627 - INFO - Resetting environment
2025-03-11 23:05:08,628 - INFO - Resetting environment
2025-03-11 23:05:21,361 - INFO - Resetting environment
2025-03-11 23:05:21,362 - INFO - Resetting environment
2025-03-11 23:05:21,363 - INFO - Resetting environment
2025-03-11 23:05:21,363 - INFO - Resetting environment
2025-03-11 23:05:34,323 - INFO - Resetting environment
2025-03-11 23:05:34,325 - INFO - Resetting environment
2025-03-11 23:05:34,325 - INFO - Resetting environment
2025-03-11 23:05:34,326 - INFO - Resetting environment
2025-03-11 23:05:47,434 - INFO - Resetting environment
2025-03-11 23:05:47,435 - INFO - Resetting environment
2025-03-11 23:05:47,435 - INFO - Resetting environment
2025-03-11 23:05:47,436 - INFO - Resetting environment
2025-03-11 23:06:00,142 - INFO - Resetting environment
2025-03-11 23:06:00,143 - INFO - Resetting environment
2025-03-11 23:06:00,143 - INFO - Resetting environment
2025-03-11 23:06:00,144 - INFO - Resetting environment
2025-03-11 23:06:13,124 - INFO - Resetting environment
2025-03-11 23:06:13,125 - INFO - Resetting environment
2025-03-11 23:06:13,126 - INFO - Resetting environment
2025-03-11 23:06:13,126 - INFO - Resetting environment
2025-03-11 23:06:26,112 - INFO - Resetting environment
2025-03-11 23:06:26,113 - INFO - Resetting environment
2025-03-11 23:06:26,113 - INFO - Resetting environment
2025-03-11 23:06:26,114 - INFO - Resetting environment
2025-03-11 23:06:38,952 - INFO - Resetting environment
2025-03-11 23:06:38,953 - INFO - Resetting environment
2025-03-11 23:06:38,954 - INFO - Resetting environment
2025-03-11 23:06:38,954 - INFO - Resetting environment
2025-03-11 23:07:10,004 - INFO - Resetting environment
2025-03-11 23:07:10,005 - INFO - Resetting environment
2025-03-11 23:07:10,007 - INFO - Resetting environment
2025-03-11 23:07:10,007 - INFO - Resetting environment
2025-03-11 23:07:23,478 - INFO - Resetting environment
2025-03-11 23:07:23,479 - INFO - Resetting environment
2025-03-11 23:07:23,479 - INFO - Resetting environment
2025-03-11 23:07:23,480 - INFO - Resetting environment
2025-03-11 23:07:37,065 - INFO - Resetting environment
2025-03-11 23:07:37,066 - INFO - Resetting environment
2025-03-11 23:07:37,067 - INFO - Resetting environment
2025-03-11 23:07:37,067 - INFO - Resetting environment
2025-03-11 23:07:54,006 - INFO - Resetting environment
2025-03-11 23:07:54,007 - INFO - Resetting environment
2025-03-11 23:07:54,009 - INFO - Resetting environment
2025-03-11 23:07:54,010 - INFO - Resetting environment
2025-03-11 23:08:07,687 - INFO - Resetting environment
2025-03-11 23:08:07,688 - INFO - Resetting environment
2025-03-11 23:08:07,689 - INFO - Resetting environment
2025-03-11 23:08:07,689 - INFO - Resetting environment
2025-03-11 23:08:21,043 - INFO - Resetting environment
2025-03-11 23:08:21,044 - INFO - Resetting environment
2025-03-11 23:08:21,044 - INFO - Resetting environment
2025-03-11 23:08:21,045 - INFO - Resetting environment
2025-03-11 23:08:34,262 - INFO - Resetting environment
2025-03-11 23:08:34,263 - INFO - Resetting environment
2025-03-11 23:08:34,263 - INFO - Resetting environment
2025-03-11 23:08:34,264 - INFO - Resetting environment
2025-03-11 23:08:47,245 - INFO - Resetting environment
2025-03-11 23:08:47,247 - INFO - Resetting environment
2025-03-11 23:08:47,247 - INFO - Resetting environment
2025-03-11 23:08:47,248 - INFO - Resetting environment
2025-03-11 23:09:00,677 - INFO - Resetting environment
2025-03-11 23:09:00,678 - INFO - Resetting environment
2025-03-11 23:09:00,679 - INFO - Resetting environment
2025-03-11 23:09:00,679 - INFO - Resetting environment
2025-03-11 23:09:13,639 - INFO - Resetting environment
2025-03-11 23:09:13,640 - INFO - Resetting environment
2025-03-11 23:09:13,641 - INFO - Resetting environment
2025-03-11 23:09:13,641 - INFO - Resetting environment
2025-03-11 23:09:26,939 - INFO - Resetting environment
2025-03-11 23:09:26,940 - INFO - Resetting environment
2025-03-11 23:09:26,941 - INFO - Resetting environment
2025-03-11 23:09:26,941 - INFO - Resetting environment
2025-03-11 23:09:40,133 - INFO - Resetting environment
2025-03-11 23:09:40,134 - INFO - Resetting environment
2025-03-11 23:09:40,134 - INFO - Resetting environment
2025-03-11 23:09:40,135 - INFO - Resetting environment
2025-03-11 23:09:53,085 - INFO - Resetting environment
2025-03-11 23:09:53,086 - INFO - Resetting environment
2025-03-11 23:09:53,087 - INFO - Resetting environment
2025-03-11 23:09:53,087 - INFO - Resetting environment
2025-03-11 23:10:06,342 - INFO - Resetting environment
2025-03-11 23:10:06,344 - INFO - Resetting environment
2025-03-11 23:10:06,344 - INFO - Resetting environment
2025-03-11 23:10:06,345 - INFO - Resetting environment
2025-03-11 23:10:19,892 - INFO - Resetting environment
2025-03-11 23:10:19,893 - INFO - Resetting environment
2025-03-11 23:10:19,894 - INFO - Resetting environment
2025-03-11 23:10:19,894 - INFO - Resetting environment
2025-03-11 23:10:32,888 - INFO - Resetting environment
2025-03-11 23:10:32,889 - INFO - Resetting environment
2025-03-11 23:10:32,889 - INFO - Resetting environment
2025-03-11 23:10:32,890 - INFO - Resetting environment
