2025-02-12 20:22:22,822 - INFO - Initializing StockTradingEnv
2025-02-12 20:22:22,823 - INFO - Starting data preprocessing with 1648 rows
2025-02-12 20:22:22,835 - INFO - Numeric conversion completed for columns: ['Open', 'High', 'Low', 'Ltp', 'Qty', 'Turnover', '% Change']
2025-02-12 20:22:22,835 - INFO - Converting dates and sorting data
2025-02-12 20:22:22,842 - INFO - Initializing market regime detector
2025-02-12 20:22:22,842 - INFO - Initializing MarketRegimeDetector with 2 states
2025-02-12 20:22:22,843 - INFO - Computing technical indicators
2025-02-12 20:22:22,881 - INFO - Technical indicators computed in 0.038 seconds
2025-02-12 20:22:22,882 - INFO - Fitting market regimes
2025-02-12 20:22:22,883 - INFO - Starting HMM model fitting
2025-02-12 20:22:23,080 - INFO - HMM fitting completed in 0.197 seconds
2025-02-12 20:22:23,081 - INFO - Model score: -3583.317
2025-02-12 20:22:23,082 - INFO - Regime 0: 1026 samples (62.26%)
2025-02-12 20:22:23,082 - INFO - Regime 1: 622 samples (37.74%)
2025-02-12 20:22:23,082 - INFO - Market regimes fitted in 0.200 seconds
2025-02-12 20:22:23,083 - INFO - Environment initialization completed in 0.261 seconds
2025-02-12 20:22:23,084 - INFO - Data shape: (1648, 22), Date range: 2014-10-14 to 2022-07-07
2025-02-12 20:22:24,561 - INFO - Initializing StockTradingEnv
2025-02-12 20:22:24,561 - INFO - Starting data preprocessing with 1648 rows
2025-02-12 20:22:24,564 - INFO - Numeric conversion completed for columns: ['Open', 'High', 'Low', 'Ltp', 'Qty', 'Turnover', '% Change']
2025-02-12 20:22:24,565 - INFO - Converting dates and sorting data
2025-02-12 20:22:24,569 - INFO - Initializing market regime detector
2025-02-12 20:22:24,570 - INFO - Initializing MarketRegimeDetector with 2 states
2025-02-12 20:22:24,570 - INFO - Computing technical indicators
2025-02-12 20:22:24,605 - INFO - Technical indicators computed in 0.035 seconds
2025-02-12 20:22:24,606 - INFO - Fitting market regimes
2025-02-12 20:22:24,607 - INFO - Starting HMM model fitting
2025-02-12 20:22:24,786 - INFO - HMM fitting completed in 0.180 seconds
2025-02-12 20:22:24,788 - INFO - Model score: -3582.130
2025-02-12 20:22:24,788 - INFO - Regime 0: 622 samples (37.74%)
2025-02-12 20:22:24,789 - INFO - Regime 1: 1026 samples (62.26%)
2025-02-12 20:22:24,789 - INFO - Market regimes fitted in 0.183 seconds
2025-02-12 20:22:24,790 - INFO - Environment initialization completed in 0.229 seconds
2025-02-12 20:22:24,790 - INFO - Data shape: (1648, 22), Date range: 2014-10-14 to 2022-07-07
2025-02-12 20:22:24,791 - INFO - Initializing StockTradingEnv
2025-02-12 20:22:24,791 - INFO - Starting data preprocessing with 1648 rows
2025-02-12 20:22:24,794 - INFO - Numeric conversion completed for columns: ['Open', 'High', 'Low', 'Ltp', 'Qty', 'Turnover', '% Change']
2025-02-12 20:22:24,794 - INFO - Converting dates and sorting data
2025-02-12 20:22:24,798 - INFO - Initializing market regime detector
2025-02-12 20:22:24,798 - INFO - Initializing MarketRegimeDetector with 2 states
2025-02-12 20:22:24,799 - INFO - Computing technical indicators
2025-02-12 20:22:24,831 - INFO - Technical indicators computed in 0.032 seconds
2025-02-12 20:22:24,832 - INFO - Fitting market regimes
2025-02-12 20:22:24,832 - INFO - Starting HMM model fitting
2025-02-12 20:22:25,005 - INFO - HMM fitting completed in 0.173 seconds
2025-02-12 20:22:25,007 - INFO - Model score: -3582.130
2025-02-12 20:22:25,007 - INFO - Regime 0: 622 samples (37.74%)
2025-02-12 20:22:25,008 - INFO - Regime 1: 1026 samples (62.26%)
2025-02-12 20:22:25,008 - INFO - Market regimes fitted in 0.176 seconds
2025-02-12 20:22:25,008 - INFO - Environment initialization completed in 0.217 seconds
2025-02-12 20:22:25,009 - INFO - Data shape: (1648, 22), Date range: 2014-10-14 to 2022-07-07
2025-02-12 20:22:25,010 - INFO - Initializing StockTradingEnv
2025-02-12 20:22:25,010 - INFO - Starting data preprocessing with 1648 rows
2025-02-12 20:22:25,012 - INFO - Numeric conversion completed for columns: ['Open', 'High', 'Low', 'Ltp', 'Qty', 'Turnover', '% Change']
2025-02-12 20:22:25,013 - INFO - Converting dates and sorting data
2025-02-12 20:22:25,016 - INFO - Initializing market regime detector
2025-02-12 20:22:25,016 - INFO - Initializing MarketRegimeDetector with 2 states
2025-02-12 20:22:25,016 - INFO - Computing technical indicators
2025-02-12 20:22:25,045 - INFO - Technical indicators computed in 0.028 seconds
2025-02-12 20:22:25,045 - INFO - Fitting market regimes
2025-02-12 20:22:25,045 - INFO - Starting HMM model fitting
2025-02-12 20:22:25,220 - INFO - HMM fitting completed in 0.174 seconds
2025-02-12 20:22:25,221 - INFO - Model score: -3582.130
2025-02-12 20:22:25,222 - INFO - Regime 0: 622 samples (37.74%)
2025-02-12 20:22:25,222 - INFO - Regime 1: 1026 samples (62.26%)
2025-02-12 20:22:25,222 - INFO - Market regimes fitted in 0.177 seconds
2025-02-12 20:22:25,223 - INFO - Environment initialization completed in 0.213 seconds
2025-02-12 20:22:25,223 - INFO - Data shape: (1648, 22), Date range: 2014-10-14 to 2022-07-07
2025-02-12 20:22:25,224 - INFO - Initializing StockTradingEnv
2025-02-12 20:22:25,225 - INFO - Starting data preprocessing with 1648 rows
2025-02-12 20:22:25,227 - INFO - Numeric conversion completed for columns: ['Open', 'High', 'Low', 'Ltp', 'Qty', 'Turnover', '% Change']
2025-02-12 20:22:25,227 - INFO - Converting dates and sorting data
2025-02-12 20:22:25,230 - INFO - Initializing market regime detector
2025-02-12 20:22:25,230 - INFO - Initializing MarketRegimeDetector with 2 states
2025-02-12 20:22:25,231 - INFO - Computing technical indicators
2025-02-12 20:22:25,260 - INFO - Technical indicators computed in 0.029 seconds
2025-02-12 20:22:25,261 - INFO - Fitting market regimes
2025-02-12 20:22:25,261 - INFO - Starting HMM model fitting
2025-02-12 20:22:25,436 - INFO - HMM fitting completed in 0.175 seconds
2025-02-12 20:22:25,438 - INFO - Model score: -3582.130
2025-02-12 20:22:25,438 - INFO - Regime 0: 622 samples (37.74%)
2025-02-12 20:22:25,438 - INFO - Regime 1: 1026 samples (62.26%)
2025-02-12 20:22:25,439 - INFO - Market regimes fitted in 0.178 seconds
2025-02-12 20:22:25,439 - INFO - Environment initialization completed in 0.215 seconds
2025-02-12 20:22:25,440 - INFO - Data shape: (1648, 22), Date range: 2014-10-14 to 2022-07-07
2025-02-12 20:22:25,471 - INFO - Resetting environment
2025-02-12 20:22:25,473 - INFO - Resetting environment
2025-02-12 20:22:25,474 - INFO - Resetting environment
2025-02-12 20:22:25,477 - INFO - Resetting environment
2025-02-12 20:22:36,344 - INFO - Resetting environment
2025-02-12 20:22:36,345 - INFO - Resetting environment
2025-02-12 20:22:36,347 - INFO - Resetting environment
2025-02-12 20:22:36,348 - INFO - Resetting environment
2025-02-12 20:22:47,393 - INFO - Resetting environment
2025-02-12 20:22:47,394 - INFO - Resetting environment
2025-02-12 20:22:47,396 - INFO - Resetting environment
2025-02-12 20:22:47,398 - INFO - Resetting environment
2025-02-12 20:22:59,002 - INFO - Resetting environment
2025-02-12 20:22:59,003 - INFO - Resetting environment
2025-02-12 20:22:59,005 - INFO - Resetting environment
2025-02-12 20:22:59,006 - INFO - Resetting environment
